#
# A fatal error has been detected by the Java Runtime Environment:
#
#  EXCEPTION_ACCESS_VIOLATION (0xc0000005) at pc=0x00007fffd8a36c84, pid=9148, tid=17676
#
# JRE version: Java(TM) SE Runtime Environment (19.0.1+10) (build 19.0.1+10-21)
# Java VM: Java HotSpot(TM) 64-Bit Server VM (19.0.1+10-21, mixed mode, sharing, tiered, compressed oops, compressed class ptrs, g1 gc, windows-amd64)
# Problematic frame:
# C  [jdwp.dll+0x26c84]
#
# No core dump will be written. Minidumps are not enabled by default on client versions of Windows
#
# If you would like to submit a bug report, please visit:
#   https://bugreport.java.com/bugreport/crash.jsp
# The crash happened outside the Java Virtual Machine in native code.
# See problematic frame for where to report the bug.
#

---------------  S U M M A R Y ------------

Command Line: -agentlib:jdwp=transport=dt_socket,address=127.0.0.1:57807,suspend=y,server=n -javaagent:C:\Users\User\AppData\Local\JetBrains\IdeaIC2022.2\captureAgent\debugger-agent.jar -Dfile.encoding=UTF-8 -Dsun.stdout.encoding=UTF-8 -Dsun.stderr.encoding=UTF-8 main.gameengine.GameEngine

Host: Intel(R) Core(TM) i5-8250U CPU @ 1.60GHz, 8 cores, 11G,  Windows 10 , 64 bit Build 19041 (10.0.19041.546)
Time: Sat Jun  3 16:21:02 2023 Syria Daylight Time elapsed time: 1.430148 seconds (0d 0h 0m 1s)

---------------  T H R E A D  ---------------

Current thread (0x000002ca0e7c21f0):  JavaThread "main" [_thread_in_native, id=17676, stack(0x000000e4a6400000,0x000000e4a6500000)]

Stack: [0x000000e4a6400000,0x000000e4a6500000],  sp=0x000000e4a64fe728,  free space=1017k
Native frames: (J=compiled Java code, j=interpreted, Vv=VM code, C=native code)
C  [jdwp.dll+0x26c84]

Java frames: (J=compiled Java code, j=interpreted, Vv=VM code)
j  org.lwjgl.glfw.GLFW.glfwInit()Z+0
j  main.renderengine.WindowManager.createWindow()V+0
j  main.gameengine.GameEngine.main([Ljava/lang/String;)V+0
v  ~StubRoutines::call_stub 0x000002ca1dc6100e

siginfo: EXCEPTION_ACCESS_VIOLATION (0xc0000005), reading address 0xffffffffffffffff


Registers:
RAX=0x000002ca33e120b0, RBX=0x000002ca2f515ef0, RCX=0x000002ca0e7c24d0, RDX=0x000002ca2f515ef0
RSP=0x000000e4a64fe728, RBP=0x0000000000000002, RSI=0x000000e4a64fe7d0, RDI=0x000002ca0e7c24d0
R8 =0x0000000000010002, R9 =0x0000000000000000, R10=0x00007fffff8f0000, R11=0x000000e4a64fe6f8
R12=0x0000000000000007, R13=0x000002ca0e7ab520, R14=0x00007fffd8a40300, R15=0x0000000000000000
RIP=0x00007fffd8a36c84, EFLAGS=0x0000000000010202


Register to memory mapping:

RIP=0x00007fffd8a36c84 jdwp.dll
RAX=0x000002ca33e120b0 points into unknown readable memory: 0x0000000000000000 | 00 00 00 00 00 00 00 00
RBX=0x000002ca2f515ef0 points into unknown readable memory: 0x000000074dc0a4b0 | b0 a4 c0 4d 07 00 00 00
RCX=0x000002ca0e7c24d0 points into unknown readable memory: 0x000002ca33e120b0 | b0 20 e1 33 ca 02 00 00
RDX=0x000002ca2f515ef0 points into unknown readable memory: 0x000000074dc0a4b0 | b0 a4 c0 4d 07 00 00 00
RSP=0x000000e4a64fe728 is pointing into the stack for thread: 0x000002ca0e7c21f0
RBP=0x0000000000000002 is an unknown value
RSI=0x000000e4a64fe7d0 is pointing into the stack for thread: 0x000002ca0e7c21f0
RDI=0x000002ca0e7c24d0 points into unknown readable memory: 0x000002ca33e120b0 | b0 20 e1 33 ca 02 00 00
R8 =0x0000000000010002 is an unknown value
R9 =0x0 is NULL
R10=0x00007fffff8f0000 VCRUNTIME140.dll
R11=0x000000e4a64fe6f8 is pointing into the stack for thread: 0x000002ca0e7c21f0
R12=0x0000000000000007 is an unknown value
R13=0x000002ca0e7ab520 points into unknown readable memory: 0x00007fffd9908ff0 | f0 8f 90 d9 ff 7f 00 00
R14=0x00007fffd8a40300 jdwp.dll
R15=0x0 is NULL


Top of Stack: (sp=0x000000e4a64fe728)
0x000000e4a64fe728:   00007fffd8a25bd1 000002ca2f515ef0
0x000000e4a64fe738:   000000e4a64fe7d0 0000000000000000
0x000000e4a64fe748:   0000000000000000 00007fffd98eecd0
0x000000e4a64fe758:   000000000000450c 000002ca2f515ef0
0x000000e4a64fe768:   00007fffd8a40328 0000000000000000
0x000000e4a64fe778:   00007fffd8a2272f 000002ca2f515ef0
0x000000e4a64fe788:   0000000000000002 000002ca0e7c24d0
0x000000e4a64fe798:   000002ca2f515ef8 0000000533a40100
0x000000e4a64fe7a8:   00007fffd903685f 0000000000000000
0x000000e4a64fe7b8:   00007fffd9182b2f 000000e4a64fe820
0x000000e4a64fe7c8:   00007fffd903a286 0000000000000007
0x000000e4a64fe7d8:   000002ca2f515ef0 0000000000000000
0x000000e4a64fe7e8:   000002ca2f515ef8 0000000000000000
0x000000e4a64fe7f8:   0000000000000000 0000000000000000
0x000000e4a64fe808:   0000000000000000 0000000000000000
0x000000e4a64fe818:   0000000000000000 0000000000000000 

Instructions: (pc=0x00007fffd8a36c84)
0x00007fffd8a36b84:   05 d7 05 01 00 48 8b 03 48 8b d7 4d 8b 40 30 48
0x00007fffd8a36b94:   8b cb 48 8b 5c 24 30 48 83 c4 20 5f 48 ff a0 00
0x00007fffd8a36ba4:   01 00 00 cc 48 89 5c 24 08 57 48 83 ec 20 48 8b
0x00007fffd8a36bb4:   f9 e8 f2 ea ff ff 4c 8b 05 9f 05 01 00 48 8b d8
0x00007fffd8a36bc4:   41 f6 80 18 02 00 00 02 74 33 41 b8 21 06 00 00
0x00007fffd8a36bd4:   48 8d 15 8d bf 00 00 48 8d 0d 22 58 00 00 e8 89
0x00007fffd8a36be4:   41 ff ff 48 8d 15 ea 95 00 00 48 8d 0d 23 58 00
0x00007fffd8a36bf4:   00 e8 1e 42 ff ff 4c 8b 05 5f 05 01 00 48 8b 03
0x00007fffd8a36c04:   48 8b d7 4d 8b 40 38 48 8b cb 48 8b 5c 24 30 48
0x00007fffd8a36c14:   83 c4 20 5f 48 ff a0 00 01 00 00 cc 48 89 5c 24
0x00007fffd8a36c24:   08 57 48 83 ec 20 48 8b f9 e8 7a ea ff ff 48 8b
0x00007fffd8a36c34:   15 27 05 01 00 48 8b d8 f6 82 18 02 00 00 02 74
0x00007fffd8a36c44:   2c 41 b8 13 06 00 00 48 8d 15 16 bf 00 00 48 8d
0x00007fffd8a36c54:   0d ab 57 00 00 e8 12 41 ff ff 48 8d 15 8b 68 00
0x00007fffd8a36c64:   00 48 8d 0d ac 57 00 00 e8 a7 41 ff ff 48 8b 03
0x00007fffd8a36c74:   48 8b d7 48 8b cb 48 8b 5c 24 30 48 83 c4 20 5f
0x00007fffd8a36c84:   48 ff a0 50 07 00 00 cc 48 89 5c 24 08 48 89 74
0x00007fffd8a36c94:   24 10 48 89 7c 24 18 41 56 48 83 ec 20 4c 63 f2
0x00007fffd8a36ca4:   49 8b d8 48 8b d1 41 8b f9 48 8b cb 4d 8d 46 ff
0x00007fffd8a36cb4:   ff 15 b6 55 00 00 85 c0 75 3c 41 0f be 44 1e ff
0x00007fffd8a36cc4:   3b c7 75 32 49 03 de eb 10 0f be c8 ff 15 8a 55
0x00007fffd8a36cd4:   00 00 85 c0 74 09 48 ff c3 8a 03 84 c0 75 ea 80
0x00007fffd8a36ce4:   3b 3b 74 12 8b d7 48 8b cb e8 a0 4a 00 00 48 85
0x00007fffd8a36cf4:   c0 0f 94 c0 eb 02 32 c0 48 8b 5c 24 30 48 8b 74
0x00007fffd8a36d04:   24 38 48 8b 7c 24 40 48 83 c4 20 41 5e c3 cc cc
0x00007fffd8a36d14:   0f b6 d1 83 fa 1e 0f 87 83 00 00 00 74 7b 83 fa
0x00007fffd8a36d24:   07 77 41 74 39 83 ea 01 74 2e 83 ea 01 74 23 83
0x00007fffd8a36d34:   ea 01 74 18 83 ea 01 74 0d 83 fa 02 0f 85 8a 00
0x00007fffd8a36d44:   00 00 8d 42 03 c3 b8 04 00 00 00 c3 b8 03 00 00
0x00007fffd8a36d54:   00 c3 b8 02 00 00 00 c3 b8 01 00 00 00 c3 b8 06
0x00007fffd8a36d64:   00 00 00 c3 b8 08 00 00 00 2b d0 74 26 83 ea 01
0x00007fffd8a36d74:   0f 84 88 00 00 00 83 ea 01 74 12 b8 0a 00 00 00 


Stack slot to memory mapping:
stack at sp + 0 slots: 0x00007fffd8a25bd1 jdwp.dll
stack at sp + 1 slots: 0x000002ca2f515ef0 points into unknown readable memory: 0x000000074dc0a4b0 | b0 a4 c0 4d 07 00 00 00
stack at sp + 2 slots: 0x000000e4a64fe7d0 is pointing into the stack for thread: 0x000002ca0e7c21f0
stack at sp + 3 slots: 0x0 is NULL
stack at sp + 4 slots: 0x0 is NULL
stack at sp + 5 slots: 0x00007fffd98eecd0 jvm.dll
stack at sp + 6 slots: 0x000000000000450c is an unknown value
stack at sp + 7 slots: 0x000002ca2f515ef0 points into unknown readable memory: 0x000000074dc0a4b0 | b0 a4 c0 4d 07 00 00 00


---------------  P R O C E S S  ---------------

Threads class SMR info:
_java_thread_list=0x000002ca33af8780, length=17, elements={
0x000002ca0e7c21f0, 0x000002ca2f52e490, 0x000002ca2f531190, 0x000002ca2f532860,
0x000002ca2f5341a0, 0x000002ca2f536ae0, 0x000002ca2f537550, 0x000002ca2f53b7f0,
0x000002ca2f546400, 0x000002ca2f55a550, 0x000002ca2f501230, 0x000002ca33929c90,
0x000002ca3392e660, 0x000002ca33a8c970, 0x000002ca33979770, 0x000002ca33bfe710,
0x000002ca33ae3f00
}

Java Threads: ( => current thread )
=>0x000002ca0e7c21f0 JavaThread "main" [_thread_in_native, id=17676, stack(0x000000e4a6400000,0x000000e4a6500000)]
  0x000002ca2f52e490 JavaThread "Reference Handler" daemon [_thread_blocked, id=5924, stack(0x000000e4a6b00000,0x000000e4a6c00000)]
  0x000002ca2f531190 JavaThread "Finalizer" daemon [_thread_blocked, id=21700, stack(0x000000e4a6c00000,0x000000e4a6d00000)]
  0x000002ca2f532860 JavaThread "Signal Dispatcher" daemon [_thread_blocked, id=15876, stack(0x000000e4a6d00000,0x000000e4a6e00000)]
  0x000002ca2f5341a0 JavaThread "Attach Listener" daemon [_thread_blocked, id=16156, stack(0x000000e4a6e00000,0x000000e4a6f00000)]
  0x000002ca2f536ae0 JavaThread "Service Thread" daemon [_thread_blocked, id=22692, stack(0x000000e4a6f00000,0x000000e4a7000000)]
  0x000002ca2f537550 JavaThread "Monitor Deflation Thread" daemon [_thread_blocked, id=7788, stack(0x000000e4a7000000,0x000000e4a7100000)]
  0x000002ca2f53b7f0 JavaThread "C2 CompilerThread0" daemon [_thread_blocked, id=22460, stack(0x000000e4a7100000,0x000000e4a7200000)]
  0x000002ca2f546400 JavaThread "C1 CompilerThread0" daemon [_thread_blocked, id=26208, stack(0x000000e4a7200000,0x000000e4a7300000)]
  0x000002ca2f55a550 JavaThread "Sweeper thread" daemon [_thread_blocked, id=6040, stack(0x000000e4a7300000,0x000000e4a7400000)]
  0x000002ca2f501230 JavaThread "Common-Cleaner" daemon [_thread_blocked, id=25964, stack(0x000000e4a7400000,0x000000e4a7500000)]
  0x000002ca33929c90 JavaThread "JDWP Transport Listener: dt_socket" daemon [_thread_blocked, id=20824, stack(0x000000e4a7500000,0x000000e4a7600000)]
  0x000002ca3392e660 JavaThread "JDWP Event Helper Thread" daemon [_thread_blocked, id=12396, stack(0x000000e4a7600000,0x000000e4a7700000)]
  0x000002ca33a8c970 JavaThread "JDWP Command Reader" daemon [_thread_in_native, id=26228, stack(0x000000e4a7700000,0x000000e4a7800000)]
  0x000002ca33979770 JavaThread "Notification Thread" daemon [_thread_blocked, id=7556, stack(0x000000e4a7800000,0x000000e4a7900000)]
  0x000002ca33bfe710 JavaThread "C2 CompilerThread1" daemon [_thread_blocked, id=15788, stack(0x000000e4a7a00000,0x000000e4a7b00000)]
  0x000002ca33ae3f00 JavaThread "C2 CompilerThread2" daemon [_thread_blocked, id=17320, stack(0x000000e4a7b00000,0x000000e4a7c00000)]

Other Threads:
  0x000002ca2f514870 VMThread "VM Thread" [stack: 0x000000e4a6a00000,0x000000e4a6b00000] [id=14676]
  0x000002ca33997260 WatcherThread "VM Periodic Task Thread" [stack: 0x000000e4a7900000,0x000000e4a7a00000] [id=21436]
  0x000002ca0e821720 WorkerThread "GC Thread#0" [stack: 0x000000e4a6500000,0x000000e4a6600000] [id=22364]
  0x000002ca0e82f3a0 ConcurrentGCThread "G1 Main Marker" [stack: 0x000000e4a6600000,0x000000e4a6700000] [id=10572]
  0x000002ca0e82fe80 WorkerThread "G1 Conc#0" [stack: 0x000000e4a6700000,0x000000e4a6800000] [id=23564]
  0x000002ca2f3d20b0 ConcurrentGCThread "G1 Refine#0" [stack: 0x000000e4a6800000,0x000000e4a6900000] [id=23428]
  0x000002ca2f3d2b00 ConcurrentGCThread "G1 Service" [stack: 0x000000e4a6900000,0x000000e4a6a00000] [id=4516]

Threads with active compile tasks:

VM state: not at safepoint (normal execution)

VM Mutex/Monitor currently owned by a thread: None

Heap address: 0x0000000742000000, size: 3040 MB, Compressed Oops mode: Zero based, Oop shift amount: 3

CDS archive(s) mapped at: [0x0000000800000000-0x0000000800c40000-0x0000000800c40000), size 12845056, SharedBaseAddress: 0x0000000800000000, ArchiveRelocationMode: 0.
Compressed class space mapped at: 0x0000000801000000-0x0000000841000000, reserved size: 1073741824
Narrow klass base: 0x0000000800000000, Narrow klass shift: 0, Narrow klass range: 0x100000000

GC Precious Log:
 CardTable entry size: 512
 Card Set container configuration: InlinePtr #cards 4 size 8 Array Of Cards #cards 16 size 48 Howl #buckets 8 coarsen threshold 3686 Howl Bitmap #cards 512 size 80 coarsen threshold 460 Card regions per heap region 1 cards per card region 4096
 CPUs: 8 total, 8 available
 Memory: 12154M
 Large Page Support: Disabled
 NUMA Support: Disabled
 Compressed Oops: Enabled (Zero based)
 Heap Region Size: 2M
 Heap Min Capacity: 8M
 Heap Initial Capacity: 190M
 Heap Max Capacity: 3040M
 Pre-touch: Disabled
 Parallel Workers: 8
 Concurrent Workers: 2
 Concurrent Refinement Workers: 8
 Periodic GC: Disabled

Heap:
 garbage-first heap   total 194560K, used 18432K [0x0000000742000000, 0x0000000800000000)
  region size 2048K, 10 young (20480K), 0 survivors (0K)
 Metaspace       used 2802K, committed 2944K, reserved 1114112K
  class space    used 183K, committed 256K, reserved 1048576K

Heap Regions: E=young(eden), S=young(survivor), O=old, HS=humongous(starts), HC=humongous(continues), CS=collection set, F=free, OA=open archive, CA=closed archive, TAMS=top-at-mark-start (previous, next)
|   0|0x0000000742000000, 0x0000000742000000, 0x0000000742200000|  0%| F|  |TAMS 0x0000000742000000, 0x0000000742000000| Untracked 
|   1|0x0000000742200000, 0x0000000742200000, 0x0000000742400000|  0%| F|  |TAMS 0x0000000742200000, 0x0000000742200000| Untracked 
|   2|0x0000000742400000, 0x0000000742400000, 0x0000000742600000|  0%| F|  |TAMS 0x0000000742400000, 0x0000000742400000| Untracked 
|   3|0x0000000742600000, 0x0000000742600000, 0x0000000742800000|  0%| F|  |TAMS 0x0000000742600000, 0x0000000742600000| Untracked 
|   4|0x0000000742800000, 0x0000000742800000, 0x0000000742a00000|  0%| F|  |TAMS 0x0000000742800000, 0x0000000742800000| Untracked 
|   5|0x0000000742a00000, 0x0000000742a00000, 0x0000000742c00000|  0%| F|  |TAMS 0x0000000742a00000, 0x0000000742a00000| Untracked 
|   6|0x0000000742c00000, 0x0000000742c00000, 0x0000000742e00000|  0%| F|  |TAMS 0x0000000742c00000, 0x0000000742c00000| Untracked 
|   7|0x0000000742e00000, 0x0000000742e00000, 0x0000000743000000|  0%| F|  |TAMS 0x0000000742e00000, 0x0000000742e00000| Untracked 
|   8|0x0000000743000000, 0x0000000743000000, 0x0000000743200000|  0%| F|  |TAMS 0x0000000743000000, 0x0000000743000000| Untracked 
|   9|0x0000000743200000, 0x0000000743200000, 0x0000000743400000|  0%| F|  |TAMS 0x0000000743200000, 0x0000000743200000| Untracked 
|  10|0x0000000743400000, 0x0000000743400000, 0x0000000743600000|  0%| F|  |TAMS 0x0000000743400000, 0x0000000743400000| Untracked 
|  11|0x0000000743600000, 0x0000000743600000, 0x0000000743800000|  0%| F|  |TAMS 0x0000000743600000, 0x0000000743600000| Untracked 
|  12|0x0000000743800000, 0x0000000743800000, 0x0000000743a00000|  0%| F|  |TAMS 0x0000000743800000, 0x0000000743800000| Untracked 
|  13|0x0000000743a00000, 0x0000000743a00000, 0x0000000743c00000|  0%| F|  |TAMS 0x0000000743a00000, 0x0000000743a00000| Untracked 
|  14|0x0000000743c00000, 0x0000000743c00000, 0x0000000743e00000|  0%| F|  |TAMS 0x0000000743c00000, 0x0000000743c00000| Untracked 
|  15|0x0000000743e00000, 0x0000000743e00000, 0x0000000744000000|  0%| F|  |TAMS 0x0000000743e00000, 0x0000000743e00000| Untracked 
|  16|0x0000000744000000, 0x0000000744000000, 0x0000000744200000|  0%| F|  |TAMS 0x0000000744000000, 0x0000000744000000| Untracked 
|  17|0x0000000744200000, 0x0000000744200000, 0x0000000744400000|  0%| F|  |TAMS 0x0000000744200000, 0x0000000744200000| Untracked 
|  18|0x0000000744400000, 0x0000000744400000, 0x0000000744600000|  0%| F|  |TAMS 0x0000000744400000, 0x0000000744400000| Untracked 
|  19|0x0000000744600000, 0x0000000744600000, 0x0000000744800000|  0%| F|  |TAMS 0x0000000744600000, 0x0000000744600000| Untracked 
|  20|0x0000000744800000, 0x0000000744800000, 0x0000000744a00000|  0%| F|  |TAMS 0x0000000744800000, 0x0000000744800000| Untracked 
|  21|0x0000000744a00000, 0x0000000744a00000, 0x0000000744c00000|  0%| F|  |TAMS 0x0000000744a00000, 0x0000000744a00000| Untracked 
|  22|0x0000000744c00000, 0x0000000744c00000, 0x0000000744e00000|  0%| F|  |TAMS 0x0000000744c00000, 0x0000000744c00000| Untracked 
|  23|0x0000000744e00000, 0x0000000744e00000, 0x0000000745000000|  0%| F|  |TAMS 0x0000000744e00000, 0x0000000744e00000| Untracked 
|  24|0x0000000745000000, 0x0000000745000000, 0x0000000745200000|  0%| F|  |TAMS 0x0000000745000000, 0x0000000745000000| Untracked 
|  25|0x0000000745200000, 0x0000000745200000, 0x0000000745400000|  0%| F|  |TAMS 0x0000000745200000, 0x0000000745200000| Untracked 
|  26|0x0000000745400000, 0x0000000745400000, 0x0000000745600000|  0%| F|  |TAMS 0x0000000745400000, 0x0000000745400000| Untracked 
|  27|0x0000000745600000, 0x0000000745600000, 0x0000000745800000|  0%| F|  |TAMS 0x0000000745600000, 0x0000000745600000| Untracked 
|  28|0x0000000745800000, 0x0000000745800000, 0x0000000745a00000|  0%| F|  |TAMS 0x0000000745800000, 0x0000000745800000| Untracked 
|  29|0x0000000745a00000, 0x0000000745a00000, 0x0000000745c00000|  0%| F|  |TAMS 0x0000000745a00000, 0x0000000745a00000| Untracked 
|  30|0x0000000745c00000, 0x0000000745c00000, 0x0000000745e00000|  0%| F|  |TAMS 0x0000000745c00000, 0x0000000745c00000| Untracked 
|  31|0x0000000745e00000, 0x0000000745e00000, 0x0000000746000000|  0%| F|  |TAMS 0x0000000745e00000, 0x0000000745e00000| Untracked 
|  32|0x0000000746000000, 0x0000000746000000, 0x0000000746200000|  0%| F|  |TAMS 0x0000000746000000, 0x0000000746000000| Untracked 
|  33|0x0000000746200000, 0x0000000746200000, 0x0000000746400000|  0%| F|  |TAMS 0x0000000746200000, 0x0000000746200000| Untracked 
|  34|0x0000000746400000, 0x0000000746400000, 0x0000000746600000|  0%| F|  |TAMS 0x0000000746400000, 0x0000000746400000| Untracked 
|  35|0x0000000746600000, 0x0000000746600000, 0x0000000746800000|  0%| F|  |TAMS 0x0000000746600000, 0x0000000746600000| Untracked 
|  36|0x0000000746800000, 0x0000000746800000, 0x0000000746a00000|  0%| F|  |TAMS 0x0000000746800000, 0x0000000746800000| Untracked 
|  37|0x0000000746a00000, 0x0000000746a00000, 0x0000000746c00000|  0%| F|  |TAMS 0x0000000746a00000, 0x0000000746a00000| Untracked 
|  38|0x0000000746c00000, 0x0000000746c00000, 0x0000000746e00000|  0%| F|  |TAMS 0x0000000746c00000, 0x0000000746c00000| Untracked 
|  39|0x0000000746e00000, 0x0000000746e00000, 0x0000000747000000|  0%| F|  |TAMS 0x0000000746e00000, 0x0000000746e00000| Untracked 
|  40|0x0000000747000000, 0x0000000747000000, 0x0000000747200000|  0%| F|  |TAMS 0x0000000747000000, 0x0000000747000000| Untracked 
|  41|0x0000000747200000, 0x0000000747200000, 0x0000000747400000|  0%| F|  |TAMS 0x0000000747200000, 0x0000000747200000| Untracked 
|  42|0x0000000747400000, 0x0000000747400000, 0x0000000747600000|  0%| F|  |TAMS 0x0000000747400000, 0x0000000747400000| Untracked 
|  43|0x0000000747600000, 0x0000000747600000, 0x0000000747800000|  0%| F|  |TAMS 0x0000000747600000, 0x0000000747600000| Untracked 
|  44|0x0000000747800000, 0x0000000747800000, 0x0000000747a00000|  0%| F|  |TAMS 0x0000000747800000, 0x0000000747800000| Untracked 
|  45|0x0000000747a00000, 0x0000000747a00000, 0x0000000747c00000|  0%| F|  |TAMS 0x0000000747a00000, 0x0000000747a00000| Untracked 
|  46|0x0000000747c00000, 0x0000000747c00000, 0x0000000747e00000|  0%| F|  |TAMS 0x0000000747c00000, 0x0000000747c00000| Untracked 
|  47|0x0000000747e00000, 0x0000000747e00000, 0x0000000748000000|  0%| F|  |TAMS 0x0000000747e00000, 0x0000000747e00000| Untracked 
|  48|0x0000000748000000, 0x0000000748000000, 0x0000000748200000|  0%| F|  |TAMS 0x0000000748000000, 0x0000000748000000| Untracked 
|  49|0x0000000748200000, 0x0000000748200000, 0x0000000748400000|  0%| F|  |TAMS 0x0000000748200000, 0x0000000748200000| Untracked 
|  50|0x0000000748400000, 0x0000000748400000, 0x0000000748600000|  0%| F|  |TAMS 0x0000000748400000, 0x0000000748400000| Untracked 
|  51|0x0000000748600000, 0x0000000748600000, 0x0000000748800000|  0%| F|  |TAMS 0x0000000748600000, 0x0000000748600000| Untracked 
|  52|0x0000000748800000, 0x0000000748800000, 0x0000000748a00000|  0%| F|  |TAMS 0x0000000748800000, 0x0000000748800000| Untracked 
|  53|0x0000000748a00000, 0x0000000748a00000, 0x0000000748c00000|  0%| F|  |TAMS 0x0000000748a00000, 0x0000000748a00000| Untracked 
|  54|0x0000000748c00000, 0x0000000748c00000, 0x0000000748e00000|  0%| F|  |TAMS 0x0000000748c00000, 0x0000000748c00000| Untracked 
|  55|0x0000000748e00000, 0x0000000748e00000, 0x0000000749000000|  0%| F|  |TAMS 0x0000000748e00000, 0x0000000748e00000| Untracked 
|  56|0x0000000749000000, 0x0000000749000000, 0x0000000749200000|  0%| F|  |TAMS 0x0000000749000000, 0x0000000749000000| Untracked 
|  57|0x0000000749200000, 0x0000000749200000, 0x0000000749400000|  0%| F|  |TAMS 0x0000000749200000, 0x0000000749200000| Untracked 
|  58|0x0000000749400000, 0x0000000749400000, 0x0000000749600000|  0%| F|  |TAMS 0x0000000749400000, 0x0000000749400000| Untracked 
|  59|0x0000000749600000, 0x0000000749600000, 0x0000000749800000|  0%| F|  |TAMS 0x0000000749600000, 0x0000000749600000| Untracked 
|  60|0x0000000749800000, 0x0000000749800000, 0x0000000749a00000|  0%| F|  |TAMS 0x0000000749800000, 0x0000000749800000| Untracked 
|  61|0x0000000749a00000, 0x0000000749a00000, 0x0000000749c00000|  0%| F|  |TAMS 0x0000000749a00000, 0x0000000749a00000| Untracked 
|  62|0x0000000749c00000, 0x0000000749c00000, 0x0000000749e00000|  0%| F|  |TAMS 0x0000000749c00000, 0x0000000749c00000| Untracked 
|  63|0x0000000749e00000, 0x0000000749e00000, 0x000000074a000000|  0%| F|  |TAMS 0x0000000749e00000, 0x0000000749e00000| Untracked 
|  64|0x000000074a000000, 0x000000074a000000, 0x000000074a200000|  0%| F|  |TAMS 0x000000074a000000, 0x000000074a000000| Untracked 
|  65|0x000000074a200000, 0x000000074a200000, 0x000000074a400000|  0%| F|  |TAMS 0x000000074a200000, 0x000000074a200000| Untracked 
|  66|0x000000074a400000, 0x000000074a400000, 0x000000074a600000|  0%| F|  |TAMS 0x000000074a400000, 0x000000074a400000| Untracked 
|  67|0x000000074a600000, 0x000000074a600000, 0x000000074a800000|  0%| F|  |TAMS 0x000000074a600000, 0x000000074a600000| Untracked 
|  68|0x000000074a800000, 0x000000074a800000, 0x000000074aa00000|  0%| F|  |TAMS 0x000000074a800000, 0x000000074a800000| Untracked 
|  69|0x000000074aa00000, 0x000000074aa00000, 0x000000074ac00000|  0%| F|  |TAMS 0x000000074aa00000, 0x000000074aa00000| Untracked 
|  70|0x000000074ac00000, 0x000000074ac00000, 0x000000074ae00000|  0%| F|  |TAMS 0x000000074ac00000, 0x000000074ac00000| Untracked 
|  71|0x000000074ae00000, 0x000000074ae00000, 0x000000074b000000|  0%| F|  |TAMS 0x000000074ae00000, 0x000000074ae00000| Untracked 
|  72|0x000000074b000000, 0x000000074b000000, 0x000000074b200000|  0%| F|  |TAMS 0x000000074b000000, 0x000000074b000000| Untracked 
|  73|0x000000074b200000, 0x000000074b200000, 0x000000074b400000|  0%| F|  |TAMS 0x000000074b200000, 0x000000074b200000| Untracked 
|  74|0x000000074b400000, 0x000000074b400000, 0x000000074b600000|  0%| F|  |TAMS 0x000000074b400000, 0x000000074b400000| Untracked 
|  75|0x000000074b600000, 0x000000074b600000, 0x000000074b800000|  0%| F|  |TAMS 0x000000074b600000, 0x000000074b600000| Untracked 
|  76|0x000000074b800000, 0x000000074b800000, 0x000000074ba00000|  0%| F|  |TAMS 0x000000074b800000, 0x000000074b800000| Untracked 
|  77|0x000000074ba00000, 0x000000074ba00000, 0x000000074bc00000|  0%| F|  |TAMS 0x000000074ba00000, 0x000000074ba00000| Untracked 
|  78|0x000000074bc00000, 0x000000074bc00000, 0x000000074be00000|  0%| F|  |TAMS 0x000000074bc00000, 0x000000074bc00000| Untracked 
|  79|0x000000074be00000, 0x000000074be00000, 0x000000074c000000|  0%| F|  |TAMS 0x000000074be00000, 0x000000074be00000| Untracked 
|  80|0x000000074c000000, 0x000000074c000000, 0x000000074c200000|  0%| F|  |TAMS 0x000000074c000000, 0x000000074c000000| Untracked 
|  81|0x000000074c200000, 0x000000074c200000, 0x000000074c400000|  0%| F|  |TAMS 0x000000074c200000, 0x000000074c200000| Untracked 
|  82|0x000000074c400000, 0x000000074c400000, 0x000000074c600000|  0%| F|  |TAMS 0x000000074c400000, 0x000000074c400000| Untracked 
|  83|0x000000074c600000, 0x000000074c600000, 0x000000074c800000|  0%| F|  |TAMS 0x000000074c600000, 0x000000074c600000| Untracked 
|  84|0x000000074c800000, 0x000000074c800000, 0x000000074ca00000|  0%| F|  |TAMS 0x000000074c800000, 0x000000074c800000| Untracked 
|  85|0x000000074ca00000, 0x000000074cbe9e00, 0x000000074cc00000| 95%| E|  |TAMS 0x000000074ca00000, 0x000000074ca00000| Complete 
|  86|0x000000074cc00000, 0x000000074ce00000, 0x000000074ce00000|100%| E|CS|TAMS 0x000000074cc00000, 0x000000074cc00000| Complete 
|  87|0x000000074ce00000, 0x000000074d000000, 0x000000074d000000|100%| E|CS|TAMS 0x000000074ce00000, 0x000000074ce00000| Complete 
|  88|0x000000074d000000, 0x000000074d200000, 0x000000074d200000|100%| E|CS|TAMS 0x000000074d000000, 0x000000074d000000| Complete 
|  89|0x000000074d200000, 0x000000074d400000, 0x000000074d400000|100%| E|CS|TAMS 0x000000074d200000, 0x000000074d200000| Complete 
|  90|0x000000074d400000, 0x000000074d600000, 0x000000074d600000|100%| E|CS|TAMS 0x000000074d400000, 0x000000074d400000| Complete 
|  91|0x000000074d600000, 0x000000074d800000, 0x000000074d800000|100%| E|CS|TAMS 0x000000074d600000, 0x000000074d600000| Complete 
|  92|0x000000074d800000, 0x000000074da00000, 0x000000074da00000|100%| E|CS|TAMS 0x000000074d800000, 0x000000074d800000| Complete 
|  93|0x000000074da00000, 0x000000074dc00000, 0x000000074dc00000|100%| E|CS|TAMS 0x000000074da00000, 0x000000074da00000| Complete 
|  94|0x000000074dc00000, 0x000000074de00000, 0x000000074de00000|100%| E|CS|TAMS 0x000000074dc00000, 0x000000074dc00000| Complete 

Card table byte_map: [0x000002ca26050000,0x000002ca26640000] _byte_map_base: 0x000002ca22640000

Marking Bits (Prev, Next): (CMBitMap*) 0x000002ca0e822c70, (CMBitMap*) 0x000002ca0e822cb0
 Prev Bits: [0x000002ca26c30000, 0x000002ca29bb0000)
 Next Bits: [0x000002ca29bb0000, 0x000002ca2cb30000)

Polling page: 0x000002ca0c6c0000

Metaspace:

Usage:
  Non-class:      2.56 MB used.
      Class:    183.31 KB used.
       Both:      2.74 MB used.

Virtual space:
  Non-class space:       64.00 MB reserved,       2.62 MB (  4%) committed,  1 nodes.
      Class space:        1.00 GB reserved,     256.00 KB ( <1%) committed,  1 nodes.
             Both:        1.06 GB reserved,       2.88 MB ( <1%) committed. 

Chunk freelists:
   Non-Class:  2.95 MB
       Class:  3.66 MB
        Both:  6.61 MB

MaxMetaspaceSize: unlimited
CompressedClassSpaceSize: 1.00 GB
Initial GC threshold: 21.00 MB
Current GC threshold: 21.00 MB
CDS: on
MetaspaceReclaimPolicy: balanced
 - commit_granule_bytes: 65536.
 - commit_granule_words: 8192.
 - virtual_space_node_default_size: 8388608.
 - enlarge_chunks_in_place: 1.
 - new_chunks_are_fully_committed: 0.
 - uncommit_free_chunks: 1.
 - use_allocation_guard: 0.


Internal statistics:

num_allocs_failed_limit: 0.
num_arena_births: 78.
num_arena_deaths: 0.
num_vsnodes_births: 2.
num_vsnodes_deaths: 0.
num_space_committed: 46.
num_space_uncommitted: 0.
num_chunks_returned_to_freelist: 0.
num_chunks_taken_from_freelist: 131.
num_chunk_merges: 0.
num_chunk_splits: 92.
num_chunks_enlarged: 59.
num_inconsistent_stats: 0.

CodeHeap 'non-profiled nmethods': size=120000Kb used=271Kb max_used=271Kb free=119728Kb
 bounds [0x000002ca1e200000, 0x000002ca1e470000, 0x000002ca25730000]
CodeHeap 'profiled nmethods': size=120000Kb used=1072Kb max_used=1072Kb free=118927Kb
 bounds [0x000002ca16730000, 0x000002ca169a0000, 0x000002ca1dc60000]
CodeHeap 'non-nmethods': size=5760Kb used=1328Kb max_used=1342Kb free=4431Kb
 bounds [0x000002ca1dc60000, 0x000002ca1ded0000, 0x000002ca1e200000]
 total_blobs=1193 nmethods=715 adapters=389
 compilation: enabled
              stopped_count=0, restarted_count=0
 full_count=0

Compilation events (20 events):
Event: 1.415 Thread 0x000002ca2f546400 nmethod 706 0x000002ca16837b10 code [0x000002ca16837cc0, 0x000002ca16837e58]
Event: 1.415 Thread 0x000002ca2f546400  707       3       jdk.internal.org.objectweb.asm.SymbolTable$Entry::<init> (18 bytes)
Event: 1.415 Thread 0x000002ca2f546400 nmethod 707 0x000002ca16837f90 code [0x000002ca16838140, 0x000002ca168382e8]
Event: 1.416 Thread 0x000002ca2f546400  708   !   3       java.io.RandomAccessFile::seek (42 bytes)
Event: 1.416 Thread 0x000002ca2f546400 nmethod 708 0x000002ca16838390 code [0x000002ca16838580, 0x000002ca168388c8]
Event: 1.417 Thread 0x000002ca33bfe710 nmethod 704 0x000002ca1e243890 code [0x000002ca1e243a20, 0x000002ca1e243bf8]
Event: 1.420 Thread 0x000002ca2f546400  709       3       jdk.internal.module.SystemModuleFinders$SystemImage::reader (4 bytes)
Event: 1.420 Thread 0x000002ca2f546400 nmethod 709 0x000002ca16838a90 code [0x000002ca16838c20, 0x000002ca16838d18]
Event: 1.420 Thread 0x000002ca2f546400  710       3       jdk.internal.jimage.ImageReader::requireOpen (18 bytes)
Event: 1.420 Thread 0x000002ca2f546400 nmethod 710 0x000002ca16838d90 code [0x000002ca16838f40, 0x000002ca16839188]
Event: 1.420 Thread 0x000002ca2f546400  711       3       jdk.internal.loader.BuiltinClassLoader::moduleReaderFor (45 bytes)
Event: 1.420 Thread 0x000002ca2f546400 nmethod 711 0x000002ca16839290 code [0x000002ca16839480, 0x000002ca16839b38]
Event: 1.420 Thread 0x000002ca2f546400  712       3       java.util.jar.JarFile::getEntry (35 bytes)
Event: 1.421 Thread 0x000002ca2f546400 nmethod 712 0x000002ca16839d10 code [0x000002ca16839f00, 0x000002ca1683a398]
Event: 1.421 Thread 0x000002ca2f546400  714       3       java.lang.Integer::stringSize (47 bytes)
Event: 1.421 Thread 0x000002ca2f546400 nmethod 714 0x000002ca1683a510 code [0x000002ca1683a6c0, 0x000002ca1683a918]
Event: 1.421 Thread 0x000002ca2f546400  713   !   3       jdk.internal.loader.URLClassPath$JarLoader::getResource (65 bytes)
Event: 1.421 Thread 0x000002ca2f546400 nmethod 713 0x000002ca1683aa10 code [0x000002ca1683ac80, 0x000002ca1683b728]
Event: 1.421 Thread 0x000002ca2f546400  715       3       java.lang.Integer::getChars (121 bytes)
Event: 1.422 Thread 0x000002ca2f546400 nmethod 715 0x000002ca1683bb10 code [0x000002ca1683bce0, 0x000002ca1683c138]

GC Heap History (0 events):
No events

Dll operation events (10 events):
Event: 0.022 Loaded shared library C:\Program Files\Java\jdk-19\bin\java.dll
Event: 0.024 Loaded shared library C:\Program Files\Java\jdk-19\bin\zip.dll
Event: 0.044 Loaded shared library C:\Program Files\Java\jdk-19\bin\jsvml.dll
Event: 0.757 Loaded shared library C:\Program Files\Java\jdk-19\bin\instrument.dll
Event: 0.835 Loaded shared library C:\Program Files\Java\jdk-19\bin\net.dll
Event: 0.837 Loaded shared library C:\Program Files\Java\jdk-19\bin\nio.dll
Event: 0.866 Loaded shared library C:\Program Files\Java\jdk-19\bin\zip.dll
Event: 0.889 Loaded shared library C:\Program Files\Java\jdk-19\bin\jimage.dll
Event: 0.988 Loaded shared library C:\Program Files\Java\jdk-19\bin\verify.dll
Event: 1.342 Loaded shared library C:\Users\User\AppData\Local\Temp\lwjglUser\3.3.1-build-7\lwjgl.dll

Deoptimization events (20 events):
Event: 1.340 Thread 0x000002ca0e7c21f0 Uncommon trap: trap_request=0xffffffc6 fr.pc=0x000002ca1e22bee0 relative=0x0000000000000860
Event: 1.340 Thread 0x000002ca0e7c21f0 Uncommon trap: reason=bimorphic_or_optimized_type_check action=maybe_recompile pc=0x000002ca1e22bee0 method=java.util.regex.Pattern$Start.match(Ljava/util/regex/Matcher;ILjava/lang/CharSequence;)Z @ 44 c2
Event: 1.340 Thread 0x000002ca0e7c21f0 DEOPT PACKING pc=0x000002ca1e22bee0 sp=0x000000e4a64fd630
Event: 1.340 Thread 0x000002ca0e7c21f0 DEOPT UNPACKING pc=0x000002ca1dcc6da3 sp=0x000000e4a64fd580 mode 2
Event: 1.369 Thread 0x000002ca0e7c21f0 Uncommon trap: trap_request=0xffffffde fr.pc=0x000002ca1e221010 relative=0x00000000000001f0
Event: 1.369 Thread 0x000002ca0e7c21f0 Uncommon trap: reason=class_check action=maybe_recompile pc=0x000002ca1e221010 method=java.util.regex.Matcher.getTextLength()I @ 4 c2
Event: 1.369 Thread 0x000002ca0e7c21f0 DEOPT PACKING pc=0x000002ca1e221010 sp=0x000000e4a64fe110
Event: 1.369 Thread 0x000002ca0e7c21f0 DEOPT UNPACKING pc=0x000002ca1dcc6da3 sp=0x000000e4a64fe060 mode 2
Event: 1.369 Thread 0x000002ca0e7c21f0 Uncommon trap: trap_request=0xffffffc6 fr.pc=0x000002ca1e22bee0 relative=0x0000000000000860
Event: 1.369 Thread 0x000002ca0e7c21f0 Uncommon trap: reason=bimorphic_or_optimized_type_check action=maybe_recompile pc=0x000002ca1e22bee0 method=java.util.regex.Pattern$Start.match(Ljava/util/regex/Matcher;ILjava/lang/CharSequence;)Z @ 44 c2
Event: 1.369 Thread 0x000002ca0e7c21f0 DEOPT PACKING pc=0x000002ca1e22bee0 sp=0x000000e4a64fe170
Event: 1.369 Thread 0x000002ca0e7c21f0 DEOPT UNPACKING pc=0x000002ca1dcc6da3 sp=0x000000e4a64fe0c0 mode 2
Event: 1.369 Thread 0x000002ca0e7c21f0 Uncommon trap: trap_request=0xffffffde fr.pc=0x000002ca1e221010 relative=0x00000000000001f0
Event: 1.369 Thread 0x000002ca0e7c21f0 Uncommon trap: reason=class_check action=maybe_recompile pc=0x000002ca1e221010 method=java.util.regex.Matcher.getTextLength()I @ 4 c2
Event: 1.369 Thread 0x000002ca0e7c21f0 DEOPT PACKING pc=0x000002ca1e221010 sp=0x000000e4a64fe110
Event: 1.369 Thread 0x000002ca0e7c21f0 DEOPT UNPACKING pc=0x000002ca1dcc6da3 sp=0x000000e4a64fe060 mode 2
Event: 1.369 Thread 0x000002ca0e7c21f0 Uncommon trap: trap_request=0xffffffc6 fr.pc=0x000002ca1e22bee0 relative=0x0000000000000860
Event: 1.369 Thread 0x000002ca0e7c21f0 Uncommon trap: reason=bimorphic_or_optimized_type_check action=maybe_recompile pc=0x000002ca1e22bee0 method=java.util.regex.Pattern$Start.match(Ljava/util/regex/Matcher;ILjava/lang/CharSequence;)Z @ 44 c2
Event: 1.369 Thread 0x000002ca0e7c21f0 DEOPT PACKING pc=0x000002ca1e22bee0 sp=0x000000e4a64fe170
Event: 1.369 Thread 0x000002ca0e7c21f0 DEOPT UNPACKING pc=0x000002ca1dcc6da3 sp=0x000000e4a64fe0c0 mode 2

Classes loaded (20 events):
Event: 1.408 Loading class java/nio/InvalidMarkException
Event: 1.409 Loading class java/nio/InvalidMarkException done
Event: 1.409 Loading class java/nio/BufferUnderflowException
Event: 1.409 Loading class java/nio/BufferUnderflowException done
Event: 1.409 Loading class org/lwjgl/system/MemoryStack
Event: 1.409 Loading class org/lwjgl/system/MemoryStack done
Event: 1.412 Loading class org/lwjgl/system/MemoryStack$DebugMemoryStack
Event: 1.412 Loading class org/lwjgl/system/MemoryStack$DebugMemoryStack done
Event: 1.414 Loading class org/lwjgl/system/MemoryStack
Event: 1.414 Loading class org/lwjgl/system/MemoryStack done
Event: 1.414 Loading class org/lwjgl/system/MemoryStack
Event: 1.414 Loading class org/lwjgl/system/MemoryStack done
Event: 1.414 Loading class org/lwjgl/BufferUtils
Event: 1.414 Loading class org/lwjgl/BufferUtils done
Event: 1.416 Loading class org/lwjgl/system/windows/WinBase
Event: 1.416 Loading class org/lwjgl/system/windows/WinBase done
Event: 1.417 Loading class org/lwjgl/system/ThreadLocalUtil
Event: 1.417 Loading class org/lwjgl/system/ThreadLocalUtil done
Event: 1.421 Loading class org/lwjgl/glfw/GLFW$Functions
Event: 1.421 Loading class org/lwjgl/glfw/GLFW$Functions done

Classes unloaded (0 events):
No events

Classes redefined (0 events):
No events

Internal exceptions (20 events):
Event: 0.759 Thread 0x000002ca0e7c21f0 Exception <a 'java/lang/NoSuchMethodError'{0x000000074dac6c28}: 'void java.lang.invoke.DirectMethodHandle$Holder.invokeStatic(java.lang.Object, java.lang.Object, java.lang.Object)'> (0x000000074dac6c28) 
thrown [s\open\src\hotspot\share\interpreter\linkResolver.cpp, line 774]
Event: 0.768 Thread 0x000002ca0e7c21f0 Exception <a 'java/lang/NoSuchMethodError'{0x000000074dadf220}: 'java.lang.Object java.lang.invoke.Invokers$Holder.invokeExact_MT(java.lang.Object, java.lang.Object, java.lang.Object, java.lang.Object, java.lang.Object)'> (0x000000074dadf220) 
thrown [s\open\src\hotspot\share\interpreter\linkResolver.cpp, line 774]
Event: 1.243 Thread 0x000002ca0e7c21f0 Exception <a 'java/lang/NoSuchMethodError'{0x000000074cc2da60}: 'void java.lang.invoke.DirectMethodHandle$Holder.invokeStatic(java.lang.Object, java.lang.Object)'> (0x000000074cc2da60) 
thrown [s\open\src\hotspot\share\interpreter\linkResolver.cpp, line 774]
Event: 1.246 Thread 0x000002ca0e7c21f0 Exception <a 'java/lang/NoSuchMethodError'{0x000000074cc38320}: 'void java.lang.System.load(java.lang.String, java.lang.Class)'> (0x000000074cc38320) 
thrown [s\open\src\hotspot\share\interpreter\linkResolver.cpp, line 774]
Event: 1.246 Thread 0x000002ca0e7c21f0 Exception <a 'java/lang/NoSuchMethodError'{0x000000074cc38d20}: 'void java.lang.invoke.DirectMethodHandle$Holder.invokeSpecial(java.lang.Object, java.lang.Object, java.lang.Object)'> (0x000000074cc38d20) 
thrown [s\open\src\hotspot\share\interpreter\linkResolver.cpp, line 774]
Event: 1.252 Thread 0x000002ca0e7c21f0 Exception <a 'java/lang/NoSuchMethodError'{0x000000074cc4d290}: 'java.lang.Object java.lang.invoke.DirectMethodHandle$Holder.invokeStatic(java.lang.Object, java.lang.Object, int)'> (0x000000074cc4d290) 
thrown [s\open\src\hotspot\share\interpreter\linkResolver.cpp, line 774]
Event: 1.254 Thread 0x000002ca0e7c21f0 Exception <a 'java/lang/NoSuchMethodError'{0x000000074cc58fb8}: 'void java.lang.invoke.DelegatingMethodHandle$Holder.delegate(java.lang.Object, java.lang.Object, int, java.lang.Object)'> (0x000000074cc58fb8) 
thrown [s\open\src\hotspot\share\interpreter\linkResolver.cpp, line 774]
Event: 1.255 Thread 0x000002ca0e7c21f0 Exception <a 'java/lang/NoSuchMethodError'{0x000000074cc5cfb8}: 'int java.lang.invoke.DirectMethodHandle$Holder.invokeSpecial(java.lang.Object, java.lang.Object, java.lang.Object)'> (0x000000074cc5cfb8) 
thrown [s\open\src\hotspot\share\interpreter\linkResolver.cpp, line 774]
Event: 1.263 Thread 0x000002ca0e7c21f0 Exception <a 'java/lang/NoSuchMethodError'{0x000000074cc7a7c0}: 'void java.lang.System.loadLibrary(java.lang.String, java.lang.Class)'> (0x000000074cc7a7c0) 
thrown [s\open\src\hotspot\share\interpreter\linkResolver.cpp, line 774]
Event: 1.339 Thread 0x000002ca0e7c21f0 Exception <a 'sun/nio/fs/WindowsException'{0x000000074ca378b0}> (0x000000074ca378b0) 
thrown [s\open\src\hotspot\share\prims\jni.cpp, line 517]
Event: 1.340 Thread 0x000002ca0e7c21f0 Exception <a 'sun/nio/fs/WindowsException'{0x000000074ca38ed0}> (0x000000074ca38ed0) 
thrown [s\open\src\hotspot\share\prims\jni.cpp, line 517]
Event: 1.369 Thread 0x000002ca0e7c21f0 Exception <a 'sun/nio/fs/WindowsException'{0x000000074cac0390}> (0x000000074cac0390) 
thrown [s\open\src\hotspot\share\prims\jni.cpp, line 517]
Event: 1.369 Thread 0x000002ca0e7c21f0 Exception <a 'sun/nio/fs/WindowsException'{0x000000074cac06f0}> (0x000000074cac06f0) 
thrown [s\open\src\hotspot\share\prims\jni.cpp, line 517]
Event: 1.377 Thread 0x000002ca0e7c21f0 Exception <a 'java/lang/NoSuchMethodError'{0x000000074cb01ef0}: 'java.lang.Object java.lang.invoke.DirectMethodHandle$Holder.invokeStaticInit(java.lang.Object)'> (0x000000074cb01ef0) 
thrown [s\open\src\hotspot\share\interpreter\linkResolver.cpp, line 774]
Event: 1.397 Thread 0x000002ca0e7c21f0 Exception <a 'java/lang/NoSuchMethodError'{0x000000074cb2f900}: 'int java.lang.invoke.DirectMethodHandle$Holder.invokeStaticInit(java.lang.Object, java.lang.Object, int, long)'> (0x000000074cb2f900) 
thrown [s\open\src\hotspot\share\interpreter\linkResolver.cpp, line 774]
Event: 1.399 Thread 0x000002ca0e7c21f0 Exception <a 'java/lang/NoSuchMethodError'{0x000000074cb351d0}: 'java.lang.Object java.lang.invoke.DirectMethodHandle$Holder.newInvokeSpecial(java.lang.Object, java.lang.Object, int)'> (0x000000074cb351d0) 
thrown [s\open\src\hotspot\share\interpreter\linkResolver.cpp, line 774]
Event: 1.403 Thread 0x000002ca0e7c21f0 Exception <a 'java/lang/NoSuchMethodError'{0x000000074cb494d0}: 'int java.lang.invoke.DirectMethodHandle$Holder.invokeStaticInit(java.lang.Object, java.lang.Object, long, long)'> (0x000000074cb494d0) 
thrown [s\open\src\hotspot\share\interpreter\linkResolver.cpp, line 774]
Event: 1.404 Thread 0x000002ca0e7c21f0 Exception <a 'java/lang/NoSuchMethodError'{0x000000074cb4f5e8}: 'java.lang.Object java.lang.invoke.DirectMethodHandle$Holder.newInvokeSpecial(java.lang.Object, java.lang.Object, long)'> (0x000000074cb4f5e8) 
thrown [s\open\src\hotspot\share\interpreter\linkResolver.cpp, line 774]
Event: 1.405 Thread 0x000002ca0e7c21f0 Exception <a 'java/lang/NoSuchMethodError'{0x000000074cb538f8}: 'java.lang.Object java.lang.invoke.Invokers$Holder.linkToTargetMethod(java.lang.Object, long, java.lang.Object)'> (0x000000074cb538f8) 
thrown [s\open\src\hotspot\share\interpreter\linkResolver.cpp, line 774]
Event: 1.406 Thread 0x000002ca0e7c21f0 Exception <a 'java/lang/NoSuchMethodError'{0x000000074cb5ae80}: 'int java.lang.invoke.DirectMethodHandle$Holder.invokeStaticInit(java.lang.Object, java.lang.Object, java.lang.Object, long)'> (0x000000074cb5ae80) 
thrown [s\open\src\hotspot\share\interpreter\linkResolver.cpp, line 774]

VM Operations (12 events):
Event: 0.135 Executing VM operation: HandshakeAllThreads
Event: 0.135 Executing VM operation: HandshakeAllThreads done
Event: 0.190 Executing VM operation: ChangeBreakpoints
Event: 0.190 Executing VM operation: ChangeBreakpoints done
Event: 0.753 Executing VM operation: ChangeBreakpoints
Event: 0.753 Executing VM operation: ChangeBreakpoints done
Event: 0.754 Executing VM operation: ChangeBreakpoints
Event: 0.754 Executing VM operation: ChangeBreakpoints done
Event: 1.386 Executing VM operation: HandshakeAllThreads
Event: 1.387 Executing VM operation: HandshakeAllThreads done
Event: 1.387 Executing VM operation: HandshakeAllThreads
Event: 1.387 Executing VM operation: HandshakeAllThreads done

Events (17 events):
Event: 0.044 Thread 0x000002ca0e7c21f0 Thread added: 0x000002ca0e7c21f0
Event: 0.067 Thread 0x000002ca2f52e490 Thread added: 0x000002ca2f52e490
Event: 0.067 Thread 0x000002ca2f531190 Thread added: 0x000002ca2f531190
Event: 0.068 Thread 0x000002ca2f532860 Thread added: 0x000002ca2f532860
Event: 0.068 Thread 0x000002ca2f5341a0 Thread added: 0x000002ca2f5341a0
Event: 0.068 Thread 0x000002ca2f536ae0 Thread added: 0x000002ca2f536ae0
Event: 0.068 Thread 0x000002ca2f537550 Thread added: 0x000002ca2f537550
Event: 0.068 Thread 0x000002ca2f53b7f0 Thread added: 0x000002ca2f53b7f0
Event: 0.069 Thread 0x000002ca2f546400 Thread added: 0x000002ca2f546400
Event: 0.069 Thread 0x000002ca2f55a550 Thread added: 0x000002ca2f55a550
Event: 0.119 Thread 0x000002ca2f501230 Thread added: 0x000002ca2f501230
Event: 0.189 Thread 0x000002ca33929c90 Thread added: 0x000002ca33929c90
Event: 0.190 Thread 0x000002ca3392e660 Thread added: 0x000002ca3392e660
Event: 0.190 Thread 0x000002ca33a8c970 Thread added: 0x000002ca33a8c970
Event: 0.782 Thread 0x000002ca33979770 Thread added: 0x000002ca33979770
Event: 1.046 Thread 0x000002ca33bfe710 Thread added: 0x000002ca33bfe710
Event: 1.067 Thread 0x000002ca33ae3f00 Thread added: 0x000002ca33ae3f00


Dynamic libraries:
0x00007ff789fd0000 - 0x00007ff789fe0000 	C:\Program Files\Java\jdk-19\bin\java.exe
0x00007ff806250000 - 0x00007ff806446000 	C:\Windows\SYSTEM32\ntdll.dll
0x00007ff8042c0000 - 0x00007ff80437d000 	C:\Windows\System32\KERNEL32.DLL
0x00007ff803ff0000 - 0x00007ff8042b8000 	C:\Windows\System32\KERNELBASE.dll
0x00007ff803a70000 - 0x00007ff803b70000 	C:\Windows\System32\ucrtbase.dll
0x00007fffff8d0000 - 0x00007fffff8e8000 	C:\Program Files\Java\jdk-19\bin\jli.dll
0x00007fffff8f0000 - 0x00007fffff90b000 	C:\Program Files\Java\jdk-19\bin\VCRUNTIME140.dll
0x00007ff8057e0000 - 0x00007ff80588a000 	C:\Windows\System32\ADVAPI32.dll
0x00007ff805740000 - 0x00007ff8057de000 	C:\Windows\System32\msvcrt.dll
0x00007ff8048d0000 - 0x00007ff80496b000 	C:\Windows\System32\sechost.dll
0x00007ff805460000 - 0x00007ff805584000 	C:\Windows\System32\RPCRT4.dll
0x00007ff805b50000 - 0x00007ff805cf0000 	C:\Windows\System32\USER32.dll
0x00007ff803e00000 - 0x00007ff803e22000 	C:\Windows\System32\win32u.dll
0x00007ffff17a0000 - 0x00007ffff1a3b000 	C:\Windows\WinSxS\amd64_microsoft.windows.common-controls_6595b64144ccf1df_6.0.19041.488_none_ca04af081b815d21\COMCTL32.dll
0x00007ff805d50000 - 0x00007ff805d7a000 	C:\Windows\System32\GDI32.dll
0x00007ff803ee0000 - 0x00007ff803fe9000 	C:\Windows\System32\gdi32full.dll
0x00007ff803b70000 - 0x00007ff803c0d000 	C:\Windows\System32\msvcp_win.dll
0x00007ffffdb70000 - 0x00007ffffdb7a000 	C:\Windows\SYSTEM32\VERSION.dll
0x00007ff805890000 - 0x00007ff8058c0000 	C:\Windows\System32\IMM32.DLL
0x00007fffff8c0000 - 0x00007fffff8cc000 	C:\Program Files\Java\jdk-19\bin\vcruntime140_1.dll
0x00007ffff2960000 - 0x00007ffff29ee000 	C:\Program Files\Java\jdk-19\bin\msvcp140.dll
0x00007fffd8da0000 - 0x00007fffd9a60000 	C:\Program Files\Java\jdk-19\bin\server\jvm.dll
0x00007ffff89e0000 - 0x00007ffff8a07000 	C:\Windows\SYSTEM32\WINMM.dll
0x00007fffee920000 - 0x00007fffee929000 	C:\Windows\SYSTEM32\WSOCK32.dll
0x00007ff8058c0000 - 0x00007ff80592b000 	C:\Windows\System32\WS2_32.dll
0x00007ff8018f0000 - 0x00007ff801902000 	C:\Windows\SYSTEM32\kernel.appcore.dll
0x00007fffff880000 - 0x00007fffff88a000 	C:\Program Files\Java\jdk-19\bin\jimage.dll
0x00007fffece40000 - 0x00007fffed024000 	C:\Windows\SYSTEM32\DBGHELP.DLL
0x00007fffee930000 - 0x00007fffee95c000 	C:\Windows\SYSTEM32\dbgcore.DLL
0x00007ff8039a0000 - 0x00007ff803a1f000 	C:\Windows\System32\bcryptPrimitives.dll
0x00007fffd8a10000 - 0x00007fffd8a4c000 	C:\Program Files\Java\jdk-19\bin\jdwp.dll
0x00007ffff2a20000 - 0x00007ffff2a2e000 	C:\Program Files\Java\jdk-19\bin\instrument.dll
0x00007fffff7f0000 - 0x00007fffff816000 	C:\Program Files\Java\jdk-19\bin\java.dll
0x00007ffff2a30000 - 0x00007ffff2a48000 	C:\Program Files\Java\jdk-19\bin\zip.dll
0x00007fffd8cc0000 - 0x00007fffd8d97000 	C:\Program Files\Java\jdk-19\bin\jsvml.dll
0x00007ff804a90000 - 0x00007ff8051d0000 	C:\Windows\System32\SHELL32.dll
0x00007ff801af0000 - 0x00007ff802284000 	C:\Windows\SYSTEM32\windows.storage.dll
0x00007ff805d80000 - 0x00007ff8060d5000 	C:\Windows\System32\combase.dll
0x00007ff803410000 - 0x00007ff80343c000 	C:\Windows\SYSTEM32\Wldp.dll
0x00007ff8059f0000 - 0x00007ff805a9e000 	C:\Windows\System32\SHCORE.dll
0x00007ff805cf0000 - 0x00007ff805d45000 	C:\Windows\System32\shlwapi.dll
0x00007ff8038d0000 - 0x00007ff8038f6000 	C:\Windows\SYSTEM32\profapi.dll
0x00007fffedc60000 - 0x00007fffedc6c000 	C:\Program Files\Java\jdk-19\bin\dt_socket.dll
0x00007ff802e30000 - 0x00007ff802e6b000 	C:\Windows\SYSTEM32\IPHLPAPI.DLL
0x00007ff803190000 - 0x00007ff8031fa000 	C:\Windows\system32\mswsock.dll
0x00007fffff700000 - 0x00007fffff713000 	C:\Program Files\Java\jdk-19\bin\net.dll
0x00007ffffae60000 - 0x00007ffffaf60000 	C:\Windows\SYSTEM32\WINHTTP.dll
0x00007ffff6640000 - 0x00007ffff6656000 	C:\Program Files\Java\jdk-19\bin\nio.dll
0x00007fffdaf10000 - 0x00007fffdaf20000 	C:\Program Files\Java\jdk-19\bin\verify.dll
0x00007fffd7220000 - 0x00007fffd7295000 	C:\Users\User\AppData\Local\Temp\lwjglUser\3.3.1-build-7\lwjgl.dll
0x00007fffd8930000 - 0x00007fffd8991000 	C:\Users\User\AppData\Local\Temp\lwjglUser\3.3.1-build-7\glfw.dll

dbghelp: loaded successfully - version: 4.0.5 - missing functions: none
symbol engine: initialized successfully - sym options: 0x614 - pdb path: .;C:\Program Files\Java\jdk-19\bin;C:\Windows\SYSTEM32;C:\Windows\WinSxS\amd64_microsoft.windows.common-controls_6595b64144ccf1df_6.0.19041.488_none_ca04af081b815d21;C:\Program Files\Java\jdk-19\bin\server;C:\Users\User\AppData\Local\Temp\lwjglUser\3.3.1-build-7

VM Arguments:
jvm_args: -agentlib:jdwp=transport=dt_socket,address=127.0.0.1:57807,suspend=y,server=n -javaagent:C:\Users\User\AppData\Local\JetBrains\IdeaIC2022.2\captureAgent\debugger-agent.jar -Dfile.encoding=UTF-8 -Dsun.stdout.encoding=UTF-8 -Dsun.stderr.encoding=UTF-8 
java_command: main.gameengine.GameEngine
java_class_path (initial): D:\Usage\HIAST\OpenGL\out\production\OpenGL;D:\Programs and Frameworks\libs\lwjgl.jar;D:\Programs and Frameworks\libs\lwjgl-par.jar;D:\Programs and Frameworks\libs\lwjgl-stb.jar;D:\Programs and Frameworks\libs\lwjgl-bgfx.jar;D:\Programs and Frameworks\libs\lwjgl-glfw.jar;D:\Programs and Frameworks\libs\joml-1.10.5.jar;D:\Programs and Frameworks\libs\lwjgl-assimp.jar;D:\Programs and Frameworks\libs\lwjgl-nanovg.jar;D:\Programs and Frameworks\libs\lwjgl-openal.jar;D:\Programs and Frameworks\libs\lwjgl-opengl.jar;D:\Programs and Frameworks\libs\lwjgl-vulkan.jar;D:\Programs and Frameworks\libs\lwjgl-javadoc.jar;D:\Programs and Frameworks\libs\lwjgl-nuklear.jar;D:\Programs and Frameworks\libs\lwjgl-sources.jar;D:\Programs and Frameworks\libs\slick-util(1).jar;D:\Programs and Frameworks\libs\lwjgl-par-javadoc.jar;D:\Programs and Frameworks\libs\lwjgl-par-sources.jar;D:\Programs and Frameworks\libs\lwjgl-stb-javadoc.jar;D:\Programs and Frameworks\libs\lwjgl-stb-sources.jar;D:\Programs and Frameworks\libs\lwjgl-bgfx-javadoc.jar;D:\Programs and Frameworks\libs\lwjgl-bgfx-sources.jar;D:\Programs and Frameworks\libs\lwjgl-glfw-javadoc.jar;D:\Programs and Frameworks\libs\lwjgl-glfw-sources.jar;D:\Programs and Frameworks\libs\joml-1.10.5-javadoc.jar;D:\Programs and Frameworks\libs\joml-1.10.5-sources.jar;D:\Programs and Frameworks\libs\lwjgl-assimp-javadoc.jar;D:\Programs and Frameworks\libs\lwjgl-assimp-sources.jar;D:\Programs and Frameworks\libs\lwjgl-nanovg-javadoc.jar;D:\Programs and Frameworks\libs\lwjgl-nanovg-sources.jar;D:\Programs and Frameworks\libs\lwjgl-openal-javadoc.jar;D:\Programs and Frameworks\libs\lwjgl-openal-sources.jar;D:\Programs and Frameworks\libs\lwjgl-opengl-javadoc.jar;D:\Programs and Frameworks\libs\lwjgl-opengl-sources.jar;D:\Programs and Frameworks\libs\lwjgl-vulkan-javadoc.jar;D:\Programs and Frameworks\libs\lwjgl-vulkan-sources.jar;D:\Programs and Frameworks\libs\lwjgl-natives-windows.jar;D:\Programs and Frameworks\libs\lwjgl-nuklear-javadoc.jar;D:\Programs and Frameworks\libs\lwjgl-nuklear-sources.jar;D:\Programs and Frameworks\libs\lwjgl-natives-windows-x86.jar;D:\Programs and Frameworks\libs\lwjgl-par-natives-windows.jar;D:\Programs and Frameworks\libs\lwjgl-stb-natives-windows.jar;D:\Programs and Frameworks\libs\lwjgl-bgfx-natives-windows.jar;D:\Programs and Frameworks\libs\lwjgl-glfw-natives-windows.jar;D:\Programs and Frameworks\libs\lwjgl-assimp-natives-windows.jar;D:\Programs and Frameworks\libs\lwjgl-nanovg-natives-windows.jar;D:\Programs and Frameworks\libs\lwjgl-openal-natives-windows.jar;D:\Programs and Frameworks\libs\lwjgl-opengl-natives-windows.jar;D:\Programs and Frameworks\libs\lwjgl-nuklear-natives-windows.jar;D:\Programs and Frameworks\libs\lwjgl-par-natives-windows-x86.jar;D:\Programs and Frameworks\libs\lwjgl-stb-natives-windows-x86.jar;D:\Programs and Frameworks\libs\lwjgl-bgfx-natives-windows-x86.jar;D:\Programs and Frameworks\libs\lwjgl-glfw-natives-windows-x86.jar;D:\Programs and Frameworks\libs\lwjgl-assimp-natives-windows-x86.jar;D:\Programs and Frameworks\libs\lwjgl-nanovg-natives-windows-x86.jar;D:\Programs and Frameworks\libs\lwjgl-openal-natives-windows-x86.jar;D:\Programs and Frameworks\libs\lwjgl-opengl-natives-windows-x86.jar;D:\Programs and Frameworks\libs\lwjgl-nuklear-natives-windows-x86.jar;C:\Program Files\JetBrains\IntelliJ IDEA Community Edition 2022.2.2\lib\idea_rt.jar
Launcher Type: SUN_STANDARD

[Global flags]
     intx CICompilerCount                          = 4                                         {product} {ergonomic}
     uint ConcGCThreads                            = 2                                         {product} {ergonomic}
     uint G1ConcRefinementThreads                  = 8                                         {product} {ergonomic}
   size_t G1HeapRegionSize                         = 2097152                                   {product} {ergonomic}
    uintx GCDrainStackTargetSize                   = 64                                        {product} {ergonomic}
   size_t InitialHeapSize                          = 199229440                                 {product} {ergonomic}
   size_t MarkStackSize                            = 4194304                                   {product} {ergonomic}
   size_t MaxHeapSize                              = 3187671040                                {product} {ergonomic}
   size_t MaxNewSize                               = 1912602624                                {product} {ergonomic}
   size_t MinHeapDeltaBytes                        = 2097152                                   {product} {ergonomic}
   size_t MinHeapSize                              = 8388608                                   {product} {ergonomic}
    uintx NonNMethodCodeHeapSize                   = 5839372                                {pd product} {ergonomic}
    uintx NonProfiledCodeHeapSize                  = 122909434                              {pd product} {ergonomic}
    uintx ProfiledCodeHeapSize                     = 122909434                              {pd product} {ergonomic}
    uintx ReservedCodeCacheSize                    = 251658240                              {pd product} {ergonomic}
     bool SegmentedCodeCache                       = true                                      {product} {ergonomic}
   size_t SoftMaxHeapSize                          = 3187671040                             {manageable} {ergonomic}
     bool UseCompressedClassPointers               = true                           {product lp64_product} {ergonomic}
     bool UseCompressedOops                        = true                           {product lp64_product} {ergonomic}
     bool UseG1GC                                  = true                                      {product} {ergonomic}
     bool UseLargePagesIndividualAllocation        = false                                  {pd product} {ergonomic}

Logging:
Log output configuration:
 #0: stdout all=warning uptime,level,tags foldmultilines=false
 #1: stderr all=off uptime,level,tags foldmultilines=false

Environment Variables:
PATH=C:\Program Files\Common Files\Oracle\Java\javapath;C:\oraclexe\app\oracle\product\11.2.0\server\bin;;C:\Program Files (x86)\Common Files\Oracle\Java\javapath;C:\Windows\system32;C:\Windows;C:\Windows\System32\Wbem;C:\Windows\System32\WindowsPowerShell\v1.0\;C:\Windows\System32\OpenSSH\;C:\Program Files (x86)\NVIDIA Corporation\PhysX\Common;C:\Program Files\Microsoft VS Code\bin;C:\Program Files\MATLAB\R2018a\runtime\win64;C:\Program Files\MATLAB\R2018a\bin;C:\xampp\php;C:\ProgramData\ComposerSetup\bin;C:\xampp\htdocs\TEST_PRO\Brand\bin\bin;C:\Program Files (x86)\CodeBlocks\MinGW\bin;C:\Program Files\Java\jdk1.8.0_171\bin;C:\flutter\bin;C:\Program Files\Git\cmd;C:\Program Files (x86)\SMLNJ\bin\;C:\Program Files\Microsoft SQL Server\130\Tools\Binn\;C:\Program Files\Microsoft SQL Server\Client SDK\ODBC\170\Tools\Binn\;C:\Program Files\Microsoft SQL Server\Client SDK\ODBC\110\Tools\Binn\;C:\Program Files (x86)\Microsoft SQL Server\120\Tools\Binn\;C:\Program Files\Microsoft SQL Server\120\Tools\Binn\;C:\Program Files\Microsoft SQL Server\120\DTS\Binn\;C:\Program Files (x86)\Microsoft SQL Server\120\Tools\Binn\ManagementStudio\;C:\Program Files (x86)\Microsoft SQL Server\120\DTS\Binn\;C:\Program Files\dotnet\;C:\Program Files\nodejs\;C:\Users\User\AppData\Local\Microsoft\WindowsApps;C:\Users\User\AppData\Roaming\Composer\vendor\bin;C:\xampp\htdocs\TEST_PRO\Brand\bin\bin;C:\WINDOWS\System32;C:\Users\User\Desktop\assignment_2020-master;C:\flutter\bin;C:\Program Files (x86)\SMLNJ\bin;D:\Programs and Frameworks;C:\Users\User\.dotnet\tools;C:\Users\User\AppData\Roaming\npm
USERNAME=User
OS=Windows_NT
PROCESSOR_IDENTIFIER=Intel64 Family 6 Model 142 Stepping 10, GenuineIntel
TMP=C:\Users\User\AppData\Local\Temp
TEMP=C:\Users\User\AppData\Local\Temp



---------------  S Y S T E M  ---------------

OS:
 Windows 10 , 64 bit Build 19041 (10.0.19041.546)
OS uptime: 1 days 23:10 hours

CPU: total 8 (initial active 8) (4 cores per cpu, 2 threads per core) family 6 model 142 stepping 10 microcode 0xb4, cx8, cmov, fxsr, ht, mmx, 3dnowpref, sse, sse2, sse3, ssse3, sse4.1, sse4.2, popcnt, lzcnt, tsc, tscinvbit, avx, avx2, aes, erms, clmul, bmi1, bmi2, adx, fma, vzeroupper, clflush, clflushopt, rdtscp

Memory: 4k page, system-wide physical 12154M (2936M free)
TotalPageFile size 20858M (AvailPageFile size 6736M)
current process WorkingSet (physical memory assigned to process): 61M, peak: 61M
current process commit charge ("private bytes"): 284M, peak: 284M

vm_info: Java HotSpot(TM) 64-Bit Server VM (19.0.1+10-21) for windows-amd64 JRE (19.0.1+10-21), built on 2022-09-14T12:45:06Z by "mach5one" with MS VC++ 17.1 (VS2022)

END.
