#
# A fatal error has been detected by the Java Runtime Environment:
#
#  EXCEPTION_ACCESS_VIOLATION (0xc0000005) at pc=0x00007ff8cf546c84, pid=10696, tid=14740
#
# JRE version: Java(TM) SE Runtime Environment (19.0.1+10) (build 19.0.1+10-21)
# Java VM: Java HotSpot(TM) 64-Bit Server VM (19.0.1+10-21, mixed mode, sharing, tiered, compressed oops, compressed class ptrs, g1 gc, windows-amd64)
# Problematic frame:
# C  [jdwp.dll+0x26c84]
#
# No core dump will be written. Minidumps are not enabled by default on client versions of Windows
#
# If you would like to submit a bug report, please visit:
#   https://bugreport.java.com/bugreport/crash.jsp
# The crash happened outside the Java Virtual Machine in native code.
# See problematic frame for where to report the bug.
#

---------------  S U M M A R Y ------------

Command Line: -agentlib:jdwp=transport=dt_socket,address=127.0.0.1:51706,suspend=y,server=n -javaagent:C:\Users\User\AppData\Local\JetBrains\IdeaIC2022.2\captureAgent\debugger-agent.jar -Dfile.encoding=UTF-8 -Dsun.stdout.encoding=UTF-8 -Dsun.stderr.encoding=UTF-8 main.gameengine.GameEngine

Host: Intel(R) Core(TM) i5-8250U CPU @ 1.60GHz, 8 cores, 11G,  Windows 10 , 64 bit Build 19041 (10.0.19041.546)
Time: Thu Mar 23 10:58:26 2023 Russia TZ 2 Standard Time elapsed time: 1.103483 seconds (0d 0h 0m 1s)

---------------  T H R E A D  ---------------

Current thread (0x00000206502d93f0):  JavaThread "main" [_thread_in_native, id=14740, stack(0x0000008f97900000,0x0000008f97a00000)]

Stack: [0x0000008f97900000,0x0000008f97a00000],  sp=0x0000008f979fe5c8,  free space=1017k
Native frames: (J=compiled Java code, j=interpreted, Vv=VM code, C=native code)
C  [jdwp.dll+0x26c84]

Java frames: (J=compiled Java code, j=interpreted, Vv=VM code)
j  org.lwjgl.glfw.GLFW.glfwInit()Z+0
j  main.renderengine.WindowManager.createWindow()V+0
j  main.gameengine.GameEngine.main([Ljava/lang/String;)V+0
v  ~StubRoutines::call_stub 0x000002065f77100e

siginfo: EXCEPTION_ACCESS_VIOLATION (0xc0000005), reading address 0xffffffffffffffff


Registers:
RAX=0x000002067597cce0, RBX=0x0000020671025e80, RCX=0x00000206502d96d0, RDX=0x0000020671025e80
RSP=0x0000008f979fe5c8, RBP=0x0000000000000002, RSI=0x0000008f979fe670, RDI=0x00000206502d96d0
R8 =0x0000000000010002, R9 =0x0000000000000000, R10=0x00007ff8d8820000, R11=0x0000008f979fe598
R12=0x0000000000000007, R13=0x000002064e14be70, R14=0x00007ff8cf550300, R15=0x0000000000000000
RIP=0x00007ff8cf546c84, EFLAGS=0x0000000000010206


Register to memory mapping:

RIP=0x00007ff8cf546c84 jdwp.dll
RAX=0x000002067597cce0 points into unknown readable memory: 0x0000000000000000 | 00 00 00 00 00 00 00 00
RBX=0x0000020671025e80 points into unknown readable memory: 0x000000074dc0a4b0 | b0 a4 c0 4d 07 00 00 00
RCX=0x00000206502d96d0 points into unknown readable memory: 0x000002067597cce0 | e0 cc 97 75 06 02 00 00
RDX=0x0000020671025e80 points into unknown readable memory: 0x000000074dc0a4b0 | b0 a4 c0 4d 07 00 00 00
RSP=0x0000008f979fe5c8 is pointing into the stack for thread: 0x00000206502d93f0
RBP=0x0000000000000002 is an unknown value
RSI=0x0000008f979fe670 is pointing into the stack for thread: 0x00000206502d93f0
RDI=0x00000206502d96d0 points into unknown readable memory: 0x000002067597cce0 | e0 cc 97 75 06 02 00 00
R8 =0x0000000000010002 is an unknown value
R9 =0x0 is NULL
R10=0x00007ff8d8820000 VCRUNTIME140.dll
R11=0x0000008f979fe598 is pointing into the stack for thread: 0x00000206502d93f0
R12=0x0000000000000007 is an unknown value
R13=0x000002064e14be70 points into unknown readable memory: 0x00007ff895cd8ff0 | f0 8f cd 95 f8 7f 00 00
R14=0x00007ff8cf550300 jdwp.dll
R15=0x0 is NULL


Top of Stack: (sp=0x0000008f979fe5c8)
0x0000008f979fe5c8:   00007ff8cf535bd1 0000020671025e80
0x0000008f979fe5d8:   0000008f979fe670 0000000000000000
0x0000008f979fe5e8:   0000000000000000 00007ff895cbecd0
0x0000008f979fe5f8:   0000000000003994 0000020671025e80
0x0000008f979fe608:   00007ff8cf550328 0000000000000000
0x0000008f979fe618:   00007ff8cf53272f 0000020671025e80
0x0000008f979fe628:   0000000000000002 00000206502d96d0
0x0000008f979fe638:   0000020671025e88 0000000575480100
0x0000008f979fe648:   00007ff89540685f 0000000000000000
0x0000008f979fe658:   00007ff895552b2f 0000008f979fe6c0
0x0000008f979fe668:   00007ff89540a286 0000000000000007
0x0000008f979fe678:   0000020671025e80 0000000000000000
0x0000008f979fe688:   0000020671025e88 0000000000000000
0x0000008f979fe698:   0000000000000000 0000000000000000
0x0000008f979fe6a8:   0000000000000000 0000000000000000
0x0000008f979fe6b8:   0000000000000000 0000000000000000 

Instructions: (pc=0x00007ff8cf546c84)
0x00007ff8cf546b84:   05 d7 05 01 00 48 8b 03 48 8b d7 4d 8b 40 30 48
0x00007ff8cf546b94:   8b cb 48 8b 5c 24 30 48 83 c4 20 5f 48 ff a0 00
0x00007ff8cf546ba4:   01 00 00 cc 48 89 5c 24 08 57 48 83 ec 20 48 8b
0x00007ff8cf546bb4:   f9 e8 f2 ea ff ff 4c 8b 05 9f 05 01 00 48 8b d8
0x00007ff8cf546bc4:   41 f6 80 18 02 00 00 02 74 33 41 b8 21 06 00 00
0x00007ff8cf546bd4:   48 8d 15 8d bf 00 00 48 8d 0d 22 58 00 00 e8 89
0x00007ff8cf546be4:   41 ff ff 48 8d 15 ea 95 00 00 48 8d 0d 23 58 00
0x00007ff8cf546bf4:   00 e8 1e 42 ff ff 4c 8b 05 5f 05 01 00 48 8b 03
0x00007ff8cf546c04:   48 8b d7 4d 8b 40 38 48 8b cb 48 8b 5c 24 30 48
0x00007ff8cf546c14:   83 c4 20 5f 48 ff a0 00 01 00 00 cc 48 89 5c 24
0x00007ff8cf546c24:   08 57 48 83 ec 20 48 8b f9 e8 7a ea ff ff 48 8b
0x00007ff8cf546c34:   15 27 05 01 00 48 8b d8 f6 82 18 02 00 00 02 74
0x00007ff8cf546c44:   2c 41 b8 13 06 00 00 48 8d 15 16 bf 00 00 48 8d
0x00007ff8cf546c54:   0d ab 57 00 00 e8 12 41 ff ff 48 8d 15 8b 68 00
0x00007ff8cf546c64:   00 48 8d 0d ac 57 00 00 e8 a7 41 ff ff 48 8b 03
0x00007ff8cf546c74:   48 8b d7 48 8b cb 48 8b 5c 24 30 48 83 c4 20 5f
0x00007ff8cf546c84:   48 ff a0 50 07 00 00 cc 48 89 5c 24 08 48 89 74
0x00007ff8cf546c94:   24 10 48 89 7c 24 18 41 56 48 83 ec 20 4c 63 f2
0x00007ff8cf546ca4:   49 8b d8 48 8b d1 41 8b f9 48 8b cb 4d 8d 46 ff
0x00007ff8cf546cb4:   ff 15 b6 55 00 00 85 c0 75 3c 41 0f be 44 1e ff
0x00007ff8cf546cc4:   3b c7 75 32 49 03 de eb 10 0f be c8 ff 15 8a 55
0x00007ff8cf546cd4:   00 00 85 c0 74 09 48 ff c3 8a 03 84 c0 75 ea 80
0x00007ff8cf546ce4:   3b 3b 74 12 8b d7 48 8b cb e8 a0 4a 00 00 48 85
0x00007ff8cf546cf4:   c0 0f 94 c0 eb 02 32 c0 48 8b 5c 24 30 48 8b 74
0x00007ff8cf546d04:   24 38 48 8b 7c 24 40 48 83 c4 20 41 5e c3 cc cc
0x00007ff8cf546d14:   0f b6 d1 83 fa 1e 0f 87 83 00 00 00 74 7b 83 fa
0x00007ff8cf546d24:   07 77 41 74 39 83 ea 01 74 2e 83 ea 01 74 23 83
0x00007ff8cf546d34:   ea 01 74 18 83 ea 01 74 0d 83 fa 02 0f 85 8a 00
0x00007ff8cf546d44:   00 00 8d 42 03 c3 b8 04 00 00 00 c3 b8 03 00 00
0x00007ff8cf546d54:   00 c3 b8 02 00 00 00 c3 b8 01 00 00 00 c3 b8 06
0x00007ff8cf546d64:   00 00 00 c3 b8 08 00 00 00 2b d0 74 26 83 ea 01
0x00007ff8cf546d74:   0f 84 88 00 00 00 83 ea 01 74 12 b8 0a 00 00 00 


Stack slot to memory mapping:
stack at sp + 0 slots: 0x00007ff8cf535bd1 jdwp.dll
stack at sp + 1 slots: 0x0000020671025e80 points into unknown readable memory: 0x000000074dc0a4b0 | b0 a4 c0 4d 07 00 00 00
stack at sp + 2 slots: 0x0000008f979fe670 is pointing into the stack for thread: 0x00000206502d93f0
stack at sp + 3 slots: 0x0 is NULL
stack at sp + 4 slots: 0x0 is NULL
stack at sp + 5 slots: 0x00007ff895cbecd0 jvm.dll
stack at sp + 6 slots: 0x0000000000003994 is an unknown value
stack at sp + 7 slots: 0x0000020671025e80 points into unknown readable memory: 0x000000074dc0a4b0 | b0 a4 c0 4d 07 00 00 00


---------------  P R O C E S S  ---------------

Threads class SMR info:
_java_thread_list=0x00000206757f94f0, length=16, elements={
0x00000206502d93f0, 0x000002067103e600, 0x000002067103f1f0, 0x0000020671043810,
0x0000020671045150, 0x0000020671046220, 0x0000020671047430, 0x000002067104be70,
0x0000020671072a90, 0x000002067107ebf0, 0x00000206754be640, 0x0000020675547dd0,
0x00000206755fe310, 0x00000206755fe860, 0x00000206754bf630, 0x00000206756be1c0
}

Java Threads: ( => current thread )
=>0x00000206502d93f0 JavaThread "main" [_thread_in_native, id=14740, stack(0x0000008f97900000,0x0000008f97a00000)]
  0x000002067103e600 JavaThread "Reference Handler" daemon [_thread_blocked, id=11424, stack(0x0000008f98000000,0x0000008f98100000)]
  0x000002067103f1f0 JavaThread "Finalizer" daemon [_thread_blocked, id=1752, stack(0x0000008f98100000,0x0000008f98200000)]
  0x0000020671043810 JavaThread "Signal Dispatcher" daemon [_thread_blocked, id=2716, stack(0x0000008f98200000,0x0000008f98300000)]
  0x0000020671045150 JavaThread "Attach Listener" daemon [_thread_blocked, id=15316, stack(0x0000008f98300000,0x0000008f98400000)]
  0x0000020671046220 JavaThread "Service Thread" daemon [_thread_blocked, id=14224, stack(0x0000008f98400000,0x0000008f98500000)]
  0x0000020671047430 JavaThread "Monitor Deflation Thread" daemon [_thread_blocked, id=10964, stack(0x0000008f98500000,0x0000008f98600000)]
  0x000002067104be70 JavaThread "C2 CompilerThread0" daemon [_thread_blocked, id=8144, stack(0x0000008f98600000,0x0000008f98700000)]
  0x0000020671072a90 JavaThread "C1 CompilerThread0" daemon [_thread_blocked, id=6832, stack(0x0000008f98700000,0x0000008f98800000)]
  0x000002067107ebf0 JavaThread "Sweeper thread" daemon [_thread_blocked, id=2736, stack(0x0000008f98800000,0x0000008f98900000)]
  0x00000206754be640 JavaThread "Common-Cleaner" daemon [_thread_blocked, id=13600, stack(0x0000008f98900000,0x0000008f98a00000)]
  0x0000020675547dd0 JavaThread "JDWP Transport Listener: dt_socket" daemon [_thread_blocked, id=3968, stack(0x0000008f98a00000,0x0000008f98b00000)]
  0x00000206755fe310 JavaThread "JDWP Event Helper Thread" daemon [_thread_blocked, id=11292, stack(0x0000008f98b00000,0x0000008f98c00000)]
  0x00000206755fe860 JavaThread "JDWP Command Reader" daemon [_thread_in_native, id=12108, stack(0x0000008f98c00000,0x0000008f98d00000)]
  0x00000206754bf630 JavaThread "Notification Thread" daemon [_thread_blocked, id=15672, stack(0x0000008f98d00000,0x0000008f98e00000)]
  0x00000206756be1c0 JavaThread "C2 CompilerThread1" daemon [_thread_blocked, id=11248, stack(0x0000008f98f00000,0x0000008f99000000)]

Other Threads:
  0x0000020671023150 VMThread "VM Thread" [stack: 0x0000008f97f00000,0x0000008f98000000] [id=13684]
  0x0000020675599090 WatcherThread "VM Periodic Task Thread" [stack: 0x0000008f98e00000,0x0000008f98f00000] [id=9124]
  0x000002064e20ecd0 WorkerThread "GC Thread#0" [stack: 0x0000008f97a00000,0x0000008f97b00000] [id=9520]
  0x0000020650340330 ConcurrentGCThread "G1 Main Marker" [stack: 0x0000008f97b00000,0x0000008f97c00000] [id=11812]
  0x0000020650341310 WorkerThread "G1 Conc#0" [stack: 0x0000008f97c00000,0x0000008f97d00000] [id=13268]
  0x0000020670ee20b0 ConcurrentGCThread "G1 Refine#0" [stack: 0x0000008f97d00000,0x0000008f97e00000] [id=16088]
  0x0000020670ee2a00 ConcurrentGCThread "G1 Service" [stack: 0x0000008f97e00000,0x0000008f97f00000] [id=2756]

Threads with active compile tasks:

VM state: not at safepoint (normal execution)

VM Mutex/Monitor currently owned by a thread: None

Heap address: 0x0000000742000000, size: 3040 MB, Compressed Oops mode: Zero based, Oop shift amount: 3

CDS archive(s) mapped at: [0x0000000800000000-0x0000000800c40000-0x0000000800c40000), size 12845056, SharedBaseAddress: 0x0000000800000000, ArchiveRelocationMode: 0.
Compressed class space mapped at: 0x0000000801000000-0x0000000841000000, reserved size: 1073741824
Narrow klass base: 0x0000000800000000, Narrow klass shift: 0, Narrow klass range: 0x100000000

GC Precious Log:
 CardTable entry size: 512
 Card Set container configuration: InlinePtr #cards 4 size 8 Array Of Cards #cards 16 size 48 Howl #buckets 8 coarsen threshold 3686 Howl Bitmap #cards 512 size 80 coarsen threshold 460 Card regions per heap region 1 cards per card region 4096
 CPUs: 8 total, 8 available
 Memory: 12154M
 Large Page Support: Disabled
 NUMA Support: Disabled
 Compressed Oops: Enabled (Zero based)
 Heap Region Size: 2M
 Heap Min Capacity: 8M
 Heap Initial Capacity: 190M
 Heap Max Capacity: 3040M
 Pre-touch: Disabled
 Parallel Workers: 8
 Concurrent Workers: 2
 Concurrent Refinement Workers: 8
 Periodic GC: Disabled

Heap:
 garbage-first heap   total 194560K, used 8192K [0x0000000742000000, 0x0000000800000000)
  region size 2048K, 5 young (10240K), 0 survivors (0K)
 Metaspace       used 1955K, committed 2112K, reserved 1114112K
  class space    used 148K, committed 256K, reserved 1048576K

Heap Regions: E=young(eden), S=young(survivor), O=old, HS=humongous(starts), HC=humongous(continues), CS=collection set, F=free, OA=open archive, CA=closed archive, TAMS=top-at-mark-start (previous, next)
|   0|0x0000000742000000, 0x0000000742000000, 0x0000000742200000|  0%| F|  |TAMS 0x0000000742000000, 0x0000000742000000| Untracked 
|   1|0x0000000742200000, 0x0000000742200000, 0x0000000742400000|  0%| F|  |TAMS 0x0000000742200000, 0x0000000742200000| Untracked 
|   2|0x0000000742400000, 0x0000000742400000, 0x0000000742600000|  0%| F|  |TAMS 0x0000000742400000, 0x0000000742400000| Untracked 
|   3|0x0000000742600000, 0x0000000742600000, 0x0000000742800000|  0%| F|  |TAMS 0x0000000742600000, 0x0000000742600000| Untracked 
|   4|0x0000000742800000, 0x0000000742800000, 0x0000000742a00000|  0%| F|  |TAMS 0x0000000742800000, 0x0000000742800000| Untracked 
|   5|0x0000000742a00000, 0x0000000742a00000, 0x0000000742c00000|  0%| F|  |TAMS 0x0000000742a00000, 0x0000000742a00000| Untracked 
|   6|0x0000000742c00000, 0x0000000742c00000, 0x0000000742e00000|  0%| F|  |TAMS 0x0000000742c00000, 0x0000000742c00000| Untracked 
|   7|0x0000000742e00000, 0x0000000742e00000, 0x0000000743000000|  0%| F|  |TAMS 0x0000000742e00000, 0x0000000742e00000| Untracked 
|   8|0x0000000743000000, 0x0000000743000000, 0x0000000743200000|  0%| F|  |TAMS 0x0000000743000000, 0x0000000743000000| Untracked 
|   9|0x0000000743200000, 0x0000000743200000, 0x0000000743400000|  0%| F|  |TAMS 0x0000000743200000, 0x0000000743200000| Untracked 
|  10|0x0000000743400000, 0x0000000743400000, 0x0000000743600000|  0%| F|  |TAMS 0x0000000743400000, 0x0000000743400000| Untracked 
|  11|0x0000000743600000, 0x0000000743600000, 0x0000000743800000|  0%| F|  |TAMS 0x0000000743600000, 0x0000000743600000| Untracked 
|  12|0x0000000743800000, 0x0000000743800000, 0x0000000743a00000|  0%| F|  |TAMS 0x0000000743800000, 0x0000000743800000| Untracked 
|  13|0x0000000743a00000, 0x0000000743a00000, 0x0000000743c00000|  0%| F|  |TAMS 0x0000000743a00000, 0x0000000743a00000| Untracked 
|  14|0x0000000743c00000, 0x0000000743c00000, 0x0000000743e00000|  0%| F|  |TAMS 0x0000000743c00000, 0x0000000743c00000| Untracked 
|  15|0x0000000743e00000, 0x0000000743e00000, 0x0000000744000000|  0%| F|  |TAMS 0x0000000743e00000, 0x0000000743e00000| Untracked 
|  16|0x0000000744000000, 0x0000000744000000, 0x0000000744200000|  0%| F|  |TAMS 0x0000000744000000, 0x0000000744000000| Untracked 
|  17|0x0000000744200000, 0x0000000744200000, 0x0000000744400000|  0%| F|  |TAMS 0x0000000744200000, 0x0000000744200000| Untracked 
|  18|0x0000000744400000, 0x0000000744400000, 0x0000000744600000|  0%| F|  |TAMS 0x0000000744400000, 0x0000000744400000| Untracked 
|  19|0x0000000744600000, 0x0000000744600000, 0x0000000744800000|  0%| F|  |TAMS 0x0000000744600000, 0x0000000744600000| Untracked 
|  20|0x0000000744800000, 0x0000000744800000, 0x0000000744a00000|  0%| F|  |TAMS 0x0000000744800000, 0x0000000744800000| Untracked 
|  21|0x0000000744a00000, 0x0000000744a00000, 0x0000000744c00000|  0%| F|  |TAMS 0x0000000744a00000, 0x0000000744a00000| Untracked 
|  22|0x0000000744c00000, 0x0000000744c00000, 0x0000000744e00000|  0%| F|  |TAMS 0x0000000744c00000, 0x0000000744c00000| Untracked 
|  23|0x0000000744e00000, 0x0000000744e00000, 0x0000000745000000|  0%| F|  |TAMS 0x0000000744e00000, 0x0000000744e00000| Untracked 
|  24|0x0000000745000000, 0x0000000745000000, 0x0000000745200000|  0%| F|  |TAMS 0x0000000745000000, 0x0000000745000000| Untracked 
|  25|0x0000000745200000, 0x0000000745200000, 0x0000000745400000|  0%| F|  |TAMS 0x0000000745200000, 0x0000000745200000| Untracked 
|  26|0x0000000745400000, 0x0000000745400000, 0x0000000745600000|  0%| F|  |TAMS 0x0000000745400000, 0x0000000745400000| Untracked 
|  27|0x0000000745600000, 0x0000000745600000, 0x0000000745800000|  0%| F|  |TAMS 0x0000000745600000, 0x0000000745600000| Untracked 
|  28|0x0000000745800000, 0x0000000745800000, 0x0000000745a00000|  0%| F|  |TAMS 0x0000000745800000, 0x0000000745800000| Untracked 
|  29|0x0000000745a00000, 0x0000000745a00000, 0x0000000745c00000|  0%| F|  |TAMS 0x0000000745a00000, 0x0000000745a00000| Untracked 
|  30|0x0000000745c00000, 0x0000000745c00000, 0x0000000745e00000|  0%| F|  |TAMS 0x0000000745c00000, 0x0000000745c00000| Untracked 
|  31|0x0000000745e00000, 0x0000000745e00000, 0x0000000746000000|  0%| F|  |TAMS 0x0000000745e00000, 0x0000000745e00000| Untracked 
|  32|0x0000000746000000, 0x0000000746000000, 0x0000000746200000|  0%| F|  |TAMS 0x0000000746000000, 0x0000000746000000| Untracked 
|  33|0x0000000746200000, 0x0000000746200000, 0x0000000746400000|  0%| F|  |TAMS 0x0000000746200000, 0x0000000746200000| Untracked 
|  34|0x0000000746400000, 0x0000000746400000, 0x0000000746600000|  0%| F|  |TAMS 0x0000000746400000, 0x0000000746400000| Untracked 
|  35|0x0000000746600000, 0x0000000746600000, 0x0000000746800000|  0%| F|  |TAMS 0x0000000746600000, 0x0000000746600000| Untracked 
|  36|0x0000000746800000, 0x0000000746800000, 0x0000000746a00000|  0%| F|  |TAMS 0x0000000746800000, 0x0000000746800000| Untracked 
|  37|0x0000000746a00000, 0x0000000746a00000, 0x0000000746c00000|  0%| F|  |TAMS 0x0000000746a00000, 0x0000000746a00000| Untracked 
|  38|0x0000000746c00000, 0x0000000746c00000, 0x0000000746e00000|  0%| F|  |TAMS 0x0000000746c00000, 0x0000000746c00000| Untracked 
|  39|0x0000000746e00000, 0x0000000746e00000, 0x0000000747000000|  0%| F|  |TAMS 0x0000000746e00000, 0x0000000746e00000| Untracked 
|  40|0x0000000747000000, 0x0000000747000000, 0x0000000747200000|  0%| F|  |TAMS 0x0000000747000000, 0x0000000747000000| Untracked 
|  41|0x0000000747200000, 0x0000000747200000, 0x0000000747400000|  0%| F|  |TAMS 0x0000000747200000, 0x0000000747200000| Untracked 
|  42|0x0000000747400000, 0x0000000747400000, 0x0000000747600000|  0%| F|  |TAMS 0x0000000747400000, 0x0000000747400000| Untracked 
|  43|0x0000000747600000, 0x0000000747600000, 0x0000000747800000|  0%| F|  |TAMS 0x0000000747600000, 0x0000000747600000| Untracked 
|  44|0x0000000747800000, 0x0000000747800000, 0x0000000747a00000|  0%| F|  |TAMS 0x0000000747800000, 0x0000000747800000| Untracked 
|  45|0x0000000747a00000, 0x0000000747a00000, 0x0000000747c00000|  0%| F|  |TAMS 0x0000000747a00000, 0x0000000747a00000| Untracked 
|  46|0x0000000747c00000, 0x0000000747c00000, 0x0000000747e00000|  0%| F|  |TAMS 0x0000000747c00000, 0x0000000747c00000| Untracked 
|  47|0x0000000747e00000, 0x0000000747e00000, 0x0000000748000000|  0%| F|  |TAMS 0x0000000747e00000, 0x0000000747e00000| Untracked 
|  48|0x0000000748000000, 0x0000000748000000, 0x0000000748200000|  0%| F|  |TAMS 0x0000000748000000, 0x0000000748000000| Untracked 
|  49|0x0000000748200000, 0x0000000748200000, 0x0000000748400000|  0%| F|  |TAMS 0x0000000748200000, 0x0000000748200000| Untracked 
|  50|0x0000000748400000, 0x0000000748400000, 0x0000000748600000|  0%| F|  |TAMS 0x0000000748400000, 0x0000000748400000| Untracked 
|  51|0x0000000748600000, 0x0000000748600000, 0x0000000748800000|  0%| F|  |TAMS 0x0000000748600000, 0x0000000748600000| Untracked 
|  52|0x0000000748800000, 0x0000000748800000, 0x0000000748a00000|  0%| F|  |TAMS 0x0000000748800000, 0x0000000748800000| Untracked 
|  53|0x0000000748a00000, 0x0000000748a00000, 0x0000000748c00000|  0%| F|  |TAMS 0x0000000748a00000, 0x0000000748a00000| Untracked 
|  54|0x0000000748c00000, 0x0000000748c00000, 0x0000000748e00000|  0%| F|  |TAMS 0x0000000748c00000, 0x0000000748c00000| Untracked 
|  55|0x0000000748e00000, 0x0000000748e00000, 0x0000000749000000|  0%| F|  |TAMS 0x0000000748e00000, 0x0000000748e00000| Untracked 
|  56|0x0000000749000000, 0x0000000749000000, 0x0000000749200000|  0%| F|  |TAMS 0x0000000749000000, 0x0000000749000000| Untracked 
|  57|0x0000000749200000, 0x0000000749200000, 0x0000000749400000|  0%| F|  |TAMS 0x0000000749200000, 0x0000000749200000| Untracked 
|  58|0x0000000749400000, 0x0000000749400000, 0x0000000749600000|  0%| F|  |TAMS 0x0000000749400000, 0x0000000749400000| Untracked 
|  59|0x0000000749600000, 0x0000000749600000, 0x0000000749800000|  0%| F|  |TAMS 0x0000000749600000, 0x0000000749600000| Untracked 
|  60|0x0000000749800000, 0x0000000749800000, 0x0000000749a00000|  0%| F|  |TAMS 0x0000000749800000, 0x0000000749800000| Untracked 
|  61|0x0000000749a00000, 0x0000000749a00000, 0x0000000749c00000|  0%| F|  |TAMS 0x0000000749a00000, 0x0000000749a00000| Untracked 
|  62|0x0000000749c00000, 0x0000000749c00000, 0x0000000749e00000|  0%| F|  |TAMS 0x0000000749c00000, 0x0000000749c00000| Untracked 
|  63|0x0000000749e00000, 0x0000000749e00000, 0x000000074a000000|  0%| F|  |TAMS 0x0000000749e00000, 0x0000000749e00000| Untracked 
|  64|0x000000074a000000, 0x000000074a000000, 0x000000074a200000|  0%| F|  |TAMS 0x000000074a000000, 0x000000074a000000| Untracked 
|  65|0x000000074a200000, 0x000000074a200000, 0x000000074a400000|  0%| F|  |TAMS 0x000000074a200000, 0x000000074a200000| Untracked 
|  66|0x000000074a400000, 0x000000074a400000, 0x000000074a600000|  0%| F|  |TAMS 0x000000074a400000, 0x000000074a400000| Untracked 
|  67|0x000000074a600000, 0x000000074a600000, 0x000000074a800000|  0%| F|  |TAMS 0x000000074a600000, 0x000000074a600000| Untracked 
|  68|0x000000074a800000, 0x000000074a800000, 0x000000074aa00000|  0%| F|  |TAMS 0x000000074a800000, 0x000000074a800000| Untracked 
|  69|0x000000074aa00000, 0x000000074aa00000, 0x000000074ac00000|  0%| F|  |TAMS 0x000000074aa00000, 0x000000074aa00000| Untracked 
|  70|0x000000074ac00000, 0x000000074ac00000, 0x000000074ae00000|  0%| F|  |TAMS 0x000000074ac00000, 0x000000074ac00000| Untracked 
|  71|0x000000074ae00000, 0x000000074ae00000, 0x000000074b000000|  0%| F|  |TAMS 0x000000074ae00000, 0x000000074ae00000| Untracked 
|  72|0x000000074b000000, 0x000000074b000000, 0x000000074b200000|  0%| F|  |TAMS 0x000000074b000000, 0x000000074b000000| Untracked 
|  73|0x000000074b200000, 0x000000074b200000, 0x000000074b400000|  0%| F|  |TAMS 0x000000074b200000, 0x000000074b200000| Untracked 
|  74|0x000000074b400000, 0x000000074b400000, 0x000000074b600000|  0%| F|  |TAMS 0x000000074b400000, 0x000000074b400000| Untracked 
|  75|0x000000074b600000, 0x000000074b600000, 0x000000074b800000|  0%| F|  |TAMS 0x000000074b600000, 0x000000074b600000| Untracked 
|  76|0x000000074b800000, 0x000000074b800000, 0x000000074ba00000|  0%| F|  |TAMS 0x000000074b800000, 0x000000074b800000| Untracked 
|  77|0x000000074ba00000, 0x000000074ba00000, 0x000000074bc00000|  0%| F|  |TAMS 0x000000074ba00000, 0x000000074ba00000| Untracked 
|  78|0x000000074bc00000, 0x000000074bc00000, 0x000000074be00000|  0%| F|  |TAMS 0x000000074bc00000, 0x000000074bc00000| Untracked 
|  79|0x000000074be00000, 0x000000074be00000, 0x000000074c000000|  0%| F|  |TAMS 0x000000074be00000, 0x000000074be00000| Untracked 
|  80|0x000000074c000000, 0x000000074c000000, 0x000000074c200000|  0%| F|  |TAMS 0x000000074c000000, 0x000000074c000000| Untracked 
|  81|0x000000074c200000, 0x000000074c200000, 0x000000074c400000|  0%| F|  |TAMS 0x000000074c200000, 0x000000074c200000| Untracked 
|  82|0x000000074c400000, 0x000000074c400000, 0x000000074c600000|  0%| F|  |TAMS 0x000000074c400000, 0x000000074c400000| Untracked 
|  83|0x000000074c600000, 0x000000074c600000, 0x000000074c800000|  0%| F|  |TAMS 0x000000074c600000, 0x000000074c600000| Untracked 
|  84|0x000000074c800000, 0x000000074c800000, 0x000000074ca00000|  0%| F|  |TAMS 0x000000074c800000, 0x000000074c800000| Untracked 
|  85|0x000000074ca00000, 0x000000074ca00000, 0x000000074cc00000|  0%| F|  |TAMS 0x000000074ca00000, 0x000000074ca00000| Untracked 
|  86|0x000000074cc00000, 0x000000074cc00000, 0x000000074ce00000|  0%| F|  |TAMS 0x000000074cc00000, 0x000000074cc00000| Untracked 
|  87|0x000000074ce00000, 0x000000074ce00000, 0x000000074d000000|  0%| F|  |TAMS 0x000000074ce00000, 0x000000074ce00000| Untracked 
|  88|0x000000074d000000, 0x000000074d000000, 0x000000074d200000|  0%| F|  |TAMS 0x000000074d000000, 0x000000074d000000| Untracked 
|  89|0x000000074d200000, 0x000000074d200000, 0x000000074d400000|  0%| F|  |TAMS 0x000000074d200000, 0x000000074d200000| Untracked 
|  90|0x000000074d400000, 0x000000074d58ad48, 0x000000074d600000| 77%| E|  |TAMS 0x000000074d400000, 0x000000074d400000| Complete 
|  91|0x000000074d600000, 0x000000074d800000, 0x000000074d800000|100%| E|CS|TAMS 0x000000074d600000, 0x000000074d600000| Complete 
|  92|0x000000074d800000, 0x000000074da00000, 0x000000074da00000|100%| E|CS|TAMS 0x000000074d800000, 0x000000074d800000| Complete 
|  93|0x000000074da00000, 0x000000074dc00000, 0x000000074dc00000|100%| E|CS|TAMS 0x000000074da00000, 0x000000074da00000| Complete 
|  94|0x000000074dc00000, 0x000000074de00000, 0x000000074de00000|100%| E|CS|TAMS 0x000000074dc00000, 0x000000074dc00000| Complete 

Card table byte_map: [0x0000020667b60000,0x0000020668150000] _byte_map_base: 0x0000020664150000

Marking Bits (Prev, Next): (CMBitMap*) 0x0000020650333a60, (CMBitMap*) 0x0000020650333aa0
 Prev Bits: [0x0000020668740000, 0x000002066b6c0000)
 Next Bits: [0x000002066b6c0000, 0x000002066e640000)

Polling page: 0x000002064e290000

Metaspace:

Usage:
  Non-class:      1.76 MB used.
      Class:    148.44 KB used.
       Both:      1.91 MB used.

Virtual space:
  Non-class space:       64.00 MB reserved,       1.81 MB (  3%) committed,  1 nodes.
      Class space:        1.00 GB reserved,     256.00 KB ( <1%) committed,  1 nodes.
             Both:        1.06 GB reserved,       2.06 MB ( <1%) committed. 

Chunk freelists:
   Non-Class:  3.44 MB
       Class:  3.67 MB
        Both:  7.11 MB

MaxMetaspaceSize: unlimited
CompressedClassSpaceSize: 1.00 GB
Initial GC threshold: 21.00 MB
Current GC threshold: 21.00 MB
CDS: on
MetaspaceReclaimPolicy: balanced
 - commit_granule_bytes: 65536.
 - commit_granule_words: 8192.
 - virtual_space_node_default_size: 8388608.
 - enlarge_chunks_in_place: 1.
 - new_chunks_are_fully_committed: 0.
 - uncommit_free_chunks: 1.
 - use_allocation_guard: 0.


Internal statistics:

num_allocs_failed_limit: 0.
num_arena_births: 76.
num_arena_deaths: 0.
num_vsnodes_births: 2.
num_vsnodes_deaths: 0.
num_space_committed: 33.
num_space_uncommitted: 0.
num_chunks_returned_to_freelist: 0.
num_chunks_taken_from_freelist: 112.
num_chunk_merges: 0.
num_chunk_splits: 72.
num_chunks_enlarged: 47.
num_inconsistent_stats: 0.

CodeHeap 'non-profiled nmethods': size=120000Kb used=176Kb max_used=176Kb free=119823Kb
 bounds [0x000002065fd10000, 0x000002065ff80000, 0x0000020667240000]
CodeHeap 'profiled nmethods': size=120000Kb used=711Kb max_used=711Kb free=119288Kb
 bounds [0x0000020658240000, 0x00000206584b0000, 0x000002065f770000]
CodeHeap 'non-nmethods': size=5760Kb used=1295Kb max_used=1304Kb free=4464Kb
 bounds [0x000002065f770000, 0x000002065f9e0000, 0x000002065fd10000]
 total_blobs=954 nmethods=520 adapters=345
 compilation: enabled
              stopped_count=0, restarted_count=0
 full_count=0

Compilation events (20 events):
Event: 1.089 Thread 0x0000020671072a90  512       3       java.lang.ref.Cleaner::register (25 bytes)
Event: 1.090 Thread 0x0000020671072a90 nmethod 512 0x00000206582eda90 code [0x00000206582edca0, 0x00000206582ee228]
Event: 1.090 Thread 0x0000020671072a90  513       3       jdk.internal.ref.CleanerImpl$PhantomCleanableRef::<init> (12 bytes)
Event: 1.090 Thread 0x0000020671072a90 nmethod 513 0x00000206582ee490 code [0x00000206582ee640, 0x00000206582ee808]
Event: 1.093 Thread 0x0000020671072a90  514       3       jdk.internal.jimage.ImageStringsReader::hashCode (33 bytes)
Event: 1.093 Thread 0x0000020671072a90 nmethod 514 0x00000206582ee890 code [0x00000206582eea40, 0x00000206582eebb8]
Event: 1.093 Thread 0x0000020671072a90  515   !   3       java.nio.DirectIntBufferU::get (34 bytes)
Event: 1.094 Thread 0x0000020671072a90 nmethod 515 0x00000206582eec90 code [0x00000206582eeee0, 0x00000206582ef8d8]
Event: 1.094 Thread 0x0000020671072a90  516       3       java.nio.DirectIntBufferU::ix (10 bytes)
Event: 1.094 Thread 0x0000020671072a90 nmethod 516 0x00000206582efe10 code [0x00000206582effa0, 0x00000206582f00b8]
Event: 1.094 Thread 0x0000020671072a90  517   !   3       jdk.internal.misc.ScopedMemoryAccess::getInt (16 bytes)
Event: 1.094 Thread 0x0000020671072a90 nmethod 517 0x00000206582f0190 code [0x00000206582f0380, 0x00000206582f0778]
Event: 1.094 Thread 0x0000020671072a90  518   !   3       jdk.internal.misc.ScopedMemoryAccess::getIntInternal (34 bytes)
Event: 1.095 Thread 0x0000020671072a90 nmethod 518 0x00000206582f0a10 code [0x00000206582f0be0, 0x00000206582f0e88]
Event: 1.095 Thread 0x0000020671072a90  519       3       java.util.concurrent.ConcurrentHashMap$ValueIterator::next (34 bytes)
Event: 1.095 Thread 0x0000020671072a90 nmethod 519 0x00000206582f1010 code [0x00000206582f11e0, 0x00000206582f1478]
Event: 1.095 Thread 0x0000020671072a90  520       3       java.util.zip.CRC32::update (38 bytes)
Event: 1.095 Thread 0x0000020671072a90 nmethod 520 0x00000206582f1590 code [0x00000206582f1780, 0x00000206582f1bc8]
Event: 1.095 Thread 0x0000020671072a90  521       1       java.security.CodeSource::getLocationNoFragString (5 bytes)
Event: 1.095 Thread 0x0000020671072a90 nmethod 521 0x000002065fd3c090 code [0x000002065fd3c220, 0x000002065fd3c2f8]

GC Heap History (0 events):
No events

Dll operation events (9 events):
Event: 0.015 Loaded shared library C:\Program Files\Java\jdk-19\bin\java.dll
Event: 0.017 Loaded shared library C:\Program Files\Java\jdk-19\bin\zip.dll
Event: 0.029 Loaded shared library C:\Program Files\Java\jdk-19\bin\jsvml.dll
Event: 0.721 Loaded shared library C:\Program Files\Java\jdk-19\bin\instrument.dll
Event: 0.820 Loaded shared library C:\Program Files\Java\jdk-19\bin\net.dll
Event: 0.829 Loaded shared library C:\Program Files\Java\jdk-19\bin\nio.dll
Event: 0.847 Loaded shared library C:\Program Files\Java\jdk-19\bin\zip.dll
Event: 0.923 Loaded shared library C:\Program Files\Java\jdk-19\bin\jimage.dll
Event: 1.017 Loaded shared library C:\Users\User\AppData\Local\Temp\lwjglUser\3.3.1-build-7\lwjgl.dll

Deoptimization events (4 events):
Event: 0.968 Thread 0x00000206502d93f0 DEOPT PACKING pc=0x0000020658255cea sp=0x0000008f979fc700
Event: 0.968 Thread 0x00000206502d93f0 DEOPT UNPACKING pc=0x000002065f7d7543 sp=0x0000008f979fbb20 mode 0
Event: 1.028 Thread 0x00000206502d93f0 DEOPT PACKING pc=0x0000020658248c55 sp=0x0000008f979fc7e0
Event: 1.028 Thread 0x00000206502d93f0 DEOPT UNPACKING pc=0x000002065f7d7543 sp=0x0000008f979fbc58 mode 0

Classes loaded (20 events):
Event: 1.084 Loading class java/nio/BufferUnderflowException
Event: 1.084 Loading class java/nio/BufferUnderflowException done
Event: 1.084 Loading class org/lwjgl/system/MemoryStack
Event: 1.084 Loading class org/lwjgl/system/MemoryStack done
Event: 1.086 Loading class java/lang/IndexOutOfBoundsException
Event: 1.086 Loading class java/lang/IndexOutOfBoundsException done
Event: 1.087 Loading class org/lwjgl/system/MemoryStack$DebugMemoryStack
Event: 1.087 Loading class org/lwjgl/system/MemoryStack$DebugMemoryStack done
Event: 1.087 Loading class org/lwjgl/system/MemoryStack
Event: 1.087 Loading class org/lwjgl/system/MemoryStack done
Event: 1.088 Loading class org/lwjgl/system/MemoryStack
Event: 1.088 Loading class org/lwjgl/system/MemoryStack done
Event: 1.088 Loading class org/lwjgl/BufferUtils
Event: 1.088 Loading class org/lwjgl/BufferUtils done
Event: 1.089 Loading class org/lwjgl/system/windows/WinBase
Event: 1.089 Loading class org/lwjgl/system/windows/WinBase done
Event: 1.090 Loading class org/lwjgl/system/ThreadLocalUtil
Event: 1.090 Loading class org/lwjgl/system/ThreadLocalUtil done
Event: 1.094 Loading class org/lwjgl/glfw/GLFW$Functions
Event: 1.094 Loading class org/lwjgl/glfw/GLFW$Functions done

Classes unloaded (0 events):
No events

Classes redefined (0 events):
No events

Internal exceptions (20 events):
Event: 0.722 Thread 0x00000206502d93f0 Exception <a 'java/lang/NoSuchMethodError'{0x000000074daca3b0}: 'void java.lang.invoke.DirectMethodHandle$Holder.invokeStatic(java.lang.Object, java.lang.Object, java.lang.Object)'> (0x000000074daca3b0) 
thrown [s\open\src\hotspot\share\interpreter\linkResolver.cpp, line 774]
Event: 0.730 Thread 0x00000206502d93f0 Exception <a 'java/lang/NoSuchMethodError'{0x000000074db538a0}: 'java.lang.Object java.lang.invoke.Invokers$Holder.invokeExact_MT(java.lang.Object, java.lang.Object, java.lang.Object, java.lang.Object, java.lang.Object)'> (0x000000074db538a0) 
thrown [s\open\src\hotspot\share\interpreter\linkResolver.cpp, line 774]
Event: 0.894 Thread 0x00000206502d93f0 Exception <a 'java/lang/NoSuchMethodError'{0x000000074d975328}: 'void java.lang.invoke.DirectMethodHandle$Holder.invokeStatic(java.lang.Object, java.lang.Object)'> (0x000000074d975328) 
thrown [s\open\src\hotspot\share\interpreter\linkResolver.cpp, line 774]
Event: 0.896 Thread 0x00000206502d93f0 Exception <a 'java/lang/NoSuchMethodError'{0x000000074d97fbe8}: 'void java.lang.System.load(java.lang.String, java.lang.Class)'> (0x000000074d97fbe8) 
thrown [s\open\src\hotspot\share\interpreter\linkResolver.cpp, line 774]
Event: 0.896 Thread 0x00000206502d93f0 Exception <a 'java/lang/NoSuchMethodError'{0x000000074d9805e8}: 'void java.lang.invoke.DirectMethodHandle$Holder.invokeSpecial(java.lang.Object, java.lang.Object, java.lang.Object)'> (0x000000074d9805e8) 
thrown [s\open\src\hotspot\share\interpreter\linkResolver.cpp, line 774]
Event: 0.900 Thread 0x00000206502d93f0 Exception <a 'java/lang/NoSuchMethodError'{0x000000074d994c20}: 'java.lang.Object java.lang.invoke.DirectMethodHandle$Holder.invokeStatic(java.lang.Object, java.lang.Object, int)'> (0x000000074d994c20) 
thrown [s\open\src\hotspot\share\interpreter\linkResolver.cpp, line 774]
Event: 0.903 Thread 0x00000206502d93f0 Exception <a 'java/lang/NoSuchMethodError'{0x000000074d9a09a0}: 'void java.lang.invoke.DelegatingMethodHandle$Holder.delegate(java.lang.Object, java.lang.Object, int, java.lang.Object)'> (0x000000074d9a09a0) 
thrown [s\open\src\hotspot\share\interpreter\linkResolver.cpp, line 774]
Event: 0.904 Thread 0x00000206502d93f0 Exception <a 'java/lang/NoSuchMethodError'{0x000000074d9a49a0}: 'int java.lang.invoke.DirectMethodHandle$Holder.invokeSpecial(java.lang.Object, java.lang.Object, java.lang.Object)'> (0x000000074d9a49a0) 
thrown [s\open\src\hotspot\share\interpreter\linkResolver.cpp, line 774]
Event: 0.911 Thread 0x00000206502d93f0 Exception <a 'java/lang/NoSuchMethodError'{0x000000074d9c1f58}: 'void java.lang.System.loadLibrary(java.lang.String, java.lang.Class)'> (0x000000074d9c1f58) 
thrown [s\open\src\hotspot\share\interpreter\linkResolver.cpp, line 774]
Event: 1.014 Thread 0x00000206502d93f0 Exception <a 'sun/nio/fs/WindowsException'{0x000000074d7c7ca0}> (0x000000074d7c7ca0) 
thrown [s\open\src\hotspot\share\prims\jni.cpp, line 517]
Event: 1.014 Thread 0x00000206502d93f0 Exception <a 'sun/nio/fs/WindowsException'{0x000000074d7c96e0}> (0x000000074d7c96e0) 
thrown [s\open\src\hotspot\share\prims\jni.cpp, line 517]
Event: 1.044 Thread 0x00000206502d93f0 Exception <a 'sun/nio/fs/WindowsException'{0x000000074d454980}> (0x000000074d454980) 
thrown [s\open\src\hotspot\share\prims\jni.cpp, line 517]
Event: 1.044 Thread 0x00000206502d93f0 Exception <a 'sun/nio/fs/WindowsException'{0x000000074d454ce0}> (0x000000074d454ce0) 
thrown [s\open\src\hotspot\share\prims\jni.cpp, line 517]
Event: 1.064 Thread 0x00000206502d93f0 Exception <a 'java/lang/NoSuchMethodError'{0x000000074d498578}: 'java.lang.Object java.lang.invoke.DirectMethodHandle$Holder.invokeStaticInit(java.lang.Object)'> (0x000000074d498578) 
thrown [s\open\src\hotspot\share\interpreter\linkResolver.cpp, line 774]
Event: 1.074 Thread 0x00000206502d93f0 Exception <a 'java/lang/NoSuchMethodError'{0x000000074d4c6070}: 'int java.lang.invoke.DirectMethodHandle$Holder.invokeStaticInit(java.lang.Object, java.lang.Object, int, long)'> (0x000000074d4c6070) 
thrown [s\open\src\hotspot\share\interpreter\linkResolver.cpp, line 774]
Event: 1.075 Thread 0x00000206502d93f0 Exception <a 'java/lang/NoSuchMethodError'{0x000000074d4cb940}: 'java.lang.Object java.lang.invoke.DirectMethodHandle$Holder.newInvokeSpecial(java.lang.Object, java.lang.Object, int)'> (0x000000074d4cb940) 
thrown [s\open\src\hotspot\share\interpreter\linkResolver.cpp, line 774]
Event: 1.079 Thread 0x00000206502d93f0 Exception <a 'java/lang/NoSuchMethodError'{0x000000074d4dfd18}: 'int java.lang.invoke.DirectMethodHandle$Holder.invokeStaticInit(java.lang.Object, java.lang.Object, long, long)'> (0x000000074d4dfd18) 
thrown [s\open\src\hotspot\share\interpreter\linkResolver.cpp, line 774]
Event: 1.080 Thread 0x00000206502d93f0 Exception <a 'java/lang/NoSuchMethodError'{0x000000074d4e5e30}: 'java.lang.Object java.lang.invoke.DirectMethodHandle$Holder.newInvokeSpecial(java.lang.Object, java.lang.Object, long)'> (0x000000074d4e5e30) 
thrown [s\open\src\hotspot\share\interpreter\linkResolver.cpp, line 774]
Event: 1.080 Thread 0x00000206502d93f0 Exception <a 'java/lang/NoSuchMethodError'{0x000000074d4ea140}: 'java.lang.Object java.lang.invoke.Invokers$Holder.linkToTargetMethod(java.lang.Object, long, java.lang.Object)'> (0x000000074d4ea140) 
thrown [s\open\src\hotspot\share\interpreter\linkResolver.cpp, line 774]
Event: 1.082 Thread 0x00000206502d93f0 Exception <a 'java/lang/NoSuchMethodError'{0x000000074d4f16c8}: 'int java.lang.invoke.DirectMethodHandle$Holder.invokeStaticInit(java.lang.Object, java.lang.Object, java.lang.Object, long)'> (0x000000074d4f16c8) 
thrown [s\open\src\hotspot\share\interpreter\linkResolver.cpp, line 774]

VM Operations (8 events):
Event: 0.129 Executing VM operation: ChangeBreakpoints
Event: 0.129 Executing VM operation: ChangeBreakpoints done
Event: 0.717 Executing VM operation: ChangeBreakpoints
Event: 0.717 Executing VM operation: ChangeBreakpoints done
Event: 0.718 Executing VM operation: ChangeBreakpoints
Event: 0.718 Executing VM operation: ChangeBreakpoints done
Event: 0.795 Executing VM operation: ChangeBreakpoints
Event: 0.795 Executing VM operation: ChangeBreakpoints done

Events (16 events):
Event: 0.029 Thread 0x00000206502d93f0 Thread added: 0x00000206502d93f0
Event: 0.048 Thread 0x000002067103e600 Thread added: 0x000002067103e600
Event: 0.048 Thread 0x000002067103f1f0 Thread added: 0x000002067103f1f0
Event: 0.049 Thread 0x0000020671043810 Thread added: 0x0000020671043810
Event: 0.049 Thread 0x0000020671045150 Thread added: 0x0000020671045150
Event: 0.049 Thread 0x0000020671046220 Thread added: 0x0000020671046220
Event: 0.049 Thread 0x0000020671047430 Thread added: 0x0000020671047430
Event: 0.049 Thread 0x000002067104be70 Thread added: 0x000002067104be70
Event: 0.049 Thread 0x0000020671072a90 Thread added: 0x0000020671072a90
Event: 0.049 Thread 0x000002067107ebf0 Thread added: 0x000002067107ebf0
Event: 0.088 Thread 0x00000206754be640 Thread added: 0x00000206754be640
Event: 0.128 Thread 0x0000020675547dd0 Thread added: 0x0000020675547dd0
Event: 0.129 Thread 0x00000206755fe310 Thread added: 0x00000206755fe310
Event: 0.129 Thread 0x00000206755fe860 Thread added: 0x00000206755fe860
Event: 0.753 Thread 0x00000206754bf630 Thread added: 0x00000206754bf630
Event: 0.963 Thread 0x00000206756be1c0 Thread added: 0x00000206756be1c0


Dynamic libraries:
0x00007ff75e8d0000 - 0x00007ff75e8e0000 	C:\Program Files\Java\jdk-19\bin\java.exe
0x00007ff8df130000 - 0x00007ff8df326000 	C:\Windows\SYSTEM32\ntdll.dll
0x00007ff8dd1d0000 - 0x00007ff8dd28d000 	C:\Windows\System32\KERNEL32.DLL
0x00007ff8dce00000 - 0x00007ff8dd0c8000 	C:\Windows\System32\KERNELBASE.dll
0x00007ff8dc880000 - 0x00007ff8dc980000 	C:\Windows\System32\ucrtbase.dll
0x00007ff8d8820000 - 0x00007ff8d883b000 	C:\Program Files\Java\jdk-19\bin\VCRUNTIME140.dll
0x00007ff8d7ad0000 - 0x00007ff8d7ae8000 	C:\Program Files\Java\jdk-19\bin\jli.dll
0x00007ff8dd9e0000 - 0x00007ff8dda8a000 	C:\Windows\System32\ADVAPI32.dll
0x00007ff8deca0000 - 0x00007ff8ded3e000 	C:\Windows\System32\msvcrt.dll
0x00007ff8dda90000 - 0x00007ff8ddb2b000 	C:\Windows\System32\sechost.dll
0x00007ff8deac0000 - 0x00007ff8debe4000 	C:\Windows\System32\RPCRT4.dll
0x00007ff8ddb30000 - 0x00007ff8ddcd0000 	C:\Windows\System32\USER32.dll
0x00007ff8dd170000 - 0x00007ff8dd192000 	C:\Windows\System32\win32u.dll
0x00007ff8ca720000 - 0x00007ff8ca9bb000 	C:\Windows\WinSxS\amd64_microsoft.windows.common-controls_6595b64144ccf1df_6.0.19041.488_none_ca04af081b815d21\COMCTL32.dll
0x00007ff8dec60000 - 0x00007ff8dec8a000 	C:\Windows\System32\GDI32.dll
0x00007ff8dc980000 - 0x00007ff8dca89000 	C:\Windows\System32\gdi32full.dll
0x00007ff8dd0d0000 - 0x00007ff8dd16d000 	C:\Windows\System32\msvcp_win.dll
0x00007ff8d6eb0000 - 0x00007ff8d6eba000 	C:\Windows\SYSTEM32\VERSION.dll
0x00007ff8dd1a0000 - 0x00007ff8dd1d0000 	C:\Windows\System32\IMM32.DLL
0x00007ff8d8630000 - 0x00007ff8d863c000 	C:\Program Files\Java\jdk-19\bin\vcruntime140_1.dll
0x00007ff8d5dd0000 - 0x00007ff8d5e5e000 	C:\Program Files\Java\jdk-19\bin\msvcp140.dll
0x00007ff895170000 - 0x00007ff895e30000 	C:\Program Files\Java\jdk-19\bin\server\jvm.dll
0x00007ff8c5e70000 - 0x00007ff8c5e79000 	C:\Windows\SYSTEM32\WSOCK32.dll
0x00007ff8d1b50000 - 0x00007ff8d1b77000 	C:\Windows\SYSTEM32\WINMM.dll
0x00007ff8debf0000 - 0x00007ff8dec5b000 	C:\Windows\System32\WS2_32.dll
0x00007ff8da7d0000 - 0x00007ff8da7e2000 	C:\Windows\SYSTEM32\kernel.appcore.dll
0x00007ff8d8320000 - 0x00007ff8d832a000 	C:\Program Files\Java\jdk-19\bin\jimage.dll
0x00007ff8c5960000 - 0x00007ff8c5b44000 	C:\Windows\SYSTEM32\DBGHELP.DLL
0x00007ff8c5820000 - 0x00007ff8c584c000 	C:\Windows\SYSTEM32\dbgcore.DLL
0x00007ff8dcd80000 - 0x00007ff8dcdff000 	C:\Windows\System32\bcryptPrimitives.dll
0x00007ff8cf520000 - 0x00007ff8cf55c000 	C:\Program Files\Java\jdk-19\bin\jdwp.dll
0x00007ff8d7050000 - 0x00007ff8d705e000 	C:\Program Files\Java\jdk-19\bin\instrument.dll
0x00007ff8d5da0000 - 0x00007ff8d5dc6000 	C:\Program Files\Java\jdk-19\bin\java.dll
0x00007ff8cf560000 - 0x00007ff8cf578000 	C:\Program Files\Java\jdk-19\bin\zip.dll
0x00007ff8cf5c0000 - 0x00007ff8cf697000 	C:\Program Files\Java\jdk-19\bin\jsvml.dll
0x00007ff8ddcd0000 - 0x00007ff8de410000 	C:\Windows\System32\SHELL32.dll
0x00007ff8da9d0000 - 0x00007ff8db164000 	C:\Windows\SYSTEM32\windows.storage.dll
0x00007ff8de470000 - 0x00007ff8de7c5000 	C:\Windows\System32\combase.dll
0x00007ff8dc2f0000 - 0x00007ff8dc31c000 	C:\Windows\SYSTEM32\Wldp.dll
0x00007ff8de850000 - 0x00007ff8de8fe000 	C:\Windows\System32\SHCORE.dll
0x00007ff8dd8d0000 - 0x00007ff8dd925000 	C:\Windows\System32\shlwapi.dll
0x00007ff8dc7b0000 - 0x00007ff8dc7d6000 	C:\Windows\SYSTEM32\profapi.dll
0x00007ff8d5d90000 - 0x00007ff8d5d9c000 	C:\Program Files\Java\jdk-19\bin\dt_socket.dll
0x00007ff8dbd10000 - 0x00007ff8dbd4b000 	C:\Windows\SYSTEM32\IPHLPAPI.DLL
0x00007ff8dc070000 - 0x00007ff8dc0da000 	C:\Windows\system32\mswsock.dll
0x00007ff8cf5a0000 - 0x00007ff8cf5b3000 	C:\Program Files\Java\jdk-19\bin\net.dll
0x00007ff8d40e0000 - 0x00007ff8d41e0000 	C:\Windows\SYSTEM32\WINHTTP.dll
0x00007ff8cf580000 - 0x00007ff8cf596000 	C:\Program Files\Java\jdk-19\bin\nio.dll
0x00007ff8b7430000 - 0x00007ff8b74a5000 	C:\Users\User\AppData\Local\Temp\lwjglUser\3.3.1-build-7\lwjgl.dll
0x00007ff8cf470000 - 0x00007ff8cf4d1000 	C:\Users\User\AppData\Local\Temp\lwjglUser\3.3.1-build-7\glfw.dll

dbghelp: loaded successfully - version: 4.0.5 - missing functions: none
symbol engine: initialized successfully - sym options: 0x614 - pdb path: .;C:\Program Files\Java\jdk-19\bin;C:\Windows\SYSTEM32;C:\Windows\WinSxS\amd64_microsoft.windows.common-controls_6595b64144ccf1df_6.0.19041.488_none_ca04af081b815d21;C:\Program Files\Java\jdk-19\bin\server;C:\Users\User\AppData\Local\Temp\lwjglUser\3.3.1-build-7

VM Arguments:
jvm_args: -agentlib:jdwp=transport=dt_socket,address=127.0.0.1:51706,suspend=y,server=n -javaagent:C:\Users\User\AppData\Local\JetBrains\IdeaIC2022.2\captureAgent\debugger-agent.jar -Dfile.encoding=UTF-8 -Dsun.stdout.encoding=UTF-8 -Dsun.stderr.encoding=UTF-8 
java_command: main.gameengine.GameEngine
java_class_path (initial): D:\Usage\«·“—Ì»…\OpenGL\out\production\OpenGL;D:\Programs and Frameworks\libs\lwjgl.jar;D:\Programs and Frameworks\libs\lwjgl-par.jar;D:\Programs and Frameworks\libs\lwjgl-stb.jar;D:\Programs and Frameworks\libs\lwjgl-bgfx.jar;D:\Programs and Frameworks\libs\lwjgl-glfw.jar;D:\Programs and Frameworks\libs\joml-1.10.5.jar;D:\Programs and Frameworks\libs\lwjgl-assimp.jar;D:\Programs and Frameworks\libs\lwjgl-nanovg.jar;D:\Programs and Frameworks\libs\lwjgl-openal.jar;D:\Programs and Frameworks\libs\lwjgl-opengl.jar;D:\Programs and Frameworks\libs\lwjgl-vulkan.jar;D:\Programs and Frameworks\libs\lwjgl-javadoc.jar;D:\Programs and Frameworks\libs\lwjgl-nuklear.jar;D:\Programs and Frameworks\libs\lwjgl-sources.jar;D:\Programs and Frameworks\libs\slick-util(1).jar;D:\Programs and Frameworks\libs\lwjgl-par-javadoc.jar;D:\Programs and Frameworks\libs\lwjgl-par-sources.jar;D:\Programs and Frameworks\libs\lwjgl-stb-javadoc.jar;D:\Programs and Frameworks\libs\lwjgl-stb-sources.jar;D:\Programs and Frameworks\libs\lwjgl-bgfx-javadoc.jar;D:\Programs and Frameworks\libs\lwjgl-bgfx-sources.jar;D:\Programs and Frameworks\libs\lwjgl-glfw-javadoc.jar;D:\Programs and Frameworks\libs\lwjgl-glfw-sources.jar;D:\Programs and Frameworks\libs\joml-1.10.5-javadoc.jar;D:\Programs and Frameworks\libs\joml-1.10.5-sources.jar;D:\Programs and Frameworks\libs\lwjgl-assimp-javadoc.jar;D:\Programs and Frameworks\libs\lwjgl-assimp-sources.jar;D:\Programs and Frameworks\libs\lwjgl-nanovg-javadoc.jar;D:\Programs and Frameworks\libs\lwjgl-nanovg-sources.jar;D:\Programs and Frameworks\libs\lwjgl-openal-javadoc.jar;D:\Programs and Frameworks\libs\lwjgl-openal-sources.jar;D:\Programs and Frameworks\libs\lwjgl-opengl-javadoc.jar;D:\Programs and Frameworks\libs\lwjgl-opengl-sources.jar;D:\Programs and Frameworks\libs\lwjgl-vulkan-javadoc.jar;D:\Programs and Frameworks\libs\lwjgl-vulkan-sources.jar;D:\Programs and Frameworks\libs\lwjgl-natives-windows.jar;D:\Programs and Frameworks\libs\lwjgl-nuklear-javadoc.jar;D:\Programs and Frameworks\libs\lwjgl-nuklear-sources.jar;D:\Programs and Frameworks\libs\lwjgl-natives-windows-x86.jar;D:\Programs and Frameworks\libs\lwjgl-par-natives-windows.jar;D:\Programs and Frameworks\libs\lwjgl-stb-natives-windows.jar;D:\Programs and Frameworks\libs\lwjgl-bgfx-natives-windows.jar;D:\Programs and Frameworks\libs\lwjgl-glfw-natives-windows.jar;D:\Programs and Frameworks\libs\lwjgl-assimp-natives-windows.jar;D:\Programs and Frameworks\libs\lwjgl-nanovg-natives-windows.jar;D:\Programs and Frameworks\libs\lwjgl-openal-natives-windows.jar;D:\Programs and Frameworks\libs\lwjgl-opengl-natives-windows.jar;D:\Programs and Frameworks\libs\lwjgl-nuklear-natives-windows.jar;D:\Programs and Frameworks\libs\lwjgl-par-natives-windows-x86.jar;D:\Programs and Frameworks\libs\lwjgl-stb-natives-windows-x86.jar;D:\Programs and Frameworks\libs\lwjgl-bgfx-natives-windows-x86.jar;D:\Programs and Frameworks\libs\lwjgl-glfw-natives-windows-x86.jar;D:\Programs and Frameworks\libs\lwjgl-assimp-natives-windows-x86.jar;D:\Programs and Frameworks\libs\lwjgl-nanovg-natives-windows-x86.jar;D:\Programs and Frameworks\libs\lwjgl-openal-natives-windows-x86.jar;D:\Programs and Frameworks\libs\lwjgl-opengl-natives-windows-x86.jar;D:\Programs and Frameworks\libs\lwjgl-nuklear-natives-windows-x86.jar;C:\Program Files\JetBrains\IntelliJ IDEA Community Edition 2022.2.2\lib\idea_rt.jar
Launcher Type: SUN_STANDARD

[Global flags]
     intx CICompilerCount                          = 4                                         {product} {ergonomic}
     uint ConcGCThreads                            = 2                                         {product} {ergonomic}
     uint G1ConcRefinementThreads                  = 8                                         {product} {ergonomic}
   size_t G1HeapRegionSize                         = 2097152                                   {product} {ergonomic}
    uintx GCDrainStackTargetSize                   = 64                                        {product} {ergonomic}
   size_t InitialHeapSize                          = 199229440                                 {product} {ergonomic}
   size_t MarkStackSize                            = 4194304                                   {product} {ergonomic}
   size_t MaxHeapSize                              = 3187671040                                {product} {ergonomic}
   size_t MaxNewSize                               = 1912602624                                {product} {ergonomic}
   size_t MinHeapDeltaBytes                        = 2097152                                   {product} {ergonomic}
   size_t MinHeapSize                              = 8388608                                   {product} {ergonomic}
    uintx NonNMethodCodeHeapSize                   = 5839372                                {pd product} {ergonomic}
    uintx NonProfiledCodeHeapSize                  = 122909434                              {pd product} {ergonomic}
    uintx ProfiledCodeHeapSize                     = 122909434                              {pd product} {ergonomic}
    uintx ReservedCodeCacheSize                    = 251658240                              {pd product} {ergonomic}
     bool SegmentedCodeCache                       = true                                      {product} {ergonomic}
   size_t SoftMaxHeapSize                          = 3187671040                             {manageable} {ergonomic}
     bool UseCompressedClassPointers               = true                           {product lp64_product} {ergonomic}
     bool UseCompressedOops                        = true                           {product lp64_product} {ergonomic}
     bool UseG1GC                                  = true                                      {product} {ergonomic}
     bool UseLargePagesIndividualAllocation        = false                                  {pd product} {ergonomic}

Logging:
Log output configuration:
 #0: stdout all=warning uptime,level,tags foldmultilines=false
 #1: stderr all=off uptime,level,tags foldmultilines=false

Environment Variables:
PATH=C:\Program Files\Common Files\Oracle\Java\javapath;C:\oraclexe\app\oracle\product\11.2.0\server\bin;;C:\Program Files (x86)\Common Files\Oracle\Java\javapath;C:\Windows\system32;C:\Windows;C:\Windows\System32\Wbem;C:\Windows\System32\WindowsPowerShell\v1.0\;C:\Windows\System32\OpenSSH\;C:\Program Files (x86)\NVIDIA Corporation\PhysX\Common;C:\Program Files\Microsoft VS Code\bin;C:\Program Files\MATLAB\R2018a\runtime\win64;C:\Program Files\MATLAB\R2018a\bin;C:\xampp\php;C:\ProgramData\ComposerSetup\bin;C:\xampp\htdocs\TEST_PRO\Brand\bin\bin;C:\Program Files (x86)\CodeBlocks\MinGW\bin;C:\Program Files\Java\jdk1.8.0_171\bin;C:\flutter\bin;C:\Program Files\Git\cmd;C:\Program Files (x86)\SMLNJ\bin\;C:\Program Files\Microsoft SQL Server\130\Tools\Binn\;C:\Program Files\nodejs\;C:\Program Files\Microsoft SQL Server\Client SDK\ODBC\170\Tools\Binn\;C:\Program Files\Microsoft SQL Server\Client SDK\ODBC\110\Tools\Binn\;C:\Program Files (x86)\Microsoft SQL Server\120\Tools\Binn\;C:\Program Files\Microsoft SQL Server\120\Tools\Binn\;C:\Program Files\Microsoft SQL Server\120\DTS\Binn\;C:\Program Files (x86)\Microsoft SQL Server\120\Tools\Binn\ManagementStudio\;C:\Program Files (x86)\Microsoft SQL Server\120\DTS\Binn\;C:\Program Files\dotnet\;C:\Users\User\AppData\Local\Microsoft\WindowsApps;C:\Users\User\AppData\Roaming\Composer\vendor\bin;C:\xampp\htdocs\TEST_PRO\Brand\bin\bin;C:\WINDOWS\System32;C:\Users\User\Desktop\assignment_2020-master;C:\flutter\bin;C:\Program Files (x86)\SMLNJ\bin;D:\Programs and Frameworks;C:\Users\User\AppData\Roaming\npm;C:\Users\User\.dotnet\tools
USERNAME=User
OS=Windows_NT
PROCESSOR_IDENTIFIER=Intel64 Family 6 Model 142 Stepping 10, GenuineIntel
TMP=C:\Users\User\AppData\Local\Temp
TEMP=C:\Users\User\AppData\Local\Temp



---------------  S Y S T E M  ---------------

OS:
 Windows 10 , 64 bit Build 19041 (10.0.19041.546)
OS uptime: 1 days 1:07 hours

CPU: total 8 (initial active 8) (4 cores per cpu, 2 threads per core) family 6 model 142 stepping 10 microcode 0xb4, cx8, cmov, fxsr, ht, mmx, 3dnowpref, sse, sse2, sse3, ssse3, sse4.1, sse4.2, popcnt, lzcnt, tsc, tscinvbit, avx, avx2, aes, erms, clmul, bmi1, bmi2, adx, fma, vzeroupper, clflush, clflushopt, rdtscp

Memory: 4k page, system-wide physical 12154M (5909M free)
TotalPageFile size 14010M (AvailPageFile size 3291M)
current process WorkingSet (physical memory assigned to process): 46M, peak: 46M
current process commit charge ("private bytes"): 281M, peak: 281M

vm_info: Java HotSpot(TM) 64-Bit Server VM (19.0.1+10-21) for windows-amd64 JRE (19.0.1+10-21), built on 2022-09-14T12:45:06Z by "mach5one" with MS VC++ 17.1 (VS2022)

END.
