#
# A fatal error has been detected by the Java Runtime Environment:
#
#  EXCEPTION_ACCESS_VIOLATION (0xc0000005) at pc=0x00007ffe79d76c84, pid=9192, tid=24864
#
# JRE version: Java(TM) SE Runtime Environment (19.0.1+10) (build 19.0.1+10-21)
# Java VM: Java HotSpot(TM) 64-Bit Server VM (19.0.1+10-21, mixed mode, sharing, tiered, compressed oops, compressed class ptrs, g1 gc, windows-amd64)
# Problematic frame:
# C  [jdwp.dll+0x26c84]
#
# No core dump will be written. Minidumps are not enabled by default on client versions of Windows
#
# If you would like to submit a bug report, please visit:
#   https://bugreport.java.com/bugreport/crash.jsp
# The crash happened outside the Java Virtual Machine in native code.
# See problematic frame for where to report the bug.
#

---------------  S U M M A R Y ------------

Command Line: -agentlib:jdwp=transport=dt_socket,address=127.0.0.1:58416,suspend=y,server=n -javaagent:C:\Users\User\AppData\Local\JetBrains\IdeaIC2022.2\captureAgent\debugger-agent.jar -Dfile.encoding=UTF-8 -Dsun.stdout.encoding=UTF-8 -Dsun.stderr.encoding=UTF-8 main.gameengine.GameEngine

Host: Intel(R) Core(TM) i5-8250U CPU @ 1.60GHz, 8 cores, 11G,  Windows 10 , 64 bit Build 19041 (10.0.19041.546)
Time: Thu May 11 11:05:21 2023 Syria Daylight Time elapsed time: 0.592872 seconds (0d 0h 0m 0s)

---------------  T H R E A D  ---------------

Current thread (0x000001fef49e1de0):  JavaThread "main" [_thread_in_native, id=24864, stack(0x000000fe69e00000,0x000000fe69f00000)]

Stack: [0x000000fe69e00000,0x000000fe69f00000],  sp=0x000000fe69efe6d8,  free space=1017k
Native frames: (J=compiled Java code, j=interpreted, Vv=VM code, C=native code)
C  [jdwp.dll+0x26c84]

Java frames: (J=compiled Java code, j=interpreted, Vv=VM code)
j  org.lwjgl.glfw.GLFW.glfwInit()Z+0
j  main.renderengine.WindowManager.createWindow()V+0
j  main.gameengine.GameEngine.main([Ljava/lang/String;)V+0
v  ~StubRoutines::call_stub 0x000001fe8753100e

siginfo: EXCEPTION_ACCESS_VIOLATION (0xc0000005), reading address 0xffffffffffffffff


Registers:
RAX=0x000001fe9a171860, RBX=0x000001fe957fb440, RCX=0x000001fef49e20c0, RDX=0x000001fe957fb440
RSP=0x000000fe69efe6d8, RBP=0x0000000000000002, RSI=0x000000fe69efe780, RDI=0x000001fef49e20c0
R8 =0x0000000000010002, R9 =0x0000000000000000, R10=0x00007ffe9b3c0000, R11=0x000000fe69efe6a8
R12=0x0000000000000007, R13=0x000001fef49cbea0, R14=0x00007ffe79d80300, R15=0x0000000000000000
RIP=0x00007ffe79d76c84, EFLAGS=0x0000000000010202


Register to memory mapping:

RIP=0x00007ffe79d76c84 jdwp.dll
RAX=0x000001fe9a171860 points into unknown readable memory: 0x0000000000000000 | 00 00 00 00 00 00 00 00
RBX=0x000001fe957fb440 points into unknown readable memory: 0x000000074dc0a4b0 | b0 a4 c0 4d 07 00 00 00
RCX=0x000001fef49e20c0 points into unknown readable memory: 0x000001fe9a171860 | 60 18 17 9a fe 01 00 00
RDX=0x000001fe957fb440 points into unknown readable memory: 0x000000074dc0a4b0 | b0 a4 c0 4d 07 00 00 00
RSP=0x000000fe69efe6d8 is pointing into the stack for thread: 0x000001fef49e1de0
RBP=0x0000000000000002 is an unknown value
RSI=0x000000fe69efe780 is pointing into the stack for thread: 0x000001fef49e1de0
RDI=0x000001fef49e20c0 points into unknown readable memory: 0x000001fe9a171860 | 60 18 17 9a fe 01 00 00
R8 =0x0000000000010002 is an unknown value
R9 =0x0 is NULL
R10=0x00007ffe9b3c0000 VCRUNTIME140.dll
R11=0x000000fe69efe6a8 is pointing into the stack for thread: 0x000001fef49e1de0
R12=0x0000000000000007 is an unknown value
R13=0x000001fef49cbea0 points into unknown readable memory: 0x00007ffe314e8ff0 | f0 8f 4e 31 fe 7f 00 00
R14=0x00007ffe79d80300 jdwp.dll
R15=0x0 is NULL


Top of Stack: (sp=0x000000fe69efe6d8)
0x000000fe69efe6d8:   00007ffe79d65bd1 000001fe957fb440
0x000000fe69efe6e8:   000000fe69efe780 0000000000000000
0x000000fe69efe6f8:   0000000000000000 00007ffe314cecd0
0x000000fe69efe708:   0000000000006120 000001fe957fb440
0x000000fe69efe718:   00007ffe79d80328 0000000000000000
0x000000fe69efe728:   00007ffe79d6272f 000001fe957fb440
0x000000fe69efe738:   0000000000000002 000001fef49e20c0
0x000000fe69efe748:   000001fe957fb448 0000000599ea0100
0x000000fe69efe758:   00007ffe30c1685f 0000000000000000
0x000000fe69efe768:   00007ffe30d62b2f 000000fe69efe7d0
0x000000fe69efe778:   00007ffe30c1a286 0000000000000007
0x000000fe69efe788:   000001fe957fb440 0000000000000000
0x000000fe69efe798:   000001fe957fb448 0000000000000000
0x000000fe69efe7a8:   0000000000000000 0000000000000000
0x000000fe69efe7b8:   0000000000000000 0000000000000000
0x000000fe69efe7c8:   0000000000000000 0000000000000000 

Instructions: (pc=0x00007ffe79d76c84)
0x00007ffe79d76b84:   05 d7 05 01 00 48 8b 03 48 8b d7 4d 8b 40 30 48
0x00007ffe79d76b94:   8b cb 48 8b 5c 24 30 48 83 c4 20 5f 48 ff a0 00
0x00007ffe79d76ba4:   01 00 00 cc 48 89 5c 24 08 57 48 83 ec 20 48 8b
0x00007ffe79d76bb4:   f9 e8 f2 ea ff ff 4c 8b 05 9f 05 01 00 48 8b d8
0x00007ffe79d76bc4:   41 f6 80 18 02 00 00 02 74 33 41 b8 21 06 00 00
0x00007ffe79d76bd4:   48 8d 15 8d bf 00 00 48 8d 0d 22 58 00 00 e8 89
0x00007ffe79d76be4:   41 ff ff 48 8d 15 ea 95 00 00 48 8d 0d 23 58 00
0x00007ffe79d76bf4:   00 e8 1e 42 ff ff 4c 8b 05 5f 05 01 00 48 8b 03
0x00007ffe79d76c04:   48 8b d7 4d 8b 40 38 48 8b cb 48 8b 5c 24 30 48
0x00007ffe79d76c14:   83 c4 20 5f 48 ff a0 00 01 00 00 cc 48 89 5c 24
0x00007ffe79d76c24:   08 57 48 83 ec 20 48 8b f9 e8 7a ea ff ff 48 8b
0x00007ffe79d76c34:   15 27 05 01 00 48 8b d8 f6 82 18 02 00 00 02 74
0x00007ffe79d76c44:   2c 41 b8 13 06 00 00 48 8d 15 16 bf 00 00 48 8d
0x00007ffe79d76c54:   0d ab 57 00 00 e8 12 41 ff ff 48 8d 15 8b 68 00
0x00007ffe79d76c64:   00 48 8d 0d ac 57 00 00 e8 a7 41 ff ff 48 8b 03
0x00007ffe79d76c74:   48 8b d7 48 8b cb 48 8b 5c 24 30 48 83 c4 20 5f
0x00007ffe79d76c84:   48 ff a0 50 07 00 00 cc 48 89 5c 24 08 48 89 74
0x00007ffe79d76c94:   24 10 48 89 7c 24 18 41 56 48 83 ec 20 4c 63 f2
0x00007ffe79d76ca4:   49 8b d8 48 8b d1 41 8b f9 48 8b cb 4d 8d 46 ff
0x00007ffe79d76cb4:   ff 15 b6 55 00 00 85 c0 75 3c 41 0f be 44 1e ff
0x00007ffe79d76cc4:   3b c7 75 32 49 03 de eb 10 0f be c8 ff 15 8a 55
0x00007ffe79d76cd4:   00 00 85 c0 74 09 48 ff c3 8a 03 84 c0 75 ea 80
0x00007ffe79d76ce4:   3b 3b 74 12 8b d7 48 8b cb e8 a0 4a 00 00 48 85
0x00007ffe79d76cf4:   c0 0f 94 c0 eb 02 32 c0 48 8b 5c 24 30 48 8b 74
0x00007ffe79d76d04:   24 38 48 8b 7c 24 40 48 83 c4 20 41 5e c3 cc cc
0x00007ffe79d76d14:   0f b6 d1 83 fa 1e 0f 87 83 00 00 00 74 7b 83 fa
0x00007ffe79d76d24:   07 77 41 74 39 83 ea 01 74 2e 83 ea 01 74 23 83
0x00007ffe79d76d34:   ea 01 74 18 83 ea 01 74 0d 83 fa 02 0f 85 8a 00
0x00007ffe79d76d44:   00 00 8d 42 03 c3 b8 04 00 00 00 c3 b8 03 00 00
0x00007ffe79d76d54:   00 c3 b8 02 00 00 00 c3 b8 01 00 00 00 c3 b8 06
0x00007ffe79d76d64:   00 00 00 c3 b8 08 00 00 00 2b d0 74 26 83 ea 01
0x00007ffe79d76d74:   0f 84 88 00 00 00 83 ea 01 74 12 b8 0a 00 00 00 


Stack slot to memory mapping:
stack at sp + 0 slots: 0x00007ffe79d65bd1 jdwp.dll
stack at sp + 1 slots: 0x000001fe957fb440 points into unknown readable memory: 0x000000074dc0a4b0 | b0 a4 c0 4d 07 00 00 00
stack at sp + 2 slots: 0x000000fe69efe780 is pointing into the stack for thread: 0x000001fef49e1de0
stack at sp + 3 slots: 0x0 is NULL
stack at sp + 4 slots: 0x0 is NULL
stack at sp + 5 slots: 0x00007ffe314cecd0 jvm.dll
stack at sp + 6 slots: 0x0000000000006120 is an unknown value
stack at sp + 7 slots: 0x000001fe957fb440 points into unknown readable memory: 0x000000074dc0a4b0 | b0 a4 c0 4d 07 00 00 00


---------------  P R O C E S S  ---------------

Threads class SMR info:
_java_thread_list=0x000001fe99e59b60, length=16, elements={
0x000001fef49e1de0, 0x000001fe95812c10, 0x000001fe95813a00, 0x000001fe95816e80,
0x000001fe95818b20, 0x000001fe95819450, 0x000001fe95819ec0, 0x000001fe9581ac60,
0x000001fe95832360, 0x000001fe958354c0, 0x000001fe957e5930, 0x000001fe99d54260,
0x000001fe99d86260, 0x000001fe99d8e7d0, 0x000001fe99dcef80, 0x000001fe9a0380e0
}

Java Threads: ( => current thread )
=>0x000001fef49e1de0 JavaThread "main" [_thread_in_native, id=24864, stack(0x000000fe69e00000,0x000000fe69f00000)]
  0x000001fe95812c10 JavaThread "Reference Handler" daemon [_thread_blocked, id=19552, stack(0x000000fe6a500000,0x000000fe6a600000)]
  0x000001fe95813a00 JavaThread "Finalizer" daemon [_thread_blocked, id=16164, stack(0x000000fe6a600000,0x000000fe6a700000)]
  0x000001fe95816e80 JavaThread "Signal Dispatcher" daemon [_thread_blocked, id=17948, stack(0x000000fe6a700000,0x000000fe6a800000)]
  0x000001fe95818b20 JavaThread "Attach Listener" daemon [_thread_blocked, id=4524, stack(0x000000fe6a800000,0x000000fe6a900000)]
  0x000001fe95819450 JavaThread "Service Thread" daemon [_thread_blocked, id=17316, stack(0x000000fe6a900000,0x000000fe6aa00000)]
  0x000001fe95819ec0 JavaThread "Monitor Deflation Thread" daemon [_thread_blocked, id=13152, stack(0x000000fe6aa00000,0x000000fe6ab00000)]
  0x000001fe9581ac60 JavaThread "C2 CompilerThread0" daemon [_thread_blocked, id=24340, stack(0x000000fe6ab00000,0x000000fe6ac00000)]
  0x000001fe95832360 JavaThread "C1 CompilerThread0" daemon [_thread_blocked, id=4468, stack(0x000000fe6ac00000,0x000000fe6ad00000)]
  0x000001fe958354c0 JavaThread "Sweeper thread" daemon [_thread_blocked, id=15548, stack(0x000000fe6ad00000,0x000000fe6ae00000)]
  0x000001fe957e5930 JavaThread "Common-Cleaner" daemon [_thread_blocked, id=24372, stack(0x000000fe6ae00000,0x000000fe6af00000)]
  0x000001fe99d54260 JavaThread "JDWP Transport Listener: dt_socket" daemon [_thread_blocked, id=20092, stack(0x000000fe6af00000,0x000000fe6b000000)]
  0x000001fe99d86260 JavaThread "JDWP Event Helper Thread" daemon [_thread_blocked, id=22680, stack(0x000000fe6b000000,0x000000fe6b100000)]
  0x000001fe99d8e7d0 JavaThread "JDWP Command Reader" daemon [_thread_in_native, id=11720, stack(0x000000fe6b100000,0x000000fe6b200000)]
  0x000001fe99dcef80 JavaThread "Notification Thread" daemon [_thread_blocked, id=16068, stack(0x000000fe6b200000,0x000000fe6b300000)]
  0x000001fe9a0380e0 JavaThread "C2 CompilerThread1" daemon [_thread_blocked, id=16192, stack(0x000000fe6b400000,0x000000fe6b500000)]

Other Threads:
  0x000001fe957f7da0 VMThread "VM Thread" [stack: 0x000000fe6a400000,0x000000fe6a500000] [id=1280]
  0x000001fe99dadd50 WatcherThread "VM Periodic Task Thread" [stack: 0x000000fe6b300000,0x000000fe6b400000] [id=23584]
  0x000001fef4a42330 WorkerThread "GC Thread#0" [stack: 0x000000fe69f00000,0x000000fe6a000000] [id=18788]
  0x000001fef4a4ffb0 ConcurrentGCThread "G1 Main Marker" [stack: 0x000000fe6a000000,0x000000fe6a100000] [id=11784]
  0x000001fef4a50a90 WorkerThread "G1 Conc#0" [stack: 0x000000fe6a100000,0x000000fe6a200000] [id=24608]
  0x000001fe956b7140 ConcurrentGCThread "G1 Refine#0" [stack: 0x000000fe6a200000,0x000000fe6a300000] [id=15184]
  0x000001fe956b7a90 ConcurrentGCThread "G1 Service" [stack: 0x000000fe6a300000,0x000000fe6a400000] [id=8836]

Threads with active compile tasks:

VM state: not at safepoint (normal execution)

VM Mutex/Monitor currently owned by a thread: None

Heap address: 0x0000000742000000, size: 3040 MB, Compressed Oops mode: Zero based, Oop shift amount: 3

CDS archive(s) mapped at: [0x0000000800000000-0x0000000800c40000-0x0000000800c40000), size 12845056, SharedBaseAddress: 0x0000000800000000, ArchiveRelocationMode: 0.
Compressed class space mapped at: 0x0000000801000000-0x0000000841000000, reserved size: 1073741824
Narrow klass base: 0x0000000800000000, Narrow klass shift: 0, Narrow klass range: 0x100000000

GC Precious Log:
 CardTable entry size: 512
 Card Set container configuration: InlinePtr #cards 4 size 8 Array Of Cards #cards 16 size 48 Howl #buckets 8 coarsen threshold 3686 Howl Bitmap #cards 512 size 80 coarsen threshold 460 Card regions per heap region 1 cards per card region 4096
 CPUs: 8 total, 8 available
 Memory: 12154M
 Large Page Support: Disabled
 NUMA Support: Disabled
 Compressed Oops: Enabled (Zero based)
 Heap Region Size: 2M
 Heap Min Capacity: 8M
 Heap Initial Capacity: 190M
 Heap Max Capacity: 3040M
 Pre-touch: Disabled
 Parallel Workers: 8
 Concurrent Workers: 2
 Concurrent Refinement Workers: 8
 Periodic GC: Disabled

Heap:
 garbage-first heap   total 194560K, used 8192K [0x0000000742000000, 0x0000000800000000)
  region size 2048K, 5 young (10240K), 0 survivors (0K)
 Metaspace       used 2053K, committed 2240K, reserved 1114112K
  class space    used 152K, committed 256K, reserved 1048576K

Heap Regions: E=young(eden), S=young(survivor), O=old, HS=humongous(starts), HC=humongous(continues), CS=collection set, F=free, OA=open archive, CA=closed archive, TAMS=top-at-mark-start (previous, next)
|   0|0x0000000742000000, 0x0000000742000000, 0x0000000742200000|  0%| F|  |TAMS 0x0000000742000000, 0x0000000742000000| Untracked 
|   1|0x0000000742200000, 0x0000000742200000, 0x0000000742400000|  0%| F|  |TAMS 0x0000000742200000, 0x0000000742200000| Untracked 
|   2|0x0000000742400000, 0x0000000742400000, 0x0000000742600000|  0%| F|  |TAMS 0x0000000742400000, 0x0000000742400000| Untracked 
|   3|0x0000000742600000, 0x0000000742600000, 0x0000000742800000|  0%| F|  |TAMS 0x0000000742600000, 0x0000000742600000| Untracked 
|   4|0x0000000742800000, 0x0000000742800000, 0x0000000742a00000|  0%| F|  |TAMS 0x0000000742800000, 0x0000000742800000| Untracked 
|   5|0x0000000742a00000, 0x0000000742a00000, 0x0000000742c00000|  0%| F|  |TAMS 0x0000000742a00000, 0x0000000742a00000| Untracked 
|   6|0x0000000742c00000, 0x0000000742c00000, 0x0000000742e00000|  0%| F|  |TAMS 0x0000000742c00000, 0x0000000742c00000| Untracked 
|   7|0x0000000742e00000, 0x0000000742e00000, 0x0000000743000000|  0%| F|  |TAMS 0x0000000742e00000, 0x0000000742e00000| Untracked 
|   8|0x0000000743000000, 0x0000000743000000, 0x0000000743200000|  0%| F|  |TAMS 0x0000000743000000, 0x0000000743000000| Untracked 
|   9|0x0000000743200000, 0x0000000743200000, 0x0000000743400000|  0%| F|  |TAMS 0x0000000743200000, 0x0000000743200000| Untracked 
|  10|0x0000000743400000, 0x0000000743400000, 0x0000000743600000|  0%| F|  |TAMS 0x0000000743400000, 0x0000000743400000| Untracked 
|  11|0x0000000743600000, 0x0000000743600000, 0x0000000743800000|  0%| F|  |TAMS 0x0000000743600000, 0x0000000743600000| Untracked 
|  12|0x0000000743800000, 0x0000000743800000, 0x0000000743a00000|  0%| F|  |TAMS 0x0000000743800000, 0x0000000743800000| Untracked 
|  13|0x0000000743a00000, 0x0000000743a00000, 0x0000000743c00000|  0%| F|  |TAMS 0x0000000743a00000, 0x0000000743a00000| Untracked 
|  14|0x0000000743c00000, 0x0000000743c00000, 0x0000000743e00000|  0%| F|  |TAMS 0x0000000743c00000, 0x0000000743c00000| Untracked 
|  15|0x0000000743e00000, 0x0000000743e00000, 0x0000000744000000|  0%| F|  |TAMS 0x0000000743e00000, 0x0000000743e00000| Untracked 
|  16|0x0000000744000000, 0x0000000744000000, 0x0000000744200000|  0%| F|  |TAMS 0x0000000744000000, 0x0000000744000000| Untracked 
|  17|0x0000000744200000, 0x0000000744200000, 0x0000000744400000|  0%| F|  |TAMS 0x0000000744200000, 0x0000000744200000| Untracked 
|  18|0x0000000744400000, 0x0000000744400000, 0x0000000744600000|  0%| F|  |TAMS 0x0000000744400000, 0x0000000744400000| Untracked 
|  19|0x0000000744600000, 0x0000000744600000, 0x0000000744800000|  0%| F|  |TAMS 0x0000000744600000, 0x0000000744600000| Untracked 
|  20|0x0000000744800000, 0x0000000744800000, 0x0000000744a00000|  0%| F|  |TAMS 0x0000000744800000, 0x0000000744800000| Untracked 
|  21|0x0000000744a00000, 0x0000000744a00000, 0x0000000744c00000|  0%| F|  |TAMS 0x0000000744a00000, 0x0000000744a00000| Untracked 
|  22|0x0000000744c00000, 0x0000000744c00000, 0x0000000744e00000|  0%| F|  |TAMS 0x0000000744c00000, 0x0000000744c00000| Untracked 
|  23|0x0000000744e00000, 0x0000000744e00000, 0x0000000745000000|  0%| F|  |TAMS 0x0000000744e00000, 0x0000000744e00000| Untracked 
|  24|0x0000000745000000, 0x0000000745000000, 0x0000000745200000|  0%| F|  |TAMS 0x0000000745000000, 0x0000000745000000| Untracked 
|  25|0x0000000745200000, 0x0000000745200000, 0x0000000745400000|  0%| F|  |TAMS 0x0000000745200000, 0x0000000745200000| Untracked 
|  26|0x0000000745400000, 0x0000000745400000, 0x0000000745600000|  0%| F|  |TAMS 0x0000000745400000, 0x0000000745400000| Untracked 
|  27|0x0000000745600000, 0x0000000745600000, 0x0000000745800000|  0%| F|  |TAMS 0x0000000745600000, 0x0000000745600000| Untracked 
|  28|0x0000000745800000, 0x0000000745800000, 0x0000000745a00000|  0%| F|  |TAMS 0x0000000745800000, 0x0000000745800000| Untracked 
|  29|0x0000000745a00000, 0x0000000745a00000, 0x0000000745c00000|  0%| F|  |TAMS 0x0000000745a00000, 0x0000000745a00000| Untracked 
|  30|0x0000000745c00000, 0x0000000745c00000, 0x0000000745e00000|  0%| F|  |TAMS 0x0000000745c00000, 0x0000000745c00000| Untracked 
|  31|0x0000000745e00000, 0x0000000745e00000, 0x0000000746000000|  0%| F|  |TAMS 0x0000000745e00000, 0x0000000745e00000| Untracked 
|  32|0x0000000746000000, 0x0000000746000000, 0x0000000746200000|  0%| F|  |TAMS 0x0000000746000000, 0x0000000746000000| Untracked 
|  33|0x0000000746200000, 0x0000000746200000, 0x0000000746400000|  0%| F|  |TAMS 0x0000000746200000, 0x0000000746200000| Untracked 
|  34|0x0000000746400000, 0x0000000746400000, 0x0000000746600000|  0%| F|  |TAMS 0x0000000746400000, 0x0000000746400000| Untracked 
|  35|0x0000000746600000, 0x0000000746600000, 0x0000000746800000|  0%| F|  |TAMS 0x0000000746600000, 0x0000000746600000| Untracked 
|  36|0x0000000746800000, 0x0000000746800000, 0x0000000746a00000|  0%| F|  |TAMS 0x0000000746800000, 0x0000000746800000| Untracked 
|  37|0x0000000746a00000, 0x0000000746a00000, 0x0000000746c00000|  0%| F|  |TAMS 0x0000000746a00000, 0x0000000746a00000| Untracked 
|  38|0x0000000746c00000, 0x0000000746c00000, 0x0000000746e00000|  0%| F|  |TAMS 0x0000000746c00000, 0x0000000746c00000| Untracked 
|  39|0x0000000746e00000, 0x0000000746e00000, 0x0000000747000000|  0%| F|  |TAMS 0x0000000746e00000, 0x0000000746e00000| Untracked 
|  40|0x0000000747000000, 0x0000000747000000, 0x0000000747200000|  0%| F|  |TAMS 0x0000000747000000, 0x0000000747000000| Untracked 
|  41|0x0000000747200000, 0x0000000747200000, 0x0000000747400000|  0%| F|  |TAMS 0x0000000747200000, 0x0000000747200000| Untracked 
|  42|0x0000000747400000, 0x0000000747400000, 0x0000000747600000|  0%| F|  |TAMS 0x0000000747400000, 0x0000000747400000| Untracked 
|  43|0x0000000747600000, 0x0000000747600000, 0x0000000747800000|  0%| F|  |TAMS 0x0000000747600000, 0x0000000747600000| Untracked 
|  44|0x0000000747800000, 0x0000000747800000, 0x0000000747a00000|  0%| F|  |TAMS 0x0000000747800000, 0x0000000747800000| Untracked 
|  45|0x0000000747a00000, 0x0000000747a00000, 0x0000000747c00000|  0%| F|  |TAMS 0x0000000747a00000, 0x0000000747a00000| Untracked 
|  46|0x0000000747c00000, 0x0000000747c00000, 0x0000000747e00000|  0%| F|  |TAMS 0x0000000747c00000, 0x0000000747c00000| Untracked 
|  47|0x0000000747e00000, 0x0000000747e00000, 0x0000000748000000|  0%| F|  |TAMS 0x0000000747e00000, 0x0000000747e00000| Untracked 
|  48|0x0000000748000000, 0x0000000748000000, 0x0000000748200000|  0%| F|  |TAMS 0x0000000748000000, 0x0000000748000000| Untracked 
|  49|0x0000000748200000, 0x0000000748200000, 0x0000000748400000|  0%| F|  |TAMS 0x0000000748200000, 0x0000000748200000| Untracked 
|  50|0x0000000748400000, 0x0000000748400000, 0x0000000748600000|  0%| F|  |TAMS 0x0000000748400000, 0x0000000748400000| Untracked 
|  51|0x0000000748600000, 0x0000000748600000, 0x0000000748800000|  0%| F|  |TAMS 0x0000000748600000, 0x0000000748600000| Untracked 
|  52|0x0000000748800000, 0x0000000748800000, 0x0000000748a00000|  0%| F|  |TAMS 0x0000000748800000, 0x0000000748800000| Untracked 
|  53|0x0000000748a00000, 0x0000000748a00000, 0x0000000748c00000|  0%| F|  |TAMS 0x0000000748a00000, 0x0000000748a00000| Untracked 
|  54|0x0000000748c00000, 0x0000000748c00000, 0x0000000748e00000|  0%| F|  |TAMS 0x0000000748c00000, 0x0000000748c00000| Untracked 
|  55|0x0000000748e00000, 0x0000000748e00000, 0x0000000749000000|  0%| F|  |TAMS 0x0000000748e00000, 0x0000000748e00000| Untracked 
|  56|0x0000000749000000, 0x0000000749000000, 0x0000000749200000|  0%| F|  |TAMS 0x0000000749000000, 0x0000000749000000| Untracked 
|  57|0x0000000749200000, 0x0000000749200000, 0x0000000749400000|  0%| F|  |TAMS 0x0000000749200000, 0x0000000749200000| Untracked 
|  58|0x0000000749400000, 0x0000000749400000, 0x0000000749600000|  0%| F|  |TAMS 0x0000000749400000, 0x0000000749400000| Untracked 
|  59|0x0000000749600000, 0x0000000749600000, 0x0000000749800000|  0%| F|  |TAMS 0x0000000749600000, 0x0000000749600000| Untracked 
|  60|0x0000000749800000, 0x0000000749800000, 0x0000000749a00000|  0%| F|  |TAMS 0x0000000749800000, 0x0000000749800000| Untracked 
|  61|0x0000000749a00000, 0x0000000749a00000, 0x0000000749c00000|  0%| F|  |TAMS 0x0000000749a00000, 0x0000000749a00000| Untracked 
|  62|0x0000000749c00000, 0x0000000749c00000, 0x0000000749e00000|  0%| F|  |TAMS 0x0000000749c00000, 0x0000000749c00000| Untracked 
|  63|0x0000000749e00000, 0x0000000749e00000, 0x000000074a000000|  0%| F|  |TAMS 0x0000000749e00000, 0x0000000749e00000| Untracked 
|  64|0x000000074a000000, 0x000000074a000000, 0x000000074a200000|  0%| F|  |TAMS 0x000000074a000000, 0x000000074a000000| Untracked 
|  65|0x000000074a200000, 0x000000074a200000, 0x000000074a400000|  0%| F|  |TAMS 0x000000074a200000, 0x000000074a200000| Untracked 
|  66|0x000000074a400000, 0x000000074a400000, 0x000000074a600000|  0%| F|  |TAMS 0x000000074a400000, 0x000000074a400000| Untracked 
|  67|0x000000074a600000, 0x000000074a600000, 0x000000074a800000|  0%| F|  |TAMS 0x000000074a600000, 0x000000074a600000| Untracked 
|  68|0x000000074a800000, 0x000000074a800000, 0x000000074aa00000|  0%| F|  |TAMS 0x000000074a800000, 0x000000074a800000| Untracked 
|  69|0x000000074aa00000, 0x000000074aa00000, 0x000000074ac00000|  0%| F|  |TAMS 0x000000074aa00000, 0x000000074aa00000| Untracked 
|  70|0x000000074ac00000, 0x000000074ac00000, 0x000000074ae00000|  0%| F|  |TAMS 0x000000074ac00000, 0x000000074ac00000| Untracked 
|  71|0x000000074ae00000, 0x000000074ae00000, 0x000000074b000000|  0%| F|  |TAMS 0x000000074ae00000, 0x000000074ae00000| Untracked 
|  72|0x000000074b000000, 0x000000074b000000, 0x000000074b200000|  0%| F|  |TAMS 0x000000074b000000, 0x000000074b000000| Untracked 
|  73|0x000000074b200000, 0x000000074b200000, 0x000000074b400000|  0%| F|  |TAMS 0x000000074b200000, 0x000000074b200000| Untracked 
|  74|0x000000074b400000, 0x000000074b400000, 0x000000074b600000|  0%| F|  |TAMS 0x000000074b400000, 0x000000074b400000| Untracked 
|  75|0x000000074b600000, 0x000000074b600000, 0x000000074b800000|  0%| F|  |TAMS 0x000000074b600000, 0x000000074b600000| Untracked 
|  76|0x000000074b800000, 0x000000074b800000, 0x000000074ba00000|  0%| F|  |TAMS 0x000000074b800000, 0x000000074b800000| Untracked 
|  77|0x000000074ba00000, 0x000000074ba00000, 0x000000074bc00000|  0%| F|  |TAMS 0x000000074ba00000, 0x000000074ba00000| Untracked 
|  78|0x000000074bc00000, 0x000000074bc00000, 0x000000074be00000|  0%| F|  |TAMS 0x000000074bc00000, 0x000000074bc00000| Untracked 
|  79|0x000000074be00000, 0x000000074be00000, 0x000000074c000000|  0%| F|  |TAMS 0x000000074be00000, 0x000000074be00000| Untracked 
|  80|0x000000074c000000, 0x000000074c000000, 0x000000074c200000|  0%| F|  |TAMS 0x000000074c000000, 0x000000074c000000| Untracked 
|  81|0x000000074c200000, 0x000000074c200000, 0x000000074c400000|  0%| F|  |TAMS 0x000000074c200000, 0x000000074c200000| Untracked 
|  82|0x000000074c400000, 0x000000074c400000, 0x000000074c600000|  0%| F|  |TAMS 0x000000074c400000, 0x000000074c400000| Untracked 
|  83|0x000000074c600000, 0x000000074c600000, 0x000000074c800000|  0%| F|  |TAMS 0x000000074c600000, 0x000000074c600000| Untracked 
|  84|0x000000074c800000, 0x000000074c800000, 0x000000074ca00000|  0%| F|  |TAMS 0x000000074c800000, 0x000000074c800000| Untracked 
|  85|0x000000074ca00000, 0x000000074ca00000, 0x000000074cc00000|  0%| F|  |TAMS 0x000000074ca00000, 0x000000074ca00000| Untracked 
|  86|0x000000074cc00000, 0x000000074cc00000, 0x000000074ce00000|  0%| F|  |TAMS 0x000000074cc00000, 0x000000074cc00000| Untracked 
|  87|0x000000074ce00000, 0x000000074ce00000, 0x000000074d000000|  0%| F|  |TAMS 0x000000074ce00000, 0x000000074ce00000| Untracked 
|  88|0x000000074d000000, 0x000000074d000000, 0x000000074d200000|  0%| F|  |TAMS 0x000000074d000000, 0x000000074d000000| Untracked 
|  89|0x000000074d200000, 0x000000074d200000, 0x000000074d400000|  0%| F|  |TAMS 0x000000074d200000, 0x000000074d200000| Untracked 
|  90|0x000000074d400000, 0x000000074d5c47a8, 0x000000074d600000| 88%| E|  |TAMS 0x000000074d400000, 0x000000074d400000| Complete 
|  91|0x000000074d600000, 0x000000074d800000, 0x000000074d800000|100%| E|CS|TAMS 0x000000074d600000, 0x000000074d600000| Complete 
|  92|0x000000074d800000, 0x000000074da00000, 0x000000074da00000|100%| E|CS|TAMS 0x000000074d800000, 0x000000074d800000| Complete 
|  93|0x000000074da00000, 0x000000074dc00000, 0x000000074dc00000|100%| E|CS|TAMS 0x000000074da00000, 0x000000074da00000| Complete 
|  94|0x000000074dc00000, 0x000000074de00000, 0x000000074de00000|100%| E|CS|TAMS 0x000000074dc00000, 0x000000074dc00000| Complete 

Card table byte_map: [0x000001fefd270000,0x000001fefd860000] _byte_map_base: 0x000001fef9860000

Marking Bits (Prev, Next): (CMBitMap*) 0x000001fef4a43880, (CMBitMap*) 0x000001fef4a438c0
 Prev Bits: [0x000001fe8f000000, 0x000001fe91f80000)
 Next Bits: [0x000001fe91f80000, 0x000001fe94f00000)

Polling page: 0x000001fef2920000

Metaspace:

Usage:
  Non-class:      1.86 MB used.
      Class:    152.92 KB used.
       Both:      2.01 MB used.

Virtual space:
  Non-class space:       64.00 MB reserved,       1.94 MB (  3%) committed,  1 nodes.
      Class space:        1.00 GB reserved,     256.00 KB ( <1%) committed,  1 nodes.
             Both:        1.06 GB reserved,       2.19 MB ( <1%) committed. 

Chunk freelists:
   Non-Class:  3.36 MB
       Class:  3.66 MB
        Both:  7.02 MB

MaxMetaspaceSize: unlimited
CompressedClassSpaceSize: 1.00 GB
Initial GC threshold: 21.00 MB
Current GC threshold: 21.00 MB
CDS: on
MetaspaceReclaimPolicy: balanced
 - commit_granule_bytes: 65536.
 - commit_granule_words: 8192.
 - virtual_space_node_default_size: 8388608.
 - enlarge_chunks_in_place: 1.
 - new_chunks_are_fully_committed: 0.
 - uncommit_free_chunks: 1.
 - use_allocation_guard: 0.


Internal statistics:

num_allocs_failed_limit: 0.
num_arena_births: 76.
num_arena_deaths: 0.
num_vsnodes_births: 2.
num_vsnodes_deaths: 0.
num_space_committed: 35.
num_space_uncommitted: 0.
num_chunks_returned_to_freelist: 0.
num_chunks_taken_from_freelist: 113.
num_chunk_merges: 0.
num_chunk_splits: 77.
num_chunks_enlarged: 50.
num_inconsistent_stats: 0.

CodeHeap 'non-profiled nmethods': size=120000Kb used=175Kb max_used=175Kb free=119824Kb
 bounds [0x000001fe87ad0000, 0x000001fe87d40000, 0x000001fe8f000000]
CodeHeap 'profiled nmethods': size=120000Kb used=740Kb max_used=740Kb free=119259Kb
 bounds [0x000001fe80000000, 0x000001fe80270000, 0x000001fe87530000]
CodeHeap 'non-nmethods': size=5760Kb used=1299Kb max_used=1310Kb free=4460Kb
 bounds [0x000001fe87530000, 0x000001fe877a0000, 0x000001fe87ad0000]
 total_blobs=971 nmethods=531 adapters=351
 compilation: enabled
              stopped_count=0, restarted_count=0
 full_count=0

Compilation events (20 events):
Event: 0.573 Thread 0x000001fe95832360  522       3       java.util.zip.CRC32::update (38 bytes)
Event: 0.577 Thread 0x000001fe95832360 nmethod 522 0x000001fe800b5890 code [0x000001fe800b5a80, 0x000001fe800b5ec8]
Event: 0.577 Thread 0x000001fe95832360  523       3       java.util.zip.CRC32::updateBytes (14 bytes)
Event: 0.579 Thread 0x000001fe95832360 nmethod 523 0x000001fe800b6110 code [0x000001fe800b62e0, 0x000001fe800b66a8]
Event: 0.579 Thread 0x000001fe95832360  524       3       java.util.zip.CRC32::updateBytesCheck (35 bytes)
Event: 0.581 Thread 0x000001fe95832360 nmethod 524 0x000001fe800b6890 code [0x000001fe800b6a60, 0x000001fe800b6dc8]
Event: 0.585 Thread 0x000001fe95832360  525       3       jdk.internal.jimage.ImageStringsReader::hashCode (33 bytes)
Event: 0.585 Thread 0x000001fe95832360 nmethod 525 0x000001fe800b6f90 code [0x000001fe800b7140, 0x000001fe800b72b8]
Event: 0.585 Thread 0x000001fe95832360  526       3       java.util.concurrent.ConcurrentHashMap$BaseIterator::hasNext (13 bytes)
Event: 0.585 Thread 0x000001fe95832360 nmethod 526 0x000001fe800b7390 code [0x000001fe800b7520, 0x000001fe800b7698]
Event: 0.585 Thread 0x000001fe95832360  527       3       java.util.concurrent.ConcurrentHashMap$ValueIterator::next (34 bytes)
Event: 0.586 Thread 0x000001fe95832360 nmethod 527 0x000001fe800b7710 code [0x000001fe800b78e0, 0x000001fe800b7b78]
Event: 0.586 Thread 0x000001fe95832360  529       3       java.util.ArrayList::get (15 bytes)
Event: 0.586 Thread 0x000001fe95832360 nmethod 529 0x000001fe800b7c90 code [0x000001fe800b7e40, 0x000001fe800b8098]
Event: 0.586 Thread 0x000001fe95832360  530       3       java.util.ArrayList::elementData (7 bytes)
Event: 0.586 Thread 0x000001fe95832360 nmethod 530 0x000001fe800b8210 code [0x000001fe800b83a0, 0x000001fe800b84d8]
Event: 0.586 Thread 0x000001fe95832360  531   !   3       jdk.internal.loader.URLClassPath$JarLoader::ensureOpen (36 bytes)
Event: 0.586 Thread 0x000001fe95832360 nmethod 531 0x000001fe800b8590 code [0x000001fe800b8780, 0x000001fe800b8bf8]
Event: 0.587 Thread 0x000001fe95832360  528       3       java.util.Optional::empty (6 bytes)
Event: 0.587 Thread 0x000001fe95832360 nmethod 528 0x000001fe800b8d90 code [0x000001fe800b8f20, 0x000001fe800b9018]

GC Heap History (0 events):
No events

Dll operation events (10 events):
Event: 0.010 Loaded shared library C:\Program Files\Java\jdk-19\bin\java.dll
Event: 0.012 Loaded shared library C:\Program Files\Java\jdk-19\bin\zip.dll
Event: 0.023 Loaded shared library C:\Program Files\Java\jdk-19\bin\jsvml.dll
Event: 0.247 Loaded shared library C:\Program Files\Java\jdk-19\bin\instrument.dll
Event: 0.306 Loaded shared library C:\Program Files\Java\jdk-19\bin\net.dll
Event: 0.308 Loaded shared library C:\Program Files\Java\jdk-19\bin\nio.dll
Event: 0.317 Loaded shared library C:\Program Files\Java\jdk-19\bin\zip.dll
Event: 0.340 Loaded shared library C:\Program Files\Java\jdk-19\bin\verify.dll
Event: 0.437 Loaded shared library C:\Program Files\Java\jdk-19\bin\jimage.dll
Event: 0.521 Loaded shared library C:\Users\User\AppData\Local\Temp\lwjglUser\3.3.1-build-7\lwjgl.dll

Deoptimization events (10 events):
Event: 0.145 Thread 0x000001fef49e1de0 Uncommon trap: trap_request=0xffffff45 fr.pc=0x000001fe87ad4c60 relative=0x00000000000000c0
Event: 0.145 Thread 0x000001fef49e1de0 Uncommon trap: reason=unstable_if action=reinterpret pc=0x000001fe87ad4c60 method=java.lang.String.isLatin1()Z @ 10 c2
Event: 0.145 Thread 0x000001fef49e1de0 DEOPT PACKING pc=0x000001fe87ad4c60 sp=0x000000fe69efdf60
Event: 0.145 Thread 0x000001fef49e1de0 DEOPT UNPACKING pc=0x000001fe87596da3 sp=0x000000fe69efdeb0 mode 2
Event: 0.145 Thread 0x000001fef49e1de0 Uncommon trap: trap_request=0xffffff45 fr.pc=0x000001fe87ad9880 relative=0x0000000000000060
Event: 0.145 Thread 0x000001fef49e1de0 Uncommon trap: reason=unstable_if action=reinterpret pc=0x000001fe87ad9880 method=java.lang.String.isLatin1()Z @ 10 c2
Event: 0.145 Thread 0x000001fef49e1de0 DEOPT PACKING pc=0x000001fe87ad9880 sp=0x000000fe69efdf10
Event: 0.145 Thread 0x000001fef49e1de0 DEOPT UNPACKING pc=0x000001fe87596da3 sp=0x000000fe69efdeb0 mode 2
Event: 0.464 Thread 0x000001fef49e1de0 DEOPT PACKING pc=0x000001fe8000ed6a sp=0x000000fe69efceb0
Event: 0.464 Thread 0x000001fef49e1de0 DEOPT UNPACKING pc=0x000001fe87597543 sp=0x000000fe69efc2d0 mode 0

Classes loaded (20 events):
Event: 0.568 Loading class java/nio/BufferUnderflowException
Event: 0.568 Loading class java/nio/BufferUnderflowException done
Event: 0.568 Loading class org/lwjgl/system/MemoryStack
Event: 0.568 Loading class org/lwjgl/system/MemoryStack done
Event: 0.570 Loading class java/lang/IndexOutOfBoundsException
Event: 0.570 Loading class java/lang/IndexOutOfBoundsException done
Event: 0.570 Loading class org/lwjgl/system/MemoryStack$DebugMemoryStack
Event: 0.570 Loading class org/lwjgl/system/MemoryStack$DebugMemoryStack done
Event: 0.571 Loading class org/lwjgl/system/MemoryStack
Event: 0.571 Loading class org/lwjgl/system/MemoryStack done
Event: 0.571 Loading class org/lwjgl/system/MemoryStack
Event: 0.571 Loading class org/lwjgl/system/MemoryStack done
Event: 0.571 Loading class org/lwjgl/BufferUtils
Event: 0.571 Loading class org/lwjgl/BufferUtils done
Event: 0.572 Loading class org/lwjgl/system/windows/WinBase
Event: 0.572 Loading class org/lwjgl/system/windows/WinBase done
Event: 0.577 Loading class org/lwjgl/system/ThreadLocalUtil
Event: 0.577 Loading class org/lwjgl/system/ThreadLocalUtil done
Event: 0.586 Loading class org/lwjgl/glfw/GLFW$Functions
Event: 0.586 Loading class org/lwjgl/glfw/GLFW$Functions done

Classes unloaded (0 events):
No events

Classes redefined (0 events):
No events

Internal exceptions (20 events):
Event: 0.248 Thread 0x000001fef49e1de0 Exception <a 'java/lang/NoSuchMethodError'{0x000000074dac6c28}: 'void java.lang.invoke.DirectMethodHandle$Holder.invokeStatic(java.lang.Object, java.lang.Object, java.lang.Object)'> (0x000000074dac6c28) 
thrown [s\open\src\hotspot\share\interpreter\linkResolver.cpp, line 774]
Event: 0.256 Thread 0x000001fef49e1de0 Exception <a 'java/lang/NoSuchMethodError'{0x000000074dadf220}: 'java.lang.Object java.lang.invoke.Invokers$Holder.invokeExact_MT(java.lang.Object, java.lang.Object, java.lang.Object, java.lang.Object, java.lang.Object)'> (0x000000074dadf220) 
thrown [s\open\src\hotspot\share\interpreter\linkResolver.cpp, line 774]
Event: 0.408 Thread 0x000001fef49e1de0 Exception <a 'java/lang/NoSuchMethodError'{0x000000074d9ac980}: 'void java.lang.invoke.DirectMethodHandle$Holder.invokeStatic(java.lang.Object, java.lang.Object)'> (0x000000074d9ac980) 
thrown [s\open\src\hotspot\share\interpreter\linkResolver.cpp, line 774]
Event: 0.410 Thread 0x000001fef49e1de0 Exception <a 'java/lang/NoSuchMethodError'{0x000000074d9b7240}: 'void java.lang.System.load(java.lang.String, java.lang.Class)'> (0x000000074d9b7240) 
thrown [s\open\src\hotspot\share\interpreter\linkResolver.cpp, line 774]
Event: 0.410 Thread 0x000001fef49e1de0 Exception <a 'java/lang/NoSuchMethodError'{0x000000074d9b7c40}: 'void java.lang.invoke.DirectMethodHandle$Holder.invokeSpecial(java.lang.Object, java.lang.Object, java.lang.Object)'> (0x000000074d9b7c40) 
thrown [s\open\src\hotspot\share\interpreter\linkResolver.cpp, line 774]
Event: 0.413 Thread 0x000001fef49e1de0 Exception <a 'java/lang/NoSuchMethodError'{0x000000074d9cc278}: 'java.lang.Object java.lang.invoke.DirectMethodHandle$Holder.invokeStatic(java.lang.Object, java.lang.Object, int)'> (0x000000074d9cc278) 
thrown [s\open\src\hotspot\share\interpreter\linkResolver.cpp, line 774]
Event: 0.416 Thread 0x000001fef49e1de0 Exception <a 'java/lang/NoSuchMethodError'{0x000000074d9d7ff8}: 'void java.lang.invoke.DelegatingMethodHandle$Holder.delegate(java.lang.Object, java.lang.Object, int, java.lang.Object)'> (0x000000074d9d7ff8) 
thrown [s\open\src\hotspot\share\interpreter\linkResolver.cpp, line 774]
Event: 0.417 Thread 0x000001fef49e1de0 Exception <a 'java/lang/NoSuchMethodError'{0x000000074d9dbff8}: 'int java.lang.invoke.DirectMethodHandle$Holder.invokeSpecial(java.lang.Object, java.lang.Object, java.lang.Object)'> (0x000000074d9dbff8) 
thrown [s\open\src\hotspot\share\interpreter\linkResolver.cpp, line 774]
Event: 0.425 Thread 0x000001fef49e1de0 Exception <a 'java/lang/NoSuchMethodError'{0x000000074d9f97f0}: 'void java.lang.System.loadLibrary(java.lang.String, java.lang.Class)'> (0x000000074d9f97f0) 
thrown [s\open\src\hotspot\share\interpreter\linkResolver.cpp, line 774]
Event: 0.518 Thread 0x000001fef49e1de0 Exception <a 'sun/nio/fs/WindowsException'{0x000000074d7f89e0}> (0x000000074d7f89e0) 
thrown [s\open\src\hotspot\share\prims\jni.cpp, line 517]
Event: 0.519 Thread 0x000001fef49e1de0 Exception <a 'sun/nio/fs/WindowsException'{0x000000074d7fabb8}> (0x000000074d7fabb8) 
thrown [s\open\src\hotspot\share\prims\jni.cpp, line 517]
Event: 0.545 Thread 0x000001fef49e1de0 Exception <a 'sun/nio/fs/WindowsException'{0x000000074d4865c8}> (0x000000074d4865c8) 
thrown [s\open\src\hotspot\share\prims\jni.cpp, line 517]
Event: 0.545 Thread 0x000001fef49e1de0 Exception <a 'sun/nio/fs/WindowsException'{0x000000074d486928}> (0x000000074d486928) 
thrown [s\open\src\hotspot\share\prims\jni.cpp, line 517]
Event: 0.552 Thread 0x000001fef49e1de0 Exception <a 'java/lang/NoSuchMethodError'{0x000000074d4c7ed8}: 'java.lang.Object java.lang.invoke.DirectMethodHandle$Holder.invokeStaticInit(java.lang.Object)'> (0x000000074d4c7ed8) 
thrown [s\open\src\hotspot\share\interpreter\linkResolver.cpp, line 774]
Event: 0.560 Thread 0x000001fef49e1de0 Exception <a 'java/lang/NoSuchMethodError'{0x000000074d4f70a8}: 'int java.lang.invoke.DirectMethodHandle$Holder.invokeStaticInit(java.lang.Object, java.lang.Object, int, long)'> (0x000000074d4f70a8) 
thrown [s\open\src\hotspot\share\interpreter\linkResolver.cpp, line 774]
Event: 0.561 Thread 0x000001fef49e1de0 Exception <a 'java/lang/NoSuchMethodError'{0x000000074d4fc978}: 'java.lang.Object java.lang.invoke.DirectMethodHandle$Holder.newInvokeSpecial(java.lang.Object, java.lang.Object, int)'> (0x000000074d4fc978) 
thrown [s\open\src\hotspot\share\interpreter\linkResolver.cpp, line 774]
Event: 0.564 Thread 0x000001fef49e1de0 Exception <a 'java/lang/NoSuchMethodError'{0x000000074d510c78}: 'int java.lang.invoke.DirectMethodHandle$Holder.invokeStaticInit(java.lang.Object, java.lang.Object, long, long)'> (0x000000074d510c78) 
thrown [s\open\src\hotspot\share\interpreter\linkResolver.cpp, line 774]
Event: 0.565 Thread 0x000001fef49e1de0 Exception <a 'java/lang/NoSuchMethodError'{0x000000074d516d90}: 'java.lang.Object java.lang.invoke.DirectMethodHandle$Holder.newInvokeSpecial(java.lang.Object, java.lang.Object, long)'> (0x000000074d516d90) 
thrown [s\open\src\hotspot\share\interpreter\linkResolver.cpp, line 774]
Event: 0.565 Thread 0x000001fef49e1de0 Exception <a 'java/lang/NoSuchMethodError'{0x000000074d51b0a0}: 'java.lang.Object java.lang.invoke.Invokers$Holder.linkToTargetMethod(java.lang.Object, long, java.lang.Object)'> (0x000000074d51b0a0) 
thrown [s\open\src\hotspot\share\interpreter\linkResolver.cpp, line 774]
Event: 0.566 Thread 0x000001fef49e1de0 Exception <a 'java/lang/NoSuchMethodError'{0x000000074d522628}: 'int java.lang.invoke.DirectMethodHandle$Holder.invokeStaticInit(java.lang.Object, java.lang.Object, java.lang.Object, long)'> (0x000000074d522628) 
thrown [s\open\src\hotspot\share\interpreter\linkResolver.cpp, line 774]

VM Operations (8 events):
Event: 0.118 Executing VM operation: HandshakeAllThreads
Event: 0.118 Executing VM operation: HandshakeAllThreads done
Event: 0.153 Executing VM operation: ChangeBreakpoints
Event: 0.153 Executing VM operation: ChangeBreakpoints done
Event: 0.245 Executing VM operation: ChangeBreakpoints
Event: 0.245 Executing VM operation: ChangeBreakpoints done
Event: 0.245 Executing VM operation: ChangeBreakpoints
Event: 0.245 Executing VM operation: ChangeBreakpoints done

Events (16 events):
Event: 0.023 Thread 0x000001fef49e1de0 Thread added: 0x000001fef49e1de0
Event: 0.049 Thread 0x000001fe95812c10 Thread added: 0x000001fe95812c10
Event: 0.049 Thread 0x000001fe95813a00 Thread added: 0x000001fe95813a00
Event: 0.050 Thread 0x000001fe95816e80 Thread added: 0x000001fe95816e80
Event: 0.050 Thread 0x000001fe95818b20 Thread added: 0x000001fe95818b20
Event: 0.050 Thread 0x000001fe95819450 Thread added: 0x000001fe95819450
Event: 0.050 Thread 0x000001fe95819ec0 Thread added: 0x000001fe95819ec0
Event: 0.050 Thread 0x000001fe9581ac60 Thread added: 0x000001fe9581ac60
Event: 0.051 Thread 0x000001fe95832360 Thread added: 0x000001fe95832360
Event: 0.051 Thread 0x000001fe958354c0 Thread added: 0x000001fe958354c0
Event: 0.100 Thread 0x000001fe957e5930 Thread added: 0x000001fe957e5930
Event: 0.152 Thread 0x000001fe99d54260 Thread added: 0x000001fe99d54260
Event: 0.153 Thread 0x000001fe99d86260 Thread added: 0x000001fe99d86260
Event: 0.153 Thread 0x000001fe99d8e7d0 Thread added: 0x000001fe99d8e7d0
Event: 0.280 Thread 0x000001fe99dcef80 Thread added: 0x000001fe99dcef80
Event: 0.471 Thread 0x000001fe9a0380e0 Thread added: 0x000001fe9a0380e0


Dynamic libraries:
0x00007ff63b610000 - 0x00007ff63b620000 	C:\Program Files\Java\jdk-19\bin\java.exe
0x00007ffea40f0000 - 0x00007ffea42e6000 	C:\Windows\SYSTEM32\ntdll.dll
0x00007ffea2df0000 - 0x00007ffea2ead000 	C:\Windows\System32\KERNEL32.DLL
0x00007ffea1940000 - 0x00007ffea1c08000 	C:\Windows\System32\KERNELBASE.dll
0x00007ffea1840000 - 0x00007ffea1940000 	C:\Windows\System32\ucrtbase.dll
0x00007ffe9b3c0000 - 0x00007ffe9b3db000 	C:\Program Files\Java\jdk-19\bin\VCRUNTIME140.dll
0x00007ffe9b360000 - 0x00007ffe9b378000 	C:\Program Files\Java\jdk-19\bin\jli.dll
0x00007ffea3080000 - 0x00007ffea312a000 	C:\Windows\System32\ADVAPI32.dll
0x00007ffea3b20000 - 0x00007ffea3bbe000 	C:\Windows\System32\msvcrt.dll
0x00007ffea2fe0000 - 0x00007ffea307b000 	C:\Windows\System32\sechost.dll
0x00007ffea2cc0000 - 0x00007ffea2de4000 	C:\Windows\System32\RPCRT4.dll
0x00007ffea2550000 - 0x00007ffea26f0000 	C:\Windows\System32\USER32.dll
0x00007ffea20b0000 - 0x00007ffea20d2000 	C:\Windows\System32\win32u.dll
0x00007ffe8f6c0000 - 0x00007ffe8f95b000 	C:\Windows\WinSxS\amd64_microsoft.windows.common-controls_6595b64144ccf1df_6.0.19041.488_none_ca04af081b815d21\COMCTL32.dll
0x00007ffea3a80000 - 0x00007ffea3aaa000 	C:\Windows\System32\GDI32.dll
0x00007ffea1c70000 - 0x00007ffea1d79000 	C:\Windows\System32\gdi32full.dll
0x00007ffea1f90000 - 0x00007ffea202d000 	C:\Windows\System32\msvcp_win.dll
0x00007ffe9b4b0000 - 0x00007ffe9b4ba000 	C:\Windows\SYSTEM32\VERSION.dll
0x00007ffea2b70000 - 0x00007ffea2ba0000 	C:\Windows\System32\IMM32.DLL
0x00007ffe9d540000 - 0x00007ffe9d54c000 	C:\Program Files\Java\jdk-19\bin\vcruntime140_1.dll
0x00007ffe7b210000 - 0x00007ffe7b29e000 	C:\Program Files\Java\jdk-19\bin\msvcp140.dll
0x00007ffe30980000 - 0x00007ffe31640000 	C:\Program Files\Java\jdk-19\bin\server\jvm.dll
0x00007ffe965b0000 - 0x00007ffe965d7000 	C:\Windows\SYSTEM32\WINMM.dll
0x00007ffe8d520000 - 0x00007ffe8d529000 	C:\Windows\SYSTEM32\WSOCK32.dll
0x00007ffea3130000 - 0x00007ffea319b000 	C:\Windows\System32\WS2_32.dll
0x00007ffe9f790000 - 0x00007ffe9f7a2000 	C:\Windows\SYSTEM32\kernel.appcore.dll
0x00007ffe9d510000 - 0x00007ffe9d51a000 	C:\Program Files\Java\jdk-19\bin\jimage.dll
0x00007ffe8aee0000 - 0x00007ffe8b0c4000 	C:\Windows\SYSTEM32\DBGHELP.DLL
0x00007ffe8ae50000 - 0x00007ffe8ae7c000 	C:\Windows\SYSTEM32\dbgcore.DLL
0x00007ffea20e0000 - 0x00007ffea215f000 	C:\Windows\System32\bcryptPrimitives.dll
0x00007ffe79d50000 - 0x00007ffe79d8c000 	C:\Program Files\Java\jdk-19\bin\jdwp.dll
0x00007ffe8ca20000 - 0x00007ffe8ca2e000 	C:\Program Files\Java\jdk-19\bin\instrument.dll
0x00007ffe8ca30000 - 0x00007ffe8ca56000 	C:\Program Files\Java\jdk-19\bin\java.dll
0x00007ffe7cf30000 - 0x00007ffe7cf48000 	C:\Program Files\Java\jdk-19\bin\zip.dll
0x00007ffe762c0000 - 0x00007ffe76397000 	C:\Program Files\Java\jdk-19\bin\jsvml.dll
0x00007ffea3340000 - 0x00007ffea3a80000 	C:\Windows\System32\SHELL32.dll
0x00007ffe9f990000 - 0x00007ffea0124000 	C:\Windows\SYSTEM32\windows.storage.dll
0x00007ffea21f0000 - 0x00007ffea2545000 	C:\Windows\System32\combase.dll
0x00007ffea12b0000 - 0x00007ffea12dc000 	C:\Windows\SYSTEM32\Wldp.dll
0x00007ffea3200000 - 0x00007ffea32ae000 	C:\Windows\System32\SHCORE.dll
0x00007ffea4030000 - 0x00007ffea4085000 	C:\Windows\System32\shlwapi.dll
0x00007ffea1770000 - 0x00007ffea1796000 	C:\Windows\SYSTEM32\profapi.dll
0x00007ffe8bf10000 - 0x00007ffe8bf1c000 	C:\Program Files\Java\jdk-19\bin\dt_socket.dll
0x00007ffea0cd0000 - 0x00007ffea0d0b000 	C:\Windows\SYSTEM32\IPHLPAPI.DLL
0x00007ffea1030000 - 0x00007ffea109a000 	C:\Windows\system32\mswsock.dll
0x00007ffe7cea0000 - 0x00007ffe7ceb3000 	C:\Program Files\Java\jdk-19\bin\net.dll
0x00007ffe98f10000 - 0x00007ffe99010000 	C:\Windows\SYSTEM32\WINHTTP.dll
0x00007ffe7b1d0000 - 0x00007ffe7b1e6000 	C:\Program Files\Java\jdk-19\bin\nio.dll
0x00007ffe7cfd0000 - 0x00007ffe7cfe0000 	C:\Program Files\Java\jdk-19\bin\verify.dll
0x00007ffe76240000 - 0x00007ffe762b5000 	C:\Users\User\AppData\Local\Temp\lwjglUser\3.3.1-build-7\lwjgl.dll
0x00007ffe765e0000 - 0x00007ffe76641000 	C:\Users\User\AppData\Local\Temp\lwjglUser\3.3.1-build-7\glfw.dll

dbghelp: loaded successfully - version: 4.0.5 - missing functions: none
symbol engine: initialized successfully - sym options: 0x614 - pdb path: .;C:\Program Files\Java\jdk-19\bin;C:\Windows\SYSTEM32;C:\Windows\WinSxS\amd64_microsoft.windows.common-controls_6595b64144ccf1df_6.0.19041.488_none_ca04af081b815d21;C:\Program Files\Java\jdk-19\bin\server;C:\Users\User\AppData\Local\Temp\lwjglUser\3.3.1-build-7

VM Arguments:
jvm_args: -agentlib:jdwp=transport=dt_socket,address=127.0.0.1:58416,suspend=y,server=n -javaagent:C:\Users\User\AppData\Local\JetBrains\IdeaIC2022.2\captureAgent\debugger-agent.jar -Dfile.encoding=UTF-8 -Dsun.stdout.encoding=UTF-8 -Dsun.stderr.encoding=UTF-8 
java_command: main.gameengine.GameEngine
java_class_path (initial): D:\Usage\HIAST\OpenGL\out\production\OpenGL;D:\Programs and Frameworks\libs\lwjgl.jar;D:\Programs and Frameworks\libs\lwjgl-par.jar;D:\Programs and Frameworks\libs\lwjgl-stb.jar;D:\Programs and Frameworks\libs\lwjgl-bgfx.jar;D:\Programs and Frameworks\libs\lwjgl-glfw.jar;D:\Programs and Frameworks\libs\joml-1.10.5.jar;D:\Programs and Frameworks\libs\lwjgl-assimp.jar;D:\Programs and Frameworks\libs\lwjgl-nanovg.jar;D:\Programs and Frameworks\libs\lwjgl-openal.jar;D:\Programs and Frameworks\libs\lwjgl-opengl.jar;D:\Programs and Frameworks\libs\lwjgl-vulkan.jar;D:\Programs and Frameworks\libs\lwjgl-javadoc.jar;D:\Programs and Frameworks\libs\lwjgl-nuklear.jar;D:\Programs and Frameworks\libs\lwjgl-sources.jar;D:\Programs and Frameworks\libs\slick-util(1).jar;D:\Programs and Frameworks\libs\lwjgl-par-javadoc.jar;D:\Programs and Frameworks\libs\lwjgl-par-sources.jar;D:\Programs and Frameworks\libs\lwjgl-stb-javadoc.jar;D:\Programs and Frameworks\libs\lwjgl-stb-sources.jar;D:\Programs and Frameworks\libs\lwjgl-bgfx-javadoc.jar;D:\Programs and Frameworks\libs\lwjgl-bgfx-sources.jar;D:\Programs and Frameworks\libs\lwjgl-glfw-javadoc.jar;D:\Programs and Frameworks\libs\lwjgl-glfw-sources.jar;D:\Programs and Frameworks\libs\joml-1.10.5-javadoc.jar;D:\Programs and Frameworks\libs\joml-1.10.5-sources.jar;D:\Programs and Frameworks\libs\lwjgl-assimp-javadoc.jar;D:\Programs and Frameworks\libs\lwjgl-assimp-sources.jar;D:\Programs and Frameworks\libs\lwjgl-nanovg-javadoc.jar;D:\Programs and Frameworks\libs\lwjgl-nanovg-sources.jar;D:\Programs and Frameworks\libs\lwjgl-openal-javadoc.jar;D:\Programs and Frameworks\libs\lwjgl-openal-sources.jar;D:\Programs and Frameworks\libs\lwjgl-opengl-javadoc.jar;D:\Programs and Frameworks\libs\lwjgl-opengl-sources.jar;D:\Programs and Frameworks\libs\lwjgl-vulkan-javadoc.jar;D:\Programs and Frameworks\libs\lwjgl-vulkan-sources.jar;D:\Programs and Frameworks\libs\lwjgl-natives-windows.jar;D:\Programs and Frameworks\libs\lwjgl-nuklear-javadoc.jar;D:\Programs and Frameworks\libs\lwjgl-nuklear-sources.jar;D:\Programs and Frameworks\libs\lwjgl-natives-windows-x86.jar;D:\Programs and Frameworks\libs\lwjgl-par-natives-windows.jar;D:\Programs and Frameworks\libs\lwjgl-stb-natives-windows.jar;D:\Programs and Frameworks\libs\lwjgl-bgfx-natives-windows.jar;D:\Programs and Frameworks\libs\lwjgl-glfw-natives-windows.jar;D:\Programs and Frameworks\libs\lwjgl-assimp-natives-windows.jar;D:\Programs and Frameworks\libs\lwjgl-nanovg-natives-windows.jar;D:\Programs and Frameworks\libs\lwjgl-openal-natives-windows.jar;D:\Programs and Frameworks\libs\lwjgl-opengl-natives-windows.jar;D:\Programs and Frameworks\libs\lwjgl-nuklear-natives-windows.jar;D:\Programs and Frameworks\libs\lwjgl-par-natives-windows-x86.jar;D:\Programs and Frameworks\libs\lwjgl-stb-natives-windows-x86.jar;D:\Programs and Frameworks\libs\lwjgl-bgfx-natives-windows-x86.jar;D:\Programs and Frameworks\libs\lwjgl-glfw-natives-windows-x86.jar;D:\Programs and Frameworks\libs\lwjgl-assimp-natives-windows-x86.jar;D:\Programs and Frameworks\libs\lwjgl-nanovg-natives-windows-x86.jar;D:\Programs and Frameworks\libs\lwjgl-openal-natives-windows-x86.jar;D:\Programs and Frameworks\libs\lwjgl-opengl-natives-windows-x86.jar;D:\Programs and Frameworks\libs\lwjgl-nuklear-natives-windows-x86.jar;C:\Program Files\JetBrains\IntelliJ IDEA Community Edition 2022.2.2\lib\idea_rt.jar
Launcher Type: SUN_STANDARD

[Global flags]
     intx CICompilerCount                          = 4                                         {product} {ergonomic}
     uint ConcGCThreads                            = 2                                         {product} {ergonomic}
     uint G1ConcRefinementThreads                  = 8                                         {product} {ergonomic}
   size_t G1HeapRegionSize                         = 2097152                                   {product} {ergonomic}
    uintx GCDrainStackTargetSize                   = 64                                        {product} {ergonomic}
   size_t InitialHeapSize                          = 199229440                                 {product} {ergonomic}
   size_t MarkStackSize                            = 4194304                                   {product} {ergonomic}
   size_t MaxHeapSize                              = 3187671040                                {product} {ergonomic}
   size_t MaxNewSize                               = 1912602624                                {product} {ergonomic}
   size_t MinHeapDeltaBytes                        = 2097152                                   {product} {ergonomic}
   size_t MinHeapSize                              = 8388608                                   {product} {ergonomic}
    uintx NonNMethodCodeHeapSize                   = 5839372                                {pd product} {ergonomic}
    uintx NonProfiledCodeHeapSize                  = 122909434                              {pd product} {ergonomic}
    uintx ProfiledCodeHeapSize                     = 122909434                              {pd product} {ergonomic}
    uintx ReservedCodeCacheSize                    = 251658240                              {pd product} {ergonomic}
     bool SegmentedCodeCache                       = true                                      {product} {ergonomic}
   size_t SoftMaxHeapSize                          = 3187671040                             {manageable} {ergonomic}
     bool UseCompressedClassPointers               = true                           {product lp64_product} {ergonomic}
     bool UseCompressedOops                        = true                           {product lp64_product} {ergonomic}
     bool UseG1GC                                  = true                                      {product} {ergonomic}
     bool UseLargePagesIndividualAllocation        = false                                  {pd product} {ergonomic}

Logging:
Log output configuration:
 #0: stdout all=warning uptime,level,tags foldmultilines=false
 #1: stderr all=off uptime,level,tags foldmultilines=false

Environment Variables:
PATH=C:\Program Files\Common Files\Oracle\Java\javapath;C:\oraclexe\app\oracle\product\11.2.0\server\bin;;C:\Program Files (x86)\Common Files\Oracle\Java\javapath;C:\Windows\system32;C:\Windows;C:\Windows\System32\Wbem;C:\Windows\System32\WindowsPowerShell\v1.0\;C:\Windows\System32\OpenSSH\;C:\Program Files (x86)\NVIDIA Corporation\PhysX\Common;C:\Program Files\Microsoft VS Code\bin;C:\Program Files\MATLAB\R2018a\runtime\win64;C:\Program Files\MATLAB\R2018a\bin;C:\xampp\php;C:\ProgramData\ComposerSetup\bin;C:\xampp\htdocs\TEST_PRO\Brand\bin\bin;C:\Program Files (x86)\CodeBlocks\MinGW\bin;C:\Program Files\Java\jdk1.8.0_171\bin;C:\flutter\bin;C:\Program Files\Git\cmd;C:\Program Files (x86)\SMLNJ\bin\;C:\Program Files\Microsoft SQL Server\130\Tools\Binn\;C:\Program Files\Microsoft SQL Server\Client SDK\ODBC\170\Tools\Binn\;C:\Program Files\Microsoft SQL Server\Client SDK\ODBC\110\Tools\Binn\;C:\Program Files (x86)\Microsoft SQL Server\120\Tools\Binn\;C:\Program Files\Microsoft SQL Server\120\Tools\Binn\;C:\Program Files\Microsoft SQL Server\120\DTS\Binn\;C:\Program Files (x86)\Microsoft SQL Server\120\Tools\Binn\ManagementStudio\;C:\Program Files (x86)\Microsoft SQL Server\120\DTS\Binn\;C:\Program Files\dotnet\;C:\Program Files\nodejs\;C:\Users\User\AppData\Local\Microsoft\WindowsApps;C:\Users\User\AppData\Roaming\Composer\vendor\bin;C:\xampp\htdocs\TEST_PRO\Brand\bin\bin;C:\WINDOWS\System32;C:\Users\User\Desktop\assignment_2020-master;C:\flutter\bin;C:\Program Files (x86)\SMLNJ\bin;D:\Programs and Frameworks;C:\Users\User\.dotnet\tools;C:\Users\User\AppData\Roaming\npm
USERNAME=User
OS=Windows_NT
PROCESSOR_IDENTIFIER=Intel64 Family 6 Model 142 Stepping 10, GenuineIntel
TMP=C:\Users\User\AppData\Local\Temp
TEMP=C:\Users\User\AppData\Local\Temp



---------------  S Y S T E M  ---------------

OS:
 Windows 10 , 64 bit Build 19041 (10.0.19041.546)
OS uptime: 4 days 0:50 hours

CPU: total 8 (initial active 8) (4 cores per cpu, 2 threads per core) family 6 model 142 stepping 10 microcode 0xb4, cx8, cmov, fxsr, ht, mmx, 3dnowpref, sse, sse2, sse3, ssse3, sse4.1, sse4.2, popcnt, lzcnt, tsc, tscinvbit, avx, avx2, aes, erms, clmul, bmi1, bmi2, adx, fma, vzeroupper, clflush, clflushopt, rdtscp

Memory: 4k page, system-wide physical 12154M (3552M free)
TotalPageFile size 18369M (AvailPageFile size 2758M)
current process WorkingSet (physical memory assigned to process): 46M, peak: 46M
current process commit charge ("private bytes"): 281M, peak: 281M

vm_info: Java HotSpot(TM) 64-Bit Server VM (19.0.1+10-21) for windows-amd64 JRE (19.0.1+10-21), built on 2022-09-14T12:45:06Z by "mach5one" with MS VC++ 17.1 (VS2022)

END.
